
Namespace(batch_size=20, clip=0.25, cuda=True, data='./data/penn', dict=None, dropout=0.2, emsize=200, epochs=40, log_interval=200, lr=1.0, lr_decay=2, nce=False, nhid=200, nlayers=2, noise_ratio=10, norm_term=9, prof=False, save='ce.pt', seed=1111, tb_name=None, train=True, weight_decay=1e-05)
Vocabulary size is 10001
RNNModel(
  (drop): Dropout(p=0.2)
  (encoder): Embedding(10001, 200)
  (rnn): LSTM(200, 200, num_layers=2, batch_first=True, dropout=0.2)
  (criterion): NCELoss(
    (ce_loss): CrossEntropyLoss(
    )
    (index_module): IndexLinear(in_features=200, out_features=10001)
  )
)
| epoch   1 |   200/ 2104 batches | lr 1.00 | loss  6.90 | ppl   988.24
---------------------------------------------------------------------------------------
| epoch   1 |   400/ 2104 batches | lr 1.00 | loss  6.39 | ppl   598.80
---------------------------------------------------------------------------------------
| epoch   1 |   600/ 2104 batches | lr 1.00 | loss  6.14 | ppl   464.40
---------------------------------------------------------------------------------------
| epoch   1 |   800/ 2104 batches | lr 1.00 | loss  5.96 | ppl   388.78
---------------------------------------------------------------------------------------
| epoch   1 |  1000/ 2104 batches | lr 1.00 | loss  5.82 | ppl   335.75
---------------------------------------------------------------------------------------
| epoch   1 |  1200/ 2104 batches | lr 1.00 | loss  5.73 | ppl   308.78
---------------------------------------------------------------------------------------
| epoch   1 |  1400/ 2104 batches | lr 1.00 | loss  5.68 | ppl   294.27
---------------------------------------------------------------------------------------
| epoch   1 |  1600/ 2104 batches | lr 1.00 | loss  5.58 | ppl   266.36
---------------------------------------------------------------------------------------
| epoch   1 |  1800/ 2104 batches | lr 1.00 | loss  5.54 | ppl   254.77
---------------------------------------------------------------------------------------
| epoch   1 |  2000/ 2104 batches | lr 1.00 | loss  5.48 | ppl   239.76
---------------------------------------------------------------------------------------
-----------------------------------------------------------------------------------------
| end of epoch   1 | time: 28.51s |valid ppl   215.16
-----------------------------------------------------------------------------------------
| epoch   2 |   200/ 2104 batches | lr 1.00 | loss  5.39 | ppl   219.28
---------------------------------------------------------------------------------------
| epoch   2 |   400/ 2104 batches | lr 1.00 | loss  5.35 | ppl   210.83
---------------------------------------------------------------------------------------
| epoch   2 |   600/ 2104 batches | lr 1.00 | loss  5.29 | ppl   199.08
---------------------------------------------------------------------------------------
| epoch   2 |   800/ 2104 batches | lr 1.00 | loss  5.31 | ppl   202.71
---------------------------------------------------------------------------------------
| epoch   2 |  1000/ 2104 batches | lr 1.00 | loss  5.29 | ppl   198.11
---------------------------------------------------------------------------------------
| epoch   2 |  1200/ 2104 batches | lr 1.00 | loss  5.25 | ppl   191.48
---------------------------------------------------------------------------------------
| epoch   2 |  1400/ 2104 batches | lr 1.00 | loss  5.25 | ppl   190.60
---------------------------------------------------------------------------------------
| epoch   2 |  1600/ 2104 batches | lr 1.00 | loss  5.25 | ppl   189.72
---------------------------------------------------------------------------------------
| epoch   2 |  1800/ 2104 batches | lr 1.00 | loss  5.22 | ppl   185.19
---------------------------------------------------------------------------------------
| epoch   2 |  2000/ 2104 batches | lr 1.00 | loss  5.21 | ppl   182.40
---------------------------------------------------------------------------------------
-----------------------------------------------------------------------------------------
| end of epoch   2 | time: 28.71s |valid ppl   170.93
-----------------------------------------------------------------------------------------
| epoch   3 |   200/ 2104 batches | lr 1.00 | loss  5.10 | ppl   163.93
---------------------------------------------------------------------------------------
| epoch   3 |   400/ 2104 batches | lr 1.00 | loss  5.09 | ppl   163.02
---------------------------------------------------------------------------------------
| epoch   3 |   600/ 2104 batches | lr 1.00 | loss  5.08 | ppl   161.15
---------------------------------------------------------------------------------------
| epoch   3 |   800/ 2104 batches | lr 1.00 | loss  5.08 | ppl   160.16
---------------------------------------------------------------------------------------
| epoch   3 |  1000/ 2104 batches | lr 1.00 | loss  5.08 | ppl   160.46
---------------------------------------------------------------------------------------
| epoch   3 |  1200/ 2104 batches | lr 1.00 | loss  5.10 | ppl   164.30
---------------------------------------------------------------------------------------
| epoch   3 |  1400/ 2104 batches | lr 1.00 | loss  5.05 | ppl   156.12
---------------------------------------------------------------------------------------
| epoch   3 |  1600/ 2104 batches | lr 1.00 | loss  5.05 | ppl   155.53
---------------------------------------------------------------------------------------
| epoch   3 |  1800/ 2104 batches | lr 1.00 | loss  5.05 | ppl   155.48
---------------------------------------------------------------------------------------
| epoch   3 |  2000/ 2104 batches | lr 1.00 | loss  5.02 | ppl   151.64
---------------------------------------------------------------------------------------
-----------------------------------------------------------------------------------------
| end of epoch   3 | time: 28.35s |valid ppl   151.43
-----------------------------------------------------------------------------------------
| epoch   4 |   200/ 2104 batches | lr 1.00 | loss  4.96 | ppl   143.26
---------------------------------------------------------------------------------------
| epoch   4 |   400/ 2104 batches | lr 1.00 | loss  4.94 | ppl   139.14
---------------------------------------------------------------------------------------
| epoch   4 |   600/ 2104 batches | lr 1.00 | loss  4.91 | ppl   135.84
---------------------------------------------------------------------------------------
| epoch   4 |   800/ 2104 batches | lr 1.00 | loss  4.94 | ppl   139.14
---------------------------------------------------------------------------------------
| epoch   4 |  1000/ 2104 batches | lr 1.00 | loss  4.97 | ppl   143.49
---------------------------------------------------------------------------------------
| epoch   4 |  1200/ 2104 batches | lr 1.00 | loss  4.98 | ppl   144.79
---------------------------------------------------------------------------------------
| epoch   4 |  1400/ 2104 batches | lr 1.00 | loss  4.95 | ppl   140.64
---------------------------------------------------------------------------------------
| epoch   4 |  1600/ 2104 batches | lr 1.00 | loss  4.95 | ppl   141.49
---------------------------------------------------------------------------------------
| epoch   4 |  1800/ 2104 batches | lr 1.00 | loss  4.96 | ppl   142.29
---------------------------------------------------------------------------------------
| epoch   4 |  2000/ 2104 batches | lr 1.00 | loss  4.95 | ppl   141.01
---------------------------------------------------------------------------------------
-----------------------------------------------------------------------------------------
| end of epoch   4 | time: 28.40s |valid ppl   141.64
-----------------------------------------------------------------------------------------
| epoch   5 |   200/ 2104 batches | lr 1.00 | loss  4.85 | ppl   127.73
---------------------------------------------------------------------------------------
| epoch   5 |   400/ 2104 batches | lr 1.00 | loss  4.86 | ppl   128.65
---------------------------------------------------------------------------------------
| epoch   5 |   600/ 2104 batches | lr 1.00 | loss  4.85 | ppl   127.25
---------------------------------------------------------------------------------------
| epoch   5 |   800/ 2104 batches | lr 1.00 | loss  4.86 | ppl   129.59
---------------------------------------------------------------------------------------
| epoch   5 |  1000/ 2104 batches | lr 1.00 | loss  4.89 | ppl   133.27
---------------------------------------------------------------------------------------
| epoch   5 |  1200/ 2104 batches | lr 1.00 | loss  4.86 | ppl   128.65
---------------------------------------------------------------------------------------
| epoch   5 |  1400/ 2104 batches | lr 1.00 | loss  4.86 | ppl   129.08
---------------------------------------------------------------------------------------
| epoch   5 |  1600/ 2104 batches | lr 1.00 | loss  4.88 | ppl   131.44
---------------------------------------------------------------------------------------
| epoch   5 |  1800/ 2104 batches | lr 1.00 | loss  4.87 | ppl   130.71
---------------------------------------------------------------------------------------
| epoch   5 |  2000/ 2104 batches | lr 1.00 | loss  4.86 | ppl   129.21
---------------------------------------------------------------------------------------
-----------------------------------------------------------------------------------------
| end of epoch   5 | time: 28.38s |valid ppl   133.17
-----------------------------------------------------------------------------------------
| epoch   6 |   200/ 2104 batches | lr 1.00 | loss  4.77 | ppl   117.75
---------------------------------------------------------------------------------------
| epoch   6 |   400/ 2104 batches | lr 1.00 | loss  4.78 | ppl   119.34
---------------------------------------------------------------------------------------
| epoch   6 |   600/ 2104 batches | lr 1.00 | loss  4.78 | ppl   118.99
---------------------------------------------------------------------------------------
| epoch   6 |   800/ 2104 batches | lr 1.00 | loss  4.79 | ppl   120.21
---------------------------------------------------------------------------------------
| epoch   6 |  1000/ 2104 batches | lr 1.00 | loss  4.81 | ppl   122.28
---------------------------------------------------------------------------------------
| epoch   6 |  1200/ 2104 batches | lr 1.00 | loss  4.85 | ppl   128.34
---------------------------------------------------------------------------------------
| epoch   6 |  1400/ 2104 batches | lr 1.00 | loss  4.80 | ppl   121.77
---------------------------------------------------------------------------------------
| epoch   6 |  1600/ 2104 batches | lr 1.00 | loss  4.82 | ppl   123.61
---------------------------------------------------------------------------------------
| epoch   6 |  1800/ 2104 batches | lr 1.00 | loss  4.80 | ppl   121.37
---------------------------------------------------------------------------------------
| epoch   6 |  2000/ 2104 batches | lr 1.00 | loss  4.83 | ppl   124.87
---------------------------------------------------------------------------------------
-----------------------------------------------------------------------------------------
| end of epoch   6 | time: 28.67s |valid ppl   129.78
-----------------------------------------------------------------------------------------
| epoch   7 |   200/ 2104 batches | lr 1.00 | loss  4.73 | ppl   112.87
---------------------------------------------------------------------------------------
| epoch   7 |   400/ 2104 batches | lr 1.00 | loss  4.70 | ppl   109.56
---------------------------------------------------------------------------------------
| epoch   7 |   600/ 2104 batches | lr 1.00 | loss  4.73 | ppl   113.63
---------------------------------------------------------------------------------------
| epoch   7 |   800/ 2104 batches | lr 1.00 | loss  4.73 | ppl   112.97
---------------------------------------------------------------------------------------
| epoch   7 |  1000/ 2104 batches | lr 1.00 | loss  4.77 | ppl   117.67
---------------------------------------------------------------------------------------
| epoch   7 |  1200/ 2104 batches | lr 1.00 | loss  4.77 | ppl   118.05
---------------------------------------------------------------------------------------
| epoch   7 |  1400/ 2104 batches | lr 1.00 | loss  4.80 | ppl   121.27
---------------------------------------------------------------------------------------
| epoch   7 |  1600/ 2104 batches | lr 1.00 | loss  4.75 | ppl   116.12
---------------------------------------------------------------------------------------
| epoch   7 |  1800/ 2104 batches | lr 1.00 | loss  4.77 | ppl   117.98
---------------------------------------------------------------------------------------
| epoch   7 |  2000/ 2104 batches | lr 1.00 | loss  4.79 | ppl   119.78
---------------------------------------------------------------------------------------
-----------------------------------------------------------------------------------------
| end of epoch   7 | time: 28.39s |valid ppl   127.21
-----------------------------------------------------------------------------------------
| epoch   8 |   200/ 2104 batches | lr 1.00 | loss  4.65 | ppl   104.46
---------------------------------------------------------------------------------------
| epoch   8 |   400/ 2104 batches | lr 1.00 | loss  4.70 | ppl   110.08
---------------------------------------------------------------------------------------
| epoch   8 |   600/ 2104 batches | lr 1.00 | loss  4.69 | ppl   108.67
---------------------------------------------------------------------------------------
| epoch   8 |   800/ 2104 batches | lr 1.00 | loss  4.72 | ppl   112.39
---------------------------------------------------------------------------------------
| epoch   8 |  1000/ 2104 batches | lr 1.00 | loss  4.71 | ppl   110.87
---------------------------------------------------------------------------------------
| epoch   8 |  1200/ 2104 batches | lr 1.00 | loss  4.71 | ppl   111.18
---------------------------------------------------------------------------------------
| epoch   8 |  1400/ 2104 batches | lr 1.00 | loss  4.73 | ppl   112.88
---------------------------------------------------------------------------------------
| epoch   8 |  1600/ 2104 batches | lr 1.00 | loss  4.74 | ppl   114.46
---------------------------------------------------------------------------------------
| epoch   8 |  1800/ 2104 batches | lr 1.00 | loss  4.74 | ppl   114.03
---------------------------------------------------------------------------------------
| epoch   8 |  2000/ 2104 batches | lr 1.00 | loss  4.76 | ppl   116.70
---------------------------------------------------------------------------------------
-----------------------------------------------------------------------------------------
| end of epoch   8 | time: 28.43s |valid ppl   123.37
-----------------------------------------------------------------------------------------
| epoch   9 |   200/ 2104 batches | lr 1.00 | loss  4.63 | ppl   102.24
---------------------------------------------------------------------------------------
| epoch   9 |   400/ 2104 batches | lr 1.00 | loss  4.63 | ppl   103.02
---------------------------------------------------------------------------------------
| epoch   9 |   600/ 2104 batches | lr 1.00 | loss  4.67 | ppl   106.83
---------------------------------------------------------------------------------------
| epoch   9 |   800/ 2104 batches | lr 1.00 | loss  4.67 | ppl   106.60
---------------------------------------------------------------------------------------
| epoch   9 |  1000/ 2104 batches | lr 1.00 | loss  4.68 | ppl   107.96
---------------------------------------------------------------------------------------
| epoch   9 |  1200/ 2104 batches | lr 1.00 | loss  4.68 | ppl   107.59
---------------------------------------------------------------------------------------
| epoch   9 |  1400/ 2104 batches | lr 1.00 | loss  4.72 | ppl   112.38
---------------------------------------------------------------------------------------
| epoch   9 |  1600/ 2104 batches | lr 1.00 | loss  4.70 | ppl   109.74
---------------------------------------------------------------------------------------
| epoch   9 |  1800/ 2104 batches | lr 1.00 | loss  4.72 | ppl   112.38
---------------------------------------------------------------------------------------
| epoch   9 |  2000/ 2104 batches | lr 1.00 | loss  4.75 | ppl   115.56
---------------------------------------------------------------------------------------
-----------------------------------------------------------------------------------------
| end of epoch   9 | time: 28.77s |valid ppl   121.46
-----------------------------------------------------------------------------------------
| epoch  10 |   200/ 2104 batches | lr 1.00 | loss  4.62 | ppl   101.37
---------------------------------------------------------------------------------------
| epoch  10 |   400/ 2104 batches | lr 1.00 | loss  4.62 | ppl   101.55
---------------------------------------------------------------------------------------
| epoch  10 |   600/ 2104 batches | lr 1.00 | loss  4.63 | ppl   102.04
---------------------------------------------------------------------------------------
| epoch  10 |   800/ 2104 batches | lr 1.00 | loss  4.66 | ppl   105.15
---------------------------------------------------------------------------------------
| epoch  10 |  1000/ 2104 batches | lr 1.00 | loss  4.65 | ppl   104.62
---------------------------------------------------------------------------------------
| epoch  10 |  1200/ 2104 batches | lr 1.00 | loss  4.66 | ppl   105.51
---------------------------------------------------------------------------------------
| epoch  10 |  1400/ 2104 batches | lr 1.00 | loss  4.66 | ppl   105.84
---------------------------------------------------------------------------------------
| epoch  10 |  1600/ 2104 batches | lr 1.00 | loss  4.68 | ppl   108.13
---------------------------------------------------------------------------------------
| epoch  10 |  1800/ 2104 batches | lr 1.00 | loss  4.72 | ppl   112.68
---------------------------------------------------------------------------------------
| epoch  10 |  2000/ 2104 batches | lr 1.00 | loss  4.71 | ppl   110.82
---------------------------------------------------------------------------------------
-----------------------------------------------------------------------------------------
| end of epoch  10 | time: 28.24s |valid ppl   120.69
-----------------------------------------------------------------------------------------
| epoch  11 |   200/ 2104 batches | lr 1.00 | loss  4.59 | ppl    98.22
---------------------------------------------------------------------------------------
| epoch  11 |   400/ 2104 batches | lr 1.00 | loss  4.61 | ppl   100.35
---------------------------------------------------------------------------------------
| epoch  11 |   600/ 2104 batches | lr 1.00 | loss  4.61 | ppl   100.62
---------------------------------------------------------------------------------------
| epoch  11 |   800/ 2104 batches | lr 1.00 | loss  4.65 | ppl   104.41
---------------------------------------------------------------------------------------
| epoch  11 |  1000/ 2104 batches | lr 1.00 | loss  4.62 | ppl   101.03
---------------------------------------------------------------------------------------
| epoch  11 |  1200/ 2104 batches | lr 1.00 | loss  4.63 | ppl   102.21
---------------------------------------------------------------------------------------
| epoch  11 |  1400/ 2104 batches | lr 1.00 | loss  4.66 | ppl   105.82
---------------------------------------------------------------------------------------
| epoch  11 |  1600/ 2104 batches | lr 1.00 | loss  4.66 | ppl   105.12
---------------------------------------------------------------------------------------
| epoch  11 |  1800/ 2104 batches | lr 1.00 | loss  4.66 | ppl   105.21
---------------------------------------------------------------------------------------
| epoch  11 |  2000/ 2104 batches | lr 1.00 | loss  4.70 | ppl   110.02
---------------------------------------------------------------------------------------
-----------------------------------------------------------------------------------------
| end of epoch  11 | time: 28.48s |valid ppl   118.72
-----------------------------------------------------------------------------------------
| epoch  12 |   200/ 2104 batches | lr 1.00 | loss  4.58 | ppl    97.03
---------------------------------------------------------------------------------------
| epoch  12 |   400/ 2104 batches | lr 1.00 | loss  4.56 | ppl    95.69
---------------------------------------------------------------------------------------
| epoch  12 |   600/ 2104 batches | lr 1.00 | loss  4.59 | ppl    98.82
---------------------------------------------------------------------------------------
| epoch  12 |   800/ 2104 batches | lr 1.00 | loss  4.60 | ppl    99.64
---------------------------------------------------------------------------------------
| epoch  12 |  1000/ 2104 batches | lr 1.00 | loss  4.62 | ppl   101.63
---------------------------------------------------------------------------------------
| epoch  12 |  1200/ 2104 batches | lr 1.00 | loss  4.64 | ppl   103.74
---------------------------------------------------------------------------------------
| epoch  12 |  1400/ 2104 batches | lr 1.00 | loss  4.63 | ppl   102.77
---------------------------------------------------------------------------------------
| epoch  12 |  1600/ 2104 batches | lr 1.00 | loss  4.63 | ppl   102.52
---------------------------------------------------------------------------------------
| epoch  12 |  1800/ 2104 batches | lr 1.00 | loss  4.68 | ppl   107.26
---------------------------------------------------------------------------------------
| epoch  12 |  2000/ 2104 batches | lr 1.00 | loss  4.65 | ppl   104.71
---------------------------------------------------------------------------------------
-----------------------------------------------------------------------------------------
| end of epoch  12 | time: 28.63s |valid ppl   117.55
-----------------------------------------------------------------------------------------
| epoch  13 |   200/ 2104 batches | lr 1.00 | loss  4.55 | ppl    95.03
---------------------------------------------------------------------------------------
| epoch  13 |   400/ 2104 batches | lr 1.00 | loss  4.56 | ppl    95.37
---------------------------------------------------------------------------------------
| epoch  13 |   600/ 2104 batches | lr 1.00 | loss  4.56 | ppl    96.05
---------------------------------------------------------------------------------------
| epoch  13 |   800/ 2104 batches | lr 1.00 | loss  4.59 | ppl    98.17
---------------------------------------------------------------------------------------
| epoch  13 |  1000/ 2104 batches | lr 1.00 | loss  4.61 | ppl   100.19
---------------------------------------------------------------------------------------
| epoch  13 |  1200/ 2104 batches | lr 1.00 | loss  4.59 | ppl    98.79
---------------------------------------------------------------------------------------
| epoch  13 |  1400/ 2104 batches | lr 1.00 | loss  4.62 | ppl   101.44
---------------------------------------------------------------------------------------
| epoch  13 |  1600/ 2104 batches | lr 1.00 | loss  4.63 | ppl   102.54
---------------------------------------------------------------------------------------
| epoch  13 |  1800/ 2104 batches | lr 1.00 | loss  4.61 | ppl   100.89
---------------------------------------------------------------------------------------
| epoch  13 |  2000/ 2104 batches | lr 1.00 | loss  4.67 | ppl   107.00
---------------------------------------------------------------------------------------
-----------------------------------------------------------------------------------------
| end of epoch  13 | time: 28.95s |valid ppl   115.66
-----------------------------------------------------------------------------------------
| epoch  14 |   200/ 2104 batches | lr 1.00 | loss  4.53 | ppl    93.00
---------------------------------------------------------------------------------------
| epoch  14 |   400/ 2104 batches | lr 1.00 | loss  4.50 | ppl    90.32
---------------------------------------------------------------------------------------
| epoch  14 |   600/ 2104 batches | lr 1.00 | loss  4.56 | ppl    95.17
---------------------------------------------------------------------------------------
| epoch  14 |   800/ 2104 batches | lr 1.00 | loss  4.57 | ppl    96.52
---------------------------------------------------------------------------------------
| epoch  14 |  1000/ 2104 batches | lr 1.00 | loss  4.60 | ppl    99.79
---------------------------------------------------------------------------------------
| epoch  14 |  1200/ 2104 batches | lr 1.00 | loss  4.63 | ppl   102.20
---------------------------------------------------------------------------------------
| epoch  14 |  1400/ 2104 batches | lr 1.00 | loss  4.61 | ppl   100.79
---------------------------------------------------------------------------------------
| epoch  14 |  1600/ 2104 batches | lr 1.00 | loss  4.62 | ppl   101.61
---------------------------------------------------------------------------------------
| epoch  14 |  1800/ 2104 batches | lr 1.00 | loss  4.59 | ppl    98.67
---------------------------------------------------------------------------------------
| epoch  14 |  2000/ 2104 batches | lr 1.00 | loss  4.66 | ppl   106.12
---------------------------------------------------------------------------------------
-----------------------------------------------------------------------------------------
| end of epoch  14 | time: 28.38s |valid ppl   115.32
-----------------------------------------------------------------------------------------
| epoch  15 |   200/ 2104 batches | lr 1.00 | loss  4.52 | ppl    92.25
---------------------------------------------------------------------------------------
| epoch  15 |   400/ 2104 batches | lr 1.00 | loss  4.51 | ppl    90.95
---------------------------------------------------------------------------------------
| epoch  15 |   600/ 2104 batches | lr 1.00 | loss  4.54 | ppl    93.57
---------------------------------------------------------------------------------------
| epoch  15 |   800/ 2104 batches | lr 1.00 | loss  4.57 | ppl    96.70
---------------------------------------------------------------------------------------
| epoch  15 |  1000/ 2104 batches | lr 1.00 | loss  4.58 | ppl    97.88
---------------------------------------------------------------------------------------
| epoch  15 |  1200/ 2104 batches | lr 1.00 | loss  4.59 | ppl    98.10
---------------------------------------------------------------------------------------
| epoch  15 |  1400/ 2104 batches | lr 1.00 | loss  4.60 | ppl    99.88
---------------------------------------------------------------------------------------
| epoch  15 |  1600/ 2104 batches | lr 1.00 | loss  4.60 | ppl    99.59
---------------------------------------------------------------------------------------
| epoch  15 |  1800/ 2104 batches | lr 1.00 | loss  4.61 | ppl   100.23
---------------------------------------------------------------------------------------
| epoch  15 |  2000/ 2104 batches | lr 1.00 | loss  4.65 | ppl   104.12
---------------------------------------------------------------------------------------
-----------------------------------------------------------------------------------------
| end of epoch  15 | time: 28.35s |valid ppl   113.77
-----------------------------------------------------------------------------------------
| epoch  16 |   200/ 2104 batches | lr 1.00 | loss  4.50 | ppl    89.86
---------------------------------------------------------------------------------------
| epoch  16 |   400/ 2104 batches | lr 1.00 | loss  4.50 | ppl    90.28
---------------------------------------------------------------------------------------
| epoch  16 |   600/ 2104 batches | lr 1.00 | loss  4.53 | ppl    92.57
---------------------------------------------------------------------------------------
| epoch  16 |   800/ 2104 batches | lr 1.00 | loss  4.56 | ppl    95.21
---------------------------------------------------------------------------------------
| epoch  16 |  1000/ 2104 batches | lr 1.00 | loss  4.56 | ppl    95.34
---------------------------------------------------------------------------------------
| epoch  16 |  1200/ 2104 batches | lr 1.00 | loss  4.60 | ppl    99.17
---------------------------------------------------------------------------------------
| epoch  16 |  1400/ 2104 batches | lr 1.00 | loss  4.60 | ppl    99.84
---------------------------------------------------------------------------------------
| epoch  16 |  1600/ 2104 batches | lr 1.00 | loss  4.60 | ppl    99.76
---------------------------------------------------------------------------------------
| epoch  16 |  1800/ 2104 batches | lr 1.00 | loss  4.58 | ppl    97.44
---------------------------------------------------------------------------------------
| epoch  16 |  2000/ 2104 batches | lr 1.00 | loss  4.60 | ppl    99.98
---------------------------------------------------------------------------------------
-----------------------------------------------------------------------------------------
| end of epoch  16 | time: 28.56s |valid ppl   113.72
-----------------------------------------------------------------------------------------
| epoch  17 |   200/ 2104 batches | lr 1.00 | loss  4.50 | ppl    90.04
---------------------------------------------------------------------------------------
| epoch  17 |   400/ 2104 batches | lr 1.00 | loss  4.51 | ppl    90.82
---------------------------------------------------------------------------------------
| epoch  17 |   600/ 2104 batches | lr 1.00 | loss  4.51 | ppl    90.59
---------------------------------------------------------------------------------------
| epoch  17 |   800/ 2104 batches | lr 1.00 | loss  4.52 | ppl    92.04
---------------------------------------------------------------------------------------
| epoch  17 |  1000/ 2104 batches | lr 1.00 | loss  4.56 | ppl    95.73
---------------------------------------------------------------------------------------
| epoch  17 |  1200/ 2104 batches | lr 1.00 | loss  4.59 | ppl    98.91
---------------------------------------------------------------------------------------
| epoch  17 |  1400/ 2104 batches | lr 1.00 | loss  4.56 | ppl    95.72
---------------------------------------------------------------------------------------
| epoch  17 |  1600/ 2104 batches | lr 1.00 | loss  4.59 | ppl    98.72
---------------------------------------------------------------------------------------
| epoch  17 |  1800/ 2104 batches | lr 1.00 | loss  4.60 | ppl    99.16
---------------------------------------------------------------------------------------
| epoch  17 |  2000/ 2104 batches | lr 1.00 | loss  4.60 | ppl    99.52
---------------------------------------------------------------------------------------
-----------------------------------------------------------------------------------------
| end of epoch  17 | time: 28.28s |valid ppl   114.35
-----------------------------------------------------------------------------------------
| epoch  18 |   200/ 2104 batches | lr 0.50 | loss  4.46 | ppl    86.24
---------------------------------------------------------------------------------------
| epoch  18 |   400/ 2104 batches | lr 0.50 | loss  4.44 | ppl    84.41
---------------------------------------------------------------------------------------
| epoch  18 |   600/ 2104 batches | lr 0.50 | loss  4.41 | ppl    82.28
---------------------------------------------------------------------------------------
| epoch  18 |   800/ 2104 batches | lr 0.50 | loss  4.39 | ppl    80.95
---------------------------------------------------------------------------------------
| epoch  18 |  1000/ 2104 batches | lr 0.50 | loss  4.41 | ppl    81.92
---------------------------------------------------------------------------------------
| epoch  18 |  1200/ 2104 batches | lr 0.50 | loss  4.43 | ppl    83.55
---------------------------------------------------------------------------------------
| epoch  18 |  1400/ 2104 batches | lr 0.50 | loss  4.44 | ppl    85.19
---------------------------------------------------------------------------------------
| epoch  18 |  1600/ 2104 batches | lr 0.50 | loss  4.43 | ppl    84.34
---------------------------------------------------------------------------------------
| epoch  18 |  1800/ 2104 batches | lr 0.50 | loss  4.40 | ppl    81.54
---------------------------------------------------------------------------------------
| epoch  18 |  2000/ 2104 batches | lr 0.50 | loss  4.46 | ppl    86.77
---------------------------------------------------------------------------------------
-----------------------------------------------------------------------------------------
| end of epoch  18 | time: 28.38s |valid ppl   105.90
-----------------------------------------------------------------------------------------
| epoch  19 |   200/ 2104 batches | lr 0.50 | loss  4.37 | ppl    79.08
---------------------------------------------------------------------------------------
| epoch  19 |   400/ 2104 batches | lr 0.50 | loss  4.39 | ppl    80.56
---------------------------------------------------------------------------------------
| epoch  19 |   600/ 2104 batches | lr 0.50 | loss  4.37 | ppl    79.22
---------------------------------------------------------------------------------------
| epoch  19 |   800/ 2104 batches | lr 0.50 | loss  4.37 | ppl    79.36
---------------------------------------------------------------------------------------
| epoch  19 |  1000/ 2104 batches | lr 0.50 | loss  4.38 | ppl    79.82
---------------------------------------------------------------------------------------
| epoch  19 |  1200/ 2104 batches | lr 0.50 | loss  4.40 | ppl    81.66
---------------------------------------------------------------------------------------
| epoch  19 |  1400/ 2104 batches | lr 0.50 | loss  4.41 | ppl    82.17
---------------------------------------------------------------------------------------
| epoch  19 |  1600/ 2104 batches | lr 0.50 | loss  4.44 | ppl    84.51
---------------------------------------------------------------------------------------
| epoch  19 |  1800/ 2104 batches | lr 0.50 | loss  4.41 | ppl    82.07
---------------------------------------------------------------------------------------
| epoch  19 |  2000/ 2104 batches | lr 0.50 | loss  4.43 | ppl    83.76
---------------------------------------------------------------------------------------
-----------------------------------------------------------------------------------------
| end of epoch  19 | time: 28.31s |valid ppl   105.49
-----------------------------------------------------------------------------------------
| epoch  20 |   200/ 2104 batches | lr 0.50 | loss  4.33 | ppl    75.86
---------------------------------------------------------------------------------------
| epoch  20 |   400/ 2104 batches | lr 0.50 | loss  4.35 | ppl    77.22
---------------------------------------------------------------------------------------
| epoch  20 |   600/ 2104 batches | lr 0.50 | loss  4.35 | ppl    77.74
---------------------------------------------------------------------------------------
| epoch  20 |   800/ 2104 batches | lr 0.50 | loss  4.36 | ppl    78.60
---------------------------------------------------------------------------------------
| epoch  20 |  1000/ 2104 batches | lr 0.50 | loss  4.38 | ppl    79.55
---------------------------------------------------------------------------------------
| epoch  20 |  1200/ 2104 batches | lr 0.50 | loss  4.43 | ppl    83.80
---------------------------------------------------------------------------------------
| epoch  20 |  1400/ 2104 batches | lr 0.50 | loss  4.40 | ppl    81.55
---------------------------------------------------------------------------------------
| epoch  20 |  1600/ 2104 batches | lr 0.50 | loss  4.42 | ppl    83.04
---------------------------------------------------------------------------------------
| epoch  20 |  1800/ 2104 batches | lr 0.50 | loss  4.42 | ppl    82.90
---------------------------------------------------------------------------------------
| epoch  20 |  2000/ 2104 batches | lr 0.50 | loss  4.44 | ppl    84.37
---------------------------------------------------------------------------------------
-----------------------------------------------------------------------------------------
| end of epoch  20 | time: 28.71s |valid ppl   105.35
-----------------------------------------------------------------------------------------
| epoch  21 |   200/ 2104 batches | lr 0.50 | loss  4.37 | ppl    79.23
---------------------------------------------------------------------------------------
| epoch  21 |   400/ 2104 batches | lr 0.50 | loss  4.35 | ppl    77.18
---------------------------------------------------------------------------------------
| epoch  21 |   600/ 2104 batches | lr 0.50 | loss  4.37 | ppl    79.10
---------------------------------------------------------------------------------------
| epoch  21 |   800/ 2104 batches | lr 0.50 | loss  4.35 | ppl    77.82
---------------------------------------------------------------------------------------
| epoch  21 |  1000/ 2104 batches | lr 0.50 | loss  4.35 | ppl    77.75
---------------------------------------------------------------------------------------
| epoch  21 |  1200/ 2104 batches | lr 0.50 | loss  4.42 | ppl    83.06
---------------------------------------------------------------------------------------
| epoch  21 |  1400/ 2104 batches | lr 0.50 | loss  4.39 | ppl    80.85
---------------------------------------------------------------------------------------
| epoch  21 |  1600/ 2104 batches | lr 0.50 | loss  4.39 | ppl    80.65
---------------------------------------------------------------------------------------
| epoch  21 |  1800/ 2104 batches | lr 0.50 | loss  4.42 | ppl    82.95
---------------------------------------------------------------------------------------
| epoch  21 |  2000/ 2104 batches | lr 0.50 | loss  4.41 | ppl    81.94
---------------------------------------------------------------------------------------
-----------------------------------------------------------------------------------------
| end of epoch  21 | time: 28.34s |valid ppl   105.41
-----------------------------------------------------------------------------------------
| epoch  22 |   200/ 2104 batches | lr 0.25 | loss  4.30 | ppl    73.56
---------------------------------------------------------------------------------------
| epoch  22 |   400/ 2104 batches | lr 0.25 | loss  4.27 | ppl    71.53
---------------------------------------------------------------------------------------
| epoch  22 |   600/ 2104 batches | lr 0.25 | loss  4.29 | ppl    72.69
---------------------------------------------------------------------------------------
| epoch  22 |   800/ 2104 batches | lr 0.25 | loss  4.29 | ppl    72.85
---------------------------------------------------------------------------------------
| epoch  22 |  1000/ 2104 batches | lr 0.25 | loss  4.33 | ppl    75.73
---------------------------------------------------------------------------------------
| epoch  22 |  1200/ 2104 batches | lr 0.25 | loss  4.31 | ppl    74.45
---------------------------------------------------------------------------------------
| epoch  22 |  1400/ 2104 batches | lr 0.25 | loss  4.30 | ppl    73.68
---------------------------------------------------------------------------------------
| epoch  22 |  1600/ 2104 batches | lr 0.25 | loss  4.31 | ppl    74.50
---------------------------------------------------------------------------------------
| epoch  22 |  1800/ 2104 batches | lr 0.25 | loss  4.33 | ppl    75.90
---------------------------------------------------------------------------------------
| epoch  22 |  2000/ 2104 batches | lr 0.25 | loss  4.34 | ppl    76.36
---------------------------------------------------------------------------------------
-----------------------------------------------------------------------------------------
| end of epoch  22 | time: 28.29s |valid ppl   102.48
-----------------------------------------------------------------------------------------
| epoch  23 |   200/ 2104 batches | lr 0.25 | loss  4.28 | ppl    72.43
---------------------------------------------------------------------------------------
| epoch  23 |   400/ 2104 batches | lr 0.25 | loss  4.24 | ppl    69.63
---------------------------------------------------------------------------------------
| epoch  23 |   600/ 2104 batches | lr 0.25 | loss  4.27 | ppl    71.28
---------------------------------------------------------------------------------------
| epoch  23 |   800/ 2104 batches | lr 0.25 | loss  4.28 | ppl    72.28
---------------------------------------------------------------------------------------
| epoch  23 |  1000/ 2104 batches | lr 0.25 | loss  4.29 | ppl    73.21
---------------------------------------------------------------------------------------
| epoch  23 |  1200/ 2104 batches | lr 0.25 | loss  4.28 | ppl    72.60
---------------------------------------------------------------------------------------
| epoch  23 |  1400/ 2104 batches | lr 0.25 | loss  4.28 | ppl    72.48
---------------------------------------------------------------------------------------
| epoch  23 |  1600/ 2104 batches | lr 0.25 | loss  4.32 | ppl    75.05
---------------------------------------------------------------------------------------
| epoch  23 |  1800/ 2104 batches | lr 0.25 | loss  4.34 | ppl    76.39
---------------------------------------------------------------------------------------
| epoch  23 |  2000/ 2104 batches | lr 0.25 | loss  4.33 | ppl    75.97
---------------------------------------------------------------------------------------
-----------------------------------------------------------------------------------------
| end of epoch  23 | time: 28.66s |valid ppl   102.00
-----------------------------------------------------------------------------------------
| epoch  24 |   200/ 2104 batches | lr 0.25 | loss  4.27 | ppl    71.55
---------------------------------------------------------------------------------------
| epoch  24 |   400/ 2104 batches | lr 0.25 | loss  4.29 | ppl    73.06
---------------------------------------------------------------------------------------
| epoch  24 |   600/ 2104 batches | lr 0.25 | loss  4.25 | ppl    70.44
---------------------------------------------------------------------------------------
| epoch  24 |   800/ 2104 batches | lr 0.25 | loss  4.26 | ppl    70.46
---------------------------------------------------------------------------------------
| epoch  24 |  1000/ 2104 batches | lr 0.25 | loss  4.29 | ppl    72.66
---------------------------------------------------------------------------------------
| epoch  24 |  1200/ 2104 batches | lr 0.25 | loss  4.29 | ppl    72.85
---------------------------------------------------------------------------------------
| epoch  24 |  1400/ 2104 batches | lr 0.25 | loss  4.31 | ppl    74.19
---------------------------------------------------------------------------------------
| epoch  24 |  1600/ 2104 batches | lr 0.25 | loss  4.28 | ppl    72.44
---------------------------------------------------------------------------------------
| epoch  24 |  1800/ 2104 batches | lr 0.25 | loss  4.32 | ppl    75.44
---------------------------------------------------------------------------------------
| epoch  24 |  2000/ 2104 batches | lr 0.25 | loss  4.30 | ppl    74.05
---------------------------------------------------------------------------------------
-----------------------------------------------------------------------------------------
| end of epoch  24 | time: 28.19s |valid ppl   102.11
-----------------------------------------------------------------------------------------
| epoch  25 |   200/ 2104 batches | lr 0.12 | loss  4.24 | ppl    69.73
---------------------------------------------------------------------------------------
| epoch  25 |   400/ 2104 batches | lr 0.12 | loss  4.25 | ppl    69.91
---------------------------------------------------------------------------------------
| epoch  25 |   600/ 2104 batches | lr 0.12 | loss  4.23 | ppl    68.70
---------------------------------------------------------------------------------------
| epoch  25 |   800/ 2104 batches | lr 0.12 | loss  4.23 | ppl    68.44
---------------------------------------------------------------------------------------
| epoch  25 |  1000/ 2104 batches | lr 0.12 | loss  4.25 | ppl    70.27
---------------------------------------------------------------------------------------
| epoch  25 |  1200/ 2104 batches | lr 0.12 | loss  4.23 | ppl    68.43
---------------------------------------------------------------------------------------
| epoch  25 |  1400/ 2104 batches | lr 0.12 | loss  4.26 | ppl    70.56
---------------------------------------------------------------------------------------
| epoch  25 |  1600/ 2104 batches | lr 0.12 | loss  4.25 | ppl    70.38
---------------------------------------------------------------------------------------
| epoch  25 |  1800/ 2104 batches | lr 0.12 | loss  4.27 | ppl    71.42
---------------------------------------------------------------------------------------
| epoch  25 |  2000/ 2104 batches | lr 0.12 | loss  4.25 | ppl    70.25
---------------------------------------------------------------------------------------
-----------------------------------------------------------------------------------------
| end of epoch  25 | time: 28.45s |valid ppl   100.89
-----------------------------------------------------------------------------------------
| epoch  26 |   200/ 2104 batches | lr 0.12 | loss  4.23 | ppl    68.61
---------------------------------------------------------------------------------------
| epoch  26 |   400/ 2104 batches | lr 0.12 | loss  4.24 | ppl    69.33
---------------------------------------------------------------------------------------
| epoch  26 |   600/ 2104 batches | lr 0.12 | loss  4.22 | ppl    67.71
---------------------------------------------------------------------------------------
| epoch  26 |   800/ 2104 batches | lr 0.12 | loss  4.22 | ppl    67.84
---------------------------------------------------------------------------------------
| epoch  26 |  1000/ 2104 batches | lr 0.12 | loss  4.25 | ppl    70.25
---------------------------------------------------------------------------------------
| epoch  26 |  1200/ 2104 batches | lr 0.12 | loss  4.25 | ppl    70.14
---------------------------------------------------------------------------------------
| epoch  26 |  1400/ 2104 batches | lr 0.12 | loss  4.24 | ppl    69.22
---------------------------------------------------------------------------------------
| epoch  26 |  1600/ 2104 batches | lr 0.12 | loss  4.23 | ppl    68.61
---------------------------------------------------------------------------------------
| epoch  26 |  1800/ 2104 batches | lr 0.12 | loss  4.24 | ppl    69.72
---------------------------------------------------------------------------------------
| epoch  26 |  2000/ 2104 batches | lr 0.12 | loss  4.27 | ppl    71.19
---------------------------------------------------------------------------------------
-----------------------------------------------------------------------------------------
| end of epoch  26 | time: 28.42s |valid ppl   100.97
-----------------------------------------------------------------------------------------
| epoch  27 |   200/ 2104 batches | lr 0.06 | loss  4.21 | ppl    67.60
---------------------------------------------------------------------------------------
| epoch  27 |   400/ 2104 batches | lr 0.06 | loss  4.20 | ppl    66.62
---------------------------------------------------------------------------------------
| epoch  27 |   600/ 2104 batches | lr 0.06 | loss  4.21 | ppl    67.37
---------------------------------------------------------------------------------------
| epoch  27 |   800/ 2104 batches | lr 0.06 | loss  4.20 | ppl    66.46
---------------------------------------------------------------------------------------
| epoch  27 |  1000/ 2104 batches | lr 0.06 | loss  4.22 | ppl    67.77
---------------------------------------------------------------------------------------
| epoch  27 |  1200/ 2104 batches | lr 0.06 | loss  4.22 | ppl    67.73
---------------------------------------------------------------------------------------
| epoch  27 |  1400/ 2104 batches | lr 0.06 | loss  4.21 | ppl    67.55
---------------------------------------------------------------------------------------
| epoch  27 |  1600/ 2104 batches | lr 0.06 | loss  4.23 | ppl    68.48
---------------------------------------------------------------------------------------
| epoch  27 |  1800/ 2104 batches | lr 0.06 | loss  4.23 | ppl    68.78
---------------------------------------------------------------------------------------
| epoch  27 |  2000/ 2104 batches | lr 0.06 | loss  4.20 | ppl    66.84
---------------------------------------------------------------------------------------
-----------------------------------------------------------------------------------------
| end of epoch  27 | time: 28.59s |valid ppl   100.38
-----------------------------------------------------------------------------------------
| epoch  28 |   200/ 2104 batches | lr 0.06 | loss  4.20 | ppl    66.95
---------------------------------------------------------------------------------------
| epoch  28 |   400/ 2104 batches | lr 0.06 | loss  4.19 | ppl    66.16
---------------------------------------------------------------------------------------
| epoch  28 |   600/ 2104 batches | lr 0.06 | loss  4.21 | ppl    67.67
---------------------------------------------------------------------------------------
| epoch  28 |   800/ 2104 batches | lr 0.06 | loss  4.19 | ppl    66.08
---------------------------------------------------------------------------------------
| epoch  28 |  1000/ 2104 batches | lr 0.06 | loss  4.20 | ppl    66.45
---------------------------------------------------------------------------------------
| epoch  28 |  1200/ 2104 batches | lr 0.06 | loss  4.22 | ppl    67.80
---------------------------------------------------------------------------------------
| epoch  28 |  1400/ 2104 batches | lr 0.06 | loss  4.19 | ppl    66.31
---------------------------------------------------------------------------------------
| epoch  28 |  1600/ 2104 batches | lr 0.06 | loss  4.21 | ppl    67.51
---------------------------------------------------------------------------------------
| epoch  28 |  1800/ 2104 batches | lr 0.06 | loss  4.22 | ppl    67.81
---------------------------------------------------------------------------------------
| epoch  28 |  2000/ 2104 batches | lr 0.06 | loss  4.24 | ppl    69.72
---------------------------------------------------------------------------------------
-----------------------------------------------------------------------------------------
| end of epoch  28 | time: 28.42s |valid ppl   100.41
-----------------------------------------------------------------------------------------
| epoch  29 |   200/ 2104 batches | lr 0.03 | loss  4.21 | ppl    67.06
---------------------------------------------------------------------------------------
| epoch  29 |   400/ 2104 batches | lr 0.03 | loss  4.19 | ppl    65.91
---------------------------------------------------------------------------------------
| epoch  29 |   600/ 2104 batches | lr 0.03 | loss  4.22 | ppl    68.04
---------------------------------------------------------------------------------------
| epoch  29 |   800/ 2104 batches | lr 0.03 | loss  4.19 | ppl    65.82
---------------------------------------------------------------------------------------
| epoch  29 |  1000/ 2104 batches | lr 0.03 | loss  4.19 | ppl    65.96
---------------------------------------------------------------------------------------
| epoch  29 |  1200/ 2104 batches | lr 0.03 | loss  4.20 | ppl    66.98
---------------------------------------------------------------------------------------
| epoch  29 |  1400/ 2104 batches | lr 0.03 | loss  4.18 | ppl    65.64
---------------------------------------------------------------------------------------
| epoch  29 |  1600/ 2104 batches | lr 0.03 | loss  4.18 | ppl    65.24
---------------------------------------------------------------------------------------
| epoch  29 |  1800/ 2104 batches | lr 0.03 | loss  4.22 | ppl    68.19
---------------------------------------------------------------------------------------
| epoch  29 |  2000/ 2104 batches | lr 0.03 | loss  4.18 | ppl    65.14
---------------------------------------------------------------------------------------
-----------------------------------------------------------------------------------------
| end of epoch  29 | time: 28.41s |valid ppl   100.22
-----------------------------------------------------------------------------------------
| epoch  30 |   200/ 2104 batches | lr 0.03 | loss  4.20 | ppl    66.68
---------------------------------------------------------------------------------------
| epoch  30 |   400/ 2104 batches | lr 0.03 | loss  4.19 | ppl    66.18
---------------------------------------------------------------------------------------
| epoch  30 |   600/ 2104 batches | lr 0.03 | loss  4.20 | ppl    67.01
---------------------------------------------------------------------------------------
| epoch  30 |   800/ 2104 batches | lr 0.03 | loss  4.18 | ppl    65.34
---------------------------------------------------------------------------------------
| epoch  30 |  1000/ 2104 batches | lr 0.03 | loss  4.18 | ppl    65.56
---------------------------------------------------------------------------------------
| epoch  30 |  1200/ 2104 batches | lr 0.03 | loss  4.20 | ppl    66.79
---------------------------------------------------------------------------------------
| epoch  30 |  1400/ 2104 batches | lr 0.03 | loss  4.19 | ppl    66.06
---------------------------------------------------------------------------------------
| epoch  30 |  1600/ 2104 batches | lr 0.03 | loss  4.20 | ppl    66.60
---------------------------------------------------------------------------------------
| epoch  30 |  1800/ 2104 batches | lr 0.03 | loss  4.18 | ppl    65.34
---------------------------------------------------------------------------------------
| epoch  30 |  2000/ 2104 batches | lr 0.03 | loss  4.19 | ppl    66.11
---------------------------------------------------------------------------------------
-----------------------------------------------------------------------------------------
| end of epoch  30 | time: 28.69s |valid ppl   100.25
-----------------------------------------------------------------------------------------
| epoch  31 |   200/ 2104 batches | lr 0.02 | loss  4.21 | ppl    67.17
---------------------------------------------------------------------------------------
| epoch  31 |   400/ 2104 batches | lr 0.02 | loss  4.19 | ppl    66.10
---------------------------------------------------------------------------------------
| epoch  31 |   600/ 2104 batches | lr 0.02 | loss  4.20 | ppl    66.90
---------------------------------------------------------------------------------------
| epoch  31 |   800/ 2104 batches | lr 0.02 | loss  4.14 | ppl    62.66
---------------------------------------------------------------------------------------
| epoch  31 |  1000/ 2104 batches | lr 0.02 | loss  4.18 | ppl    65.22
---------------------------------------------------------------------------------------
| epoch  31 |  1200/ 2104 batches | lr 0.02 | loss  4.19 | ppl    66.12
---------------------------------------------------------------------------------------
| epoch  31 |  1400/ 2104 batches | lr 0.02 | loss  4.20 | ppl    66.49
---------------------------------------------------------------------------------------
| epoch  31 |  1600/ 2104 batches | lr 0.02 | loss  4.18 | ppl    65.53
---------------------------------------------------------------------------------------
| epoch  31 |  1800/ 2104 batches | lr 0.02 | loss  4.19 | ppl    66.22
---------------------------------------------------------------------------------------
| epoch  31 |  2000/ 2104 batches | lr 0.02 | loss  4.18 | ppl    65.42
---------------------------------------------------------------------------------------
-----------------------------------------------------------------------------------------
| end of epoch  31 | time: 28.26s |valid ppl   100.21
-----------------------------------------------------------------------------------------
| epoch  32 |   200/ 2104 batches | lr 0.02 | loss  4.19 | ppl    66.28
---------------------------------------------------------------------------------------
| epoch  32 |   400/ 2104 batches | lr 0.02 | loss  4.16 | ppl    64.05
---------------------------------------------------------------------------------------
| epoch  32 |   600/ 2104 batches | lr 0.02 | loss  4.19 | ppl    66.02
---------------------------------------------------------------------------------------
| epoch  32 |   800/ 2104 batches | lr 0.02 | loss  4.19 | ppl    66.19
---------------------------------------------------------------------------------------
| epoch  32 |  1000/ 2104 batches | lr 0.02 | loss  4.16 | ppl    64.20
---------------------------------------------------------------------------------------
| epoch  32 |  1200/ 2104 batches | lr 0.02 | loss  4.20 | ppl    66.38
---------------------------------------------------------------------------------------
| epoch  32 |  1400/ 2104 batches | lr 0.02 | loss  4.19 | ppl    66.21
---------------------------------------------------------------------------------------
| epoch  32 |  1600/ 2104 batches | lr 0.02 | loss  4.17 | ppl    64.66
---------------------------------------------------------------------------------------
| epoch  32 |  1800/ 2104 batches | lr 0.02 | loss  4.19 | ppl    65.84
---------------------------------------------------------------------------------------
| epoch  32 |  2000/ 2104 batches | lr 0.02 | loss  4.20 | ppl    66.97
---------------------------------------------------------------------------------------
-----------------------------------------------------------------------------------------
| end of epoch  32 | time: 28.35s |valid ppl   100.18
-----------------------------------------------------------------------------------------
| epoch  33 |   200/ 2104 batches | lr 0.02 | loss  4.18 | ppl    65.09
---------------------------------------------------------------------------------------
| epoch  33 |   400/ 2104 batches | lr 0.02 | loss  4.23 | ppl    68.79
---------------------------------------------------------------------------------------
| epoch  33 |   600/ 2104 batches | lr 0.02 | loss  4.16 | ppl    63.81
---------------------------------------------------------------------------------------
| epoch  33 |   800/ 2104 batches | lr 0.02 | loss  4.18 | ppl    65.31
---------------------------------------------------------------------------------------
| epoch  33 |  1000/ 2104 batches | lr 0.02 | loss  4.18 | ppl    65.20
---------------------------------------------------------------------------------------
| epoch  33 |  1200/ 2104 batches | lr 0.02 | loss  4.18 | ppl    65.54
---------------------------------------------------------------------------------------
| epoch  33 |  1400/ 2104 batches | lr 0.02 | loss  4.18 | ppl    65.60
---------------------------------------------------------------------------------------
| epoch  33 |  1600/ 2104 batches | lr 0.02 | loss  4.19 | ppl    65.89
---------------------------------------------------------------------------------------
| epoch  33 |  1800/ 2104 batches | lr 0.02 | loss  4.17 | ppl    64.96
---------------------------------------------------------------------------------------
| epoch  33 |  2000/ 2104 batches | lr 0.02 | loss  4.18 | ppl    65.04
---------------------------------------------------------------------------------------
-----------------------------------------------------------------------------------------
| end of epoch  33 | time: 28.40s |valid ppl   100.20
-----------------------------------------------------------------------------------------
| epoch  34 |   200/ 2104 batches | lr 0.01 | loss  4.22 | ppl    67.86
---------------------------------------------------------------------------------------
| epoch  34 |   400/ 2104 batches | lr 0.01 | loss  4.14 | ppl    63.05
---------------------------------------------------------------------------------------
| epoch  34 |   600/ 2104 batches | lr 0.01 | loss  4.18 | ppl    65.47
---------------------------------------------------------------------------------------
| epoch  34 |   800/ 2104 batches | lr 0.01 | loss  4.17 | ppl    64.85
---------------------------------------------------------------------------------------
| epoch  34 |  1000/ 2104 batches | lr 0.01 | loss  4.17 | ppl    65.04
---------------------------------------------------------------------------------------
| epoch  34 |  1200/ 2104 batches | lr 0.01 | loss  4.16 | ppl    64.10
---------------------------------------------------------------------------------------
| epoch  34 |  1400/ 2104 batches | lr 0.01 | loss  4.18 | ppl    65.68
---------------------------------------------------------------------------------------
| epoch  34 |  1600/ 2104 batches | lr 0.01 | loss  4.19 | ppl    65.89
---------------------------------------------------------------------------------------
| epoch  34 |  1800/ 2104 batches | lr 0.01 | loss  4.19 | ppl    66.07
---------------------------------------------------------------------------------------
| epoch  34 |  2000/ 2104 batches | lr 0.01 | loss  4.19 | ppl    65.94
---------------------------------------------------------------------------------------
-----------------------------------------------------------------------------------------
| end of epoch  34 | time: 28.57s |valid ppl   100.14
-----------------------------------------------------------------------------------------
| epoch  35 |   200/ 2104 batches | lr 0.01 | loss  4.16 | ppl    64.35
---------------------------------------------------------------------------------------
| epoch  35 |   400/ 2104 batches | lr 0.01 | loss  4.19 | ppl    66.00
---------------------------------------------------------------------------------------
| epoch  35 |   600/ 2104 batches | lr 0.01 | loss  4.21 | ppl    67.38
---------------------------------------------------------------------------------------
| epoch  35 |   800/ 2104 batches | lr 0.01 | loss  4.15 | ppl    63.75
---------------------------------------------------------------------------------------
| epoch  35 |  1000/ 2104 batches | lr 0.01 | loss  4.18 | ppl    65.46
---------------------------------------------------------------------------------------
| epoch  35 |  1200/ 2104 batches | lr 0.01 | loss  4.15 | ppl    63.62
---------------------------------------------------------------------------------------
| epoch  35 |  1400/ 2104 batches | lr 0.01 | loss  4.18 | ppl    65.24
---------------------------------------------------------------------------------------
| epoch  35 |  1600/ 2104 batches | lr 0.01 | loss  4.18 | ppl    65.34
---------------------------------------------------------------------------------------
| epoch  35 |  1800/ 2104 batches | lr 0.01 | loss  4.18 | ppl    65.59
---------------------------------------------------------------------------------------
| epoch  35 |  2000/ 2104 batches | lr 0.01 | loss  4.19 | ppl    66.26
---------------------------------------------------------------------------------------
-----------------------------------------------------------------------------------------
| end of epoch  35 | time: 28.34s |valid ppl   100.19
-----------------------------------------------------------------------------------------
| epoch  36 |   200/ 2104 batches | lr 0.00 | loss  4.20 | ppl    66.50
---------------------------------------------------------------------------------------
| epoch  36 |   400/ 2104 batches | lr 0.00 | loss  4.19 | ppl    65.72
---------------------------------------------------------------------------------------
| epoch  36 |   600/ 2104 batches | lr 0.00 | loss  4.16 | ppl    64.03
---------------------------------------------------------------------------------------
| epoch  36 |   800/ 2104 batches | lr 0.00 | loss  4.18 | ppl    65.47
---------------------------------------------------------------------------------------
| epoch  36 |  1000/ 2104 batches | lr 0.00 | loss  4.16 | ppl    64.29
---------------------------------------------------------------------------------------
| epoch  36 |  1200/ 2104 batches | lr 0.00 | loss  4.17 | ppl    64.76
---------------------------------------------------------------------------------------
| epoch  36 |  1400/ 2104 batches | lr 0.00 | loss  4.16 | ppl    64.14
---------------------------------------------------------------------------------------
| epoch  36 |  1600/ 2104 batches | lr 0.00 | loss  4.19 | ppl    65.93
---------------------------------------------------------------------------------------
| epoch  36 |  1800/ 2104 batches | lr 0.00 | loss  4.21 | ppl    67.10
---------------------------------------------------------------------------------------
| epoch  36 |  2000/ 2104 batches | lr 0.00 | loss  4.16 | ppl    64.06
---------------------------------------------------------------------------------------
-----------------------------------------------------------------------------------------
| end of epoch  36 | time: 28.29s |valid ppl   100.15
-----------------------------------------------------------------------------------------
| epoch  37 |   200/ 2104 batches | lr 0.00 | loss  4.20 | ppl    66.36
---------------------------------------------------------------------------------------
| epoch  37 |   400/ 2104 batches | lr 0.00 | loss  4.16 | ppl    63.84
---------------------------------------------------------------------------------------
| epoch  37 |   600/ 2104 batches | lr 0.00 | loss  4.17 | ppl    64.78
---------------------------------------------------------------------------------------
| epoch  37 |   800/ 2104 batches | lr 0.00 | loss  4.18 | ppl    65.42
---------------------------------------------------------------------------------------
| epoch  37 |  1000/ 2104 batches | lr 0.00 | loss  4.20 | ppl    66.80
---------------------------------------------------------------------------------------
| epoch  37 |  1200/ 2104 batches | lr 0.00 | loss  4.17 | ppl    64.56
---------------------------------------------------------------------------------------
| epoch  37 |  1400/ 2104 batches | lr 0.00 | loss  4.17 | ppl    64.52
---------------------------------------------------------------------------------------
| epoch  37 |  1600/ 2104 batches | lr 0.00 | loss  4.16 | ppl    64.38
---------------------------------------------------------------------------------------
| epoch  37 |  1800/ 2104 batches | lr 0.00 | loss  4.16 | ppl    64.35
---------------------------------------------------------------------------------------
| epoch  37 |  2000/ 2104 batches | lr 0.00 | loss  4.18 | ppl    65.37
---------------------------------------------------------------------------------------
-----------------------------------------------------------------------------------------
| end of epoch  37 | time: 28.67s |valid ppl   100.18
-----------------------------------------------------------------------------------------
| epoch  38 |   200/ 2104 batches | lr 0.00 | loss  4.17 | ppl    64.99
---------------------------------------------------------------------------------------
| epoch  38 |   400/ 2104 batches | lr 0.00 | loss  4.16 | ppl    64.28
---------------------------------------------------------------------------------------
| epoch  38 |   600/ 2104 batches | lr 0.00 | loss  4.18 | ppl    65.05
---------------------------------------------------------------------------------------
| epoch  38 |   800/ 2104 batches | lr 0.00 | loss  4.18 | ppl    65.14
---------------------------------------------------------------------------------------
| epoch  38 |  1000/ 2104 batches | lr 0.00 | loss  4.19 | ppl    66.21
---------------------------------------------------------------------------------------
| epoch  38 |  1200/ 2104 batches | lr 0.00 | loss  4.18 | ppl    65.51
---------------------------------------------------------------------------------------
| epoch  38 |  1400/ 2104 batches | lr 0.00 | loss  4.17 | ppl    64.99
---------------------------------------------------------------------------------------
| epoch  38 |  1600/ 2104 batches | lr 0.00 | loss  4.16 | ppl    64.15
---------------------------------------------------------------------------------------
| epoch  38 |  1800/ 2104 batches | lr 0.00 | loss  4.17 | ppl    64.84
---------------------------------------------------------------------------------------
| epoch  38 |  2000/ 2104 batches | lr 0.00 | loss  4.17 | ppl    64.43
---------------------------------------------------------------------------------------
-----------------------------------------------------------------------------------------
| end of epoch  38 | time: 28.24s |valid ppl   100.18
-----------------------------------------------------------------------------------------
| epoch  39 |   200/ 2104 batches | lr 0.00 | loss  4.18 | ppl    65.15
---------------------------------------------------------------------------------------
| epoch  39 |   400/ 2104 batches | lr 0.00 | loss  4.17 | ppl    64.65
---------------------------------------------------------------------------------------
| epoch  39 |   600/ 2104 batches | lr 0.00 | loss  4.19 | ppl    66.12
---------------------------------------------------------------------------------------
| epoch  39 |   800/ 2104 batches | lr 0.00 | loss  4.16 | ppl    64.37
---------------------------------------------------------------------------------------
| epoch  39 |  1000/ 2104 batches | lr 0.00 | loss  4.18 | ppl    65.04
---------------------------------------------------------------------------------------
| epoch  39 |  1200/ 2104 batches | lr 0.00 | loss  4.18 | ppl    65.08
---------------------------------------------------------------------------------------
| epoch  39 |  1400/ 2104 batches | lr 0.00 | loss  4.17 | ppl    64.93
---------------------------------------------------------------------------------------
| epoch  39 |  1600/ 2104 batches | lr 0.00 | loss  4.19 | ppl    66.20
---------------------------------------------------------------------------------------
| epoch  39 |  1800/ 2104 batches | lr 0.00 | loss  4.18 | ppl    65.33
---------------------------------------------------------------------------------------
| epoch  39 |  2000/ 2104 batches | lr 0.00 | loss  4.17 | ppl    64.52
---------------------------------------------------------------------------------------
-----------------------------------------------------------------------------------------
| end of epoch  39 | time: 28.31s |valid ppl   100.17
-----------------------------------------------------------------------------------------
| epoch  40 |   200/ 2104 batches | lr 0.00 | loss  4.20 | ppl    66.66
---------------------------------------------------------------------------------------
| epoch  40 |   400/ 2104 batches | lr 0.00 | loss  4.16 | ppl    64.34
---------------------------------------------------------------------------------------
| epoch  40 |   600/ 2104 batches | lr 0.00 | loss  4.19 | ppl    66.08
---------------------------------------------------------------------------------------
| epoch  40 |   800/ 2104 batches | lr 0.00 | loss  4.17 | ppl    64.45
---------------------------------------------------------------------------------------
| epoch  40 |  1000/ 2104 batches | lr 0.00 | loss  4.17 | ppl    64.51
---------------------------------------------------------------------------------------
| epoch  40 |  1200/ 2104 batches | lr 0.00 | loss  4.17 | ppl    64.72
---------------------------------------------------------------------------------------
| epoch  40 |  1400/ 2104 batches | lr 0.00 | loss  4.18 | ppl    65.55
---------------------------------------------------------------------------------------
| epoch  40 |  1600/ 2104 batches | lr 0.00 | loss  4.17 | ppl    64.44
---------------------------------------------------------------------------------------
| epoch  40 |  1800/ 2104 batches | lr 0.00 | loss  4.16 | ppl    64.37
---------------------------------------------------------------------------------------
| epoch  40 |  2000/ 2104 batches | lr 0.00 | loss  4.17 | ppl    64.85
---------------------------------------------------------------------------------------
-----------------------------------------------------------------------------------------
| end of epoch  40 | time: 28.23s |valid ppl   100.17
-----------------------------------------------------------------------------------------
=========================================================================================
| End of training | test ppl    97.12
==================================================================
