
Namespace(batch_size=20, clip=0.25, cuda=True, data='./data/penn', dict=None, dropout=0.2, emsize=200, epochs=40, log_interval=200, lr=1.0, lr_decay=2, nce=True, nhid=200, nlayers=2, noise_ratio=10, norm_term=9, prof=False, save='nce.pt', seed=1111, tb_name=None, train=True, weight_decay=1e-05)
Vocabulary size is 10001
RNNModel(
  (drop): Dropout(p=0.2)
  (encoder): Embedding(10001, 200)
  (rnn): LSTM(200, 200, num_layers=2, batch_first=True, dropout=0.2)
  (criterion): NCELoss(
    (ce_loss): CrossEntropyLoss(
    )
    (index_module): IndexLinear(in_features=200, out_features=10001)
  )
)
| epoch   1 |   200/ 2104 batches | lr 1.00 | loss  3.81 | ppl    45.23
---------------------------------------------------------------------------------------
| epoch   1 |   400/ 2104 batches | lr 1.00 | loss  3.41 | ppl    30.15
---------------------------------------------------------------------------------------
| epoch   1 |   600/ 2104 batches | lr 1.00 | loss  3.18 | ppl    23.98
---------------------------------------------------------------------------------------
| epoch   1 |   800/ 2104 batches | lr 1.00 | loss  3.01 | ppl    20.26
---------------------------------------------------------------------------------------
| epoch   1 |  1000/ 2104 batches | lr 1.00 | loss  2.91 | ppl    18.28
---------------------------------------------------------------------------------------
| epoch   1 |  1200/ 2104 batches | lr 1.00 | loss  2.85 | ppl    17.28
---------------------------------------------------------------------------------------
| epoch   1 |  1400/ 2104 batches | lr 1.00 | loss  2.80 | ppl    16.42
---------------------------------------------------------------------------------------
| epoch   1 |  1600/ 2104 batches | lr 1.00 | loss  2.74 | ppl    15.48
---------------------------------------------------------------------------------------
| epoch   1 |  1800/ 2104 batches | lr 1.00 | loss  2.70 | ppl    14.92
---------------------------------------------------------------------------------------
| epoch   1 |  2000/ 2104 batches | lr 1.00 | loss  2.66 | ppl    14.30
---------------------------------------------------------------------------------------
-----------------------------------------------------------------------------------------
| end of epoch   1 | time: 57.98s |valid ppl   265.79
-----------------------------------------------------------------------------------------
| epoch   2 |   200/ 2104 batches | lr 1.00 | loss  2.61 | ppl    13.54
---------------------------------------------------------------------------------------
| epoch   2 |   400/ 2104 batches | lr 1.00 | loss  2.57 | ppl    13.12
---------------------------------------------------------------------------------------
| epoch   2 |   600/ 2104 batches | lr 1.00 | loss  2.57 | ppl    13.02
---------------------------------------------------------------------------------------
| epoch   2 |   800/ 2104 batches | lr 1.00 | loss  2.54 | ppl    12.74
---------------------------------------------------------------------------------------
| epoch   2 |  1000/ 2104 batches | lr 1.00 | loss  2.54 | ppl    12.70
---------------------------------------------------------------------------------------
| epoch   2 |  1200/ 2104 batches | lr 1.00 | loss  2.52 | ppl    12.47
---------------------------------------------------------------------------------------
| epoch   2 |  1400/ 2104 batches | lr 1.00 | loss  2.51 | ppl    12.27
---------------------------------------------------------------------------------------
| epoch   2 |  1600/ 2104 batches | lr 1.00 | loss  2.48 | ppl    11.92
---------------------------------------------------------------------------------------
| epoch   2 |  1800/ 2104 batches | lr 1.00 | loss  2.48 | ppl    11.90
---------------------------------------------------------------------------------------
| epoch   2 |  2000/ 2104 batches | lr 1.00 | loss  2.47 | ppl    11.84
---------------------------------------------------------------------------------------
-----------------------------------------------------------------------------------------
| end of epoch   2 | time: 57.78s |valid ppl   211.80
-----------------------------------------------------------------------------------------
| epoch   3 |   200/ 2104 batches | lr 1.00 | loss  2.41 | ppl    11.10
---------------------------------------------------------------------------------------
| epoch   3 |   400/ 2104 batches | lr 1.00 | loss  2.40 | ppl    11.01
---------------------------------------------------------------------------------------
| epoch   3 |   600/ 2104 batches | lr 1.00 | loss  2.39 | ppl    10.96
---------------------------------------------------------------------------------------
| epoch   3 |   800/ 2104 batches | lr 1.00 | loss  2.40 | ppl    11.08
---------------------------------------------------------------------------------------
| epoch   3 |  1000/ 2104 batches | lr 1.00 | loss  2.39 | ppl    10.95
---------------------------------------------------------------------------------------
| epoch   3 |  1200/ 2104 batches | lr 1.00 | loss  2.39 | ppl    10.95
---------------------------------------------------------------------------------------
| epoch   3 |  1400/ 2104 batches | lr 1.00 | loss  2.38 | ppl    10.80
---------------------------------------------------------------------------------------
| epoch   3 |  1600/ 2104 batches | lr 1.00 | loss  2.39 | ppl    10.87
---------------------------------------------------------------------------------------
| epoch   3 |  1800/ 2104 batches | lr 1.00 | loss  2.37 | ppl    10.75
---------------------------------------------------------------------------------------
| epoch   3 |  2000/ 2104 batches | lr 1.00 | loss  2.37 | ppl    10.70
---------------------------------------------------------------------------------------
-----------------------------------------------------------------------------------------
| end of epoch   3 | time: 56.75s |valid ppl   188.02
-----------------------------------------------------------------------------------------
| epoch   4 |   200/ 2104 batches | lr 1.00 | loss  2.32 | ppl    10.12
---------------------------------------------------------------------------------------
| epoch   4 |   400/ 2104 batches | lr 1.00 | loss  2.31 | ppl    10.11
---------------------------------------------------------------------------------------
| epoch   4 |   600/ 2104 batches | lr 1.00 | loss  2.31 | ppl    10.06
---------------------------------------------------------------------------------------
| epoch   4 |   800/ 2104 batches | lr 1.00 | loss  2.33 | ppl    10.23
---------------------------------------------------------------------------------------
| epoch   4 |  1000/ 2104 batches | lr 1.00 | loss  2.31 | ppl    10.08
---------------------------------------------------------------------------------------
| epoch   4 |  1200/ 2104 batches | lr 1.00 | loss  2.30 | ppl     9.99
---------------------------------------------------------------------------------------
| epoch   4 |  1400/ 2104 batches | lr 1.00 | loss  2.30 | ppl    10.00
---------------------------------------------------------------------------------------
| epoch   4 |  1600/ 2104 batches | lr 1.00 | loss  2.31 | ppl    10.08
---------------------------------------------------------------------------------------
| epoch   4 |  1800/ 2104 batches | lr 1.00 | loss  2.31 | ppl    10.04
---------------------------------------------------------------------------------------
| epoch   4 |  2000/ 2104 batches | lr 1.00 | loss  2.32 | ppl    10.20
---------------------------------------------------------------------------------------
-----------------------------------------------------------------------------------------
| end of epoch   4 | time: 55.57s |valid ppl   173.71
-----------------------------------------------------------------------------------------
| epoch   5 |   200/ 2104 batches | lr 1.00 | loss  2.26 | ppl     9.54
---------------------------------------------------------------------------------------
| epoch   5 |   400/ 2104 batches | lr 1.00 | loss  2.25 | ppl     9.49
---------------------------------------------------------------------------------------
| epoch   5 |   600/ 2104 batches | lr 1.00 | loss  2.26 | ppl     9.60
---------------------------------------------------------------------------------------
| epoch   5 |   800/ 2104 batches | lr 1.00 | loss  2.25 | ppl     9.50
---------------------------------------------------------------------------------------
| epoch   5 |  1000/ 2104 batches | lr 1.00 | loss  2.26 | ppl     9.54
---------------------------------------------------------------------------------------
| epoch   5 |  1200/ 2104 batches | lr 1.00 | loss  2.27 | ppl     9.65
---------------------------------------------------------------------------------------
| epoch   5 |  1400/ 2104 batches | lr 1.00 | loss  2.26 | ppl     9.59
---------------------------------------------------------------------------------------
| epoch   5 |  1600/ 2104 batches | lr 1.00 | loss  2.25 | ppl     9.53
---------------------------------------------------------------------------------------
| epoch   5 |  1800/ 2104 batches | lr 1.00 | loss  2.25 | ppl     9.46
---------------------------------------------------------------------------------------
| epoch   5 |  2000/ 2104 batches | lr 1.00 | loss  2.26 | ppl     9.57
---------------------------------------------------------------------------------------
-----------------------------------------------------------------------------------------
| end of epoch   5 | time: 57.78s |valid ppl   167.61
-----------------------------------------------------------------------------------------
| epoch   6 |   200/ 2104 batches | lr 1.00 | loss  2.21 | ppl     9.10
---------------------------------------------------------------------------------------
| epoch   6 |   400/ 2104 batches | lr 1.00 | loss  2.21 | ppl     9.12
---------------------------------------------------------------------------------------
| epoch   6 |   600/ 2104 batches | lr 1.00 | loss  2.21 | ppl     9.11
---------------------------------------------------------------------------------------
| epoch   6 |   800/ 2104 batches | lr 1.00 | loss  2.21 | ppl     9.07
---------------------------------------------------------------------------------------
| epoch   6 |  1000/ 2104 batches | lr 1.00 | loss  2.22 | ppl     9.21
---------------------------------------------------------------------------------------
| epoch   6 |  1200/ 2104 batches | lr 1.00 | loss  2.22 | ppl     9.22
---------------------------------------------------------------------------------------
| epoch   6 |  1400/ 2104 batches | lr 1.00 | loss  2.23 | ppl     9.30
---------------------------------------------------------------------------------------
| epoch   6 |  1600/ 2104 batches | lr 1.00 | loss  2.22 | ppl     9.21
---------------------------------------------------------------------------------------
| epoch   6 |  1800/ 2104 batches | lr 1.00 | loss  2.23 | ppl     9.28
---------------------------------------------------------------------------------------
| epoch   6 |  2000/ 2104 batches | lr 1.00 | loss  2.24 | ppl     9.37
---------------------------------------------------------------------------------------
-----------------------------------------------------------------------------------------
| end of epoch   6 | time: 57.53s |valid ppl   160.88
-----------------------------------------------------------------------------------------
| epoch   7 |   200/ 2104 batches | lr 1.00 | loss  2.17 | ppl     8.77
---------------------------------------------------------------------------------------
| epoch   7 |   400/ 2104 batches | lr 1.00 | loss  2.18 | ppl     8.86
---------------------------------------------------------------------------------------
| epoch   7 |   600/ 2104 batches | lr 1.00 | loss  2.18 | ppl     8.82
---------------------------------------------------------------------------------------
| epoch   7 |   800/ 2104 batches | lr 1.00 | loss  2.19 | ppl     8.89
---------------------------------------------------------------------------------------
| epoch   7 |  1000/ 2104 batches | lr 1.00 | loss  2.19 | ppl     8.91
---------------------------------------------------------------------------------------
| epoch   7 |  1200/ 2104 batches | lr 1.00 | loss  2.19 | ppl     8.95
---------------------------------------------------------------------------------------
| epoch   7 |  1400/ 2104 batches | lr 1.00 | loss  2.20 | ppl     8.98
---------------------------------------------------------------------------------------
| epoch   7 |  1600/ 2104 batches | lr 1.00 | loss  2.20 | ppl     9.02
---------------------------------------------------------------------------------------
| epoch   7 |  1800/ 2104 batches | lr 1.00 | loss  2.19 | ppl     8.91
---------------------------------------------------------------------------------------
| epoch   7 |  2000/ 2104 batches | lr 1.00 | loss  2.20 | ppl     9.07
---------------------------------------------------------------------------------------
-----------------------------------------------------------------------------------------
| end of epoch   7 | time: 58.59s |valid ppl   156.11
-----------------------------------------------------------------------------------------
| epoch   8 |   200/ 2104 batches | lr 1.00 | loss  2.15 | ppl     8.57
---------------------------------------------------------------------------------------
| epoch   8 |   400/ 2104 batches | lr 1.00 | loss  2.15 | ppl     8.57
---------------------------------------------------------------------------------------
| epoch   8 |   600/ 2104 batches | lr 1.00 | loss  2.15 | ppl     8.62
---------------------------------------------------------------------------------------
| epoch   8 |   800/ 2104 batches | lr 1.00 | loss  2.17 | ppl     8.76
---------------------------------------------------------------------------------------
| epoch   8 |  1000/ 2104 batches | lr 1.00 | loss  2.17 | ppl     8.78
---------------------------------------------------------------------------------------
| epoch   8 |  1200/ 2104 batches | lr 1.00 | loss  2.18 | ppl     8.81
---------------------------------------------------------------------------------------
| epoch   8 |  1400/ 2104 batches | lr 1.00 | loss  2.17 | ppl     8.74
---------------------------------------------------------------------------------------
| epoch   8 |  1600/ 2104 batches | lr 1.00 | loss  2.18 | ppl     8.80
---------------------------------------------------------------------------------------
| epoch   8 |  1800/ 2104 batches | lr 1.00 | loss  2.18 | ppl     8.80
---------------------------------------------------------------------------------------
| epoch   8 |  2000/ 2104 batches | lr 1.00 | loss  2.17 | ppl     8.77
---------------------------------------------------------------------------------------
-----------------------------------------------------------------------------------------
| end of epoch   8 | time: 55.51s |valid ppl   151.32
-----------------------------------------------------------------------------------------
| epoch   9 |   200/ 2104 batches | lr 1.00 | loss  2.12 | ppl     8.35
---------------------------------------------------------------------------------------
| epoch   9 |   400/ 2104 batches | lr 1.00 | loss  2.12 | ppl     8.36
---------------------------------------------------------------------------------------
| epoch   9 |   600/ 2104 batches | lr 1.00 | loss  2.15 | ppl     8.59
---------------------------------------------------------------------------------------
| epoch   9 |   800/ 2104 batches | lr 1.00 | loss  2.15 | ppl     8.61
---------------------------------------------------------------------------------------
| epoch   9 |  1000/ 2104 batches | lr 1.00 | loss  2.14 | ppl     8.53
---------------------------------------------------------------------------------------
| epoch   9 |  1200/ 2104 batches | lr 1.00 | loss  2.14 | ppl     8.52
---------------------------------------------------------------------------------------
| epoch   9 |  1400/ 2104 batches | lr 1.00 | loss  2.15 | ppl     8.61
---------------------------------------------------------------------------------------
| epoch   9 |  1600/ 2104 batches | lr 1.00 | loss  2.15 | ppl     8.56
---------------------------------------------------------------------------------------
| epoch   9 |  1800/ 2104 batches | lr 1.00 | loss  2.16 | ppl     8.66
---------------------------------------------------------------------------------------
| epoch   9 |  2000/ 2104 batches | lr 1.00 | loss  2.17 | ppl     8.72
---------------------------------------------------------------------------------------
-----------------------------------------------------------------------------------------
| end of epoch   9 | time: 58.19s |valid ppl   148.97
-----------------------------------------------------------------------------------------
| epoch  10 |   200/ 2104 batches | lr 1.00 | loss  2.12 | ppl     8.36
---------------------------------------------------------------------------------------
| epoch  10 |   400/ 2104 batches | lr 1.00 | loss  2.10 | ppl     8.20
---------------------------------------------------------------------------------------
| epoch  10 |   600/ 2104 batches | lr 1.00 | loss  2.12 | ppl     8.34
---------------------------------------------------------------------------------------
| epoch  10 |   800/ 2104 batches | lr 1.00 | loss  2.12 | ppl     8.36
---------------------------------------------------------------------------------------
| epoch  10 |  1000/ 2104 batches | lr 1.00 | loss  2.14 | ppl     8.46
---------------------------------------------------------------------------------------
| epoch  10 |  1200/ 2104 batches | lr 1.00 | loss  2.13 | ppl     8.39
---------------------------------------------------------------------------------------
| epoch  10 |  1400/ 2104 batches | lr 1.00 | loss  2.14 | ppl     8.50
---------------------------------------------------------------------------------------
| epoch  10 |  1600/ 2104 batches | lr 1.00 | loss  2.14 | ppl     8.53
---------------------------------------------------------------------------------------
| epoch  10 |  1800/ 2104 batches | lr 1.00 | loss  2.14 | ppl     8.54
---------------------------------------------------------------------------------------
| epoch  10 |  2000/ 2104 batches | lr 1.00 | loss  2.14 | ppl     8.52
---------------------------------------------------------------------------------------
-----------------------------------------------------------------------------------------
| end of epoch  10 | time: 57.69s |valid ppl   144.95
-----------------------------------------------------------------------------------------
| epoch  11 |   200/ 2104 batches | lr 1.00 | loss  2.08 | ppl     8.03
---------------------------------------------------------------------------------------
| epoch  11 |   400/ 2104 batches | lr 1.00 | loss  2.10 | ppl     8.18
---------------------------------------------------------------------------------------
| epoch  11 |   600/ 2104 batches | lr 1.00 | loss  2.11 | ppl     8.25
---------------------------------------------------------------------------------------
| epoch  11 |   800/ 2104 batches | lr 1.00 | loss  2.11 | ppl     8.25
---------------------------------------------------------------------------------------
| epoch  11 |  1000/ 2104 batches | lr 1.00 | loss  2.11 | ppl     8.27
---------------------------------------------------------------------------------------
| epoch  11 |  1200/ 2104 batches | lr 1.00 | loss  2.12 | ppl     8.35
---------------------------------------------------------------------------------------
| epoch  11 |  1400/ 2104 batches | lr 1.00 | loss  2.12 | ppl     8.34
---------------------------------------------------------------------------------------
| epoch  11 |  1600/ 2104 batches | lr 1.00 | loss  2.14 | ppl     8.47
---------------------------------------------------------------------------------------
| epoch  11 |  1800/ 2104 batches | lr 1.00 | loss  2.13 | ppl     8.40
---------------------------------------------------------------------------------------
| epoch  11 |  2000/ 2104 batches | lr 1.00 | loss  2.13 | ppl     8.45
---------------------------------------------------------------------------------------
-----------------------------------------------------------------------------------------
| end of epoch  11 | time: 57.88s |valid ppl   144.11
-----------------------------------------------------------------------------------------
| epoch  12 |   200/ 2104 batches | lr 1.00 | loss  2.07 | ppl     7.95
---------------------------------------------------------------------------------------
| epoch  12 |   400/ 2104 batches | lr 1.00 | loss  2.10 | ppl     8.17
---------------------------------------------------------------------------------------
| epoch  12 |   600/ 2104 batches | lr 1.00 | loss  2.09 | ppl     8.12
---------------------------------------------------------------------------------------
| epoch  12 |   800/ 2104 batches | lr 1.00 | loss  2.10 | ppl     8.13
---------------------------------------------------------------------------------------
| epoch  12 |  1000/ 2104 batches | lr 1.00 | loss  2.11 | ppl     8.22
---------------------------------------------------------------------------------------
| epoch  12 |  1200/ 2104 batches | lr 1.00 | loss  2.12 | ppl     8.31
---------------------------------------------------------------------------------------
| epoch  12 |  1400/ 2104 batches | lr 1.00 | loss  2.12 | ppl     8.36
---------------------------------------------------------------------------------------
| epoch  12 |  1600/ 2104 batches | lr 1.00 | loss  2.11 | ppl     8.25
---------------------------------------------------------------------------------------
| epoch  12 |  1800/ 2104 batches | lr 1.00 | loss  2.13 | ppl     8.39
---------------------------------------------------------------------------------------
| epoch  12 |  2000/ 2104 batches | lr 1.00 | loss  2.13 | ppl     8.40
---------------------------------------------------------------------------------------
-----------------------------------------------------------------------------------------
| end of epoch  12 | time: 58.29s |valid ppl   144.21
-----------------------------------------------------------------------------------------
| epoch  13 |   200/ 2104 batches | lr 0.50 | loss  2.03 | ppl     7.59
---------------------------------------------------------------------------------------
| epoch  13 |   400/ 2104 batches | lr 0.50 | loss  2.00 | ppl     7.38
---------------------------------------------------------------------------------------
| epoch  13 |   600/ 2104 batches | lr 0.50 | loss  2.00 | ppl     7.41
---------------------------------------------------------------------------------------
| epoch  13 |   800/ 2104 batches | lr 0.50 | loss  2.01 | ppl     7.44
---------------------------------------------------------------------------------------
| epoch  13 |  1000/ 2104 batches | lr 0.50 | loss  2.02 | ppl     7.52
---------------------------------------------------------------------------------------
| epoch  13 |  1200/ 2104 batches | lr 0.50 | loss  2.02 | ppl     7.52
---------------------------------------------------------------------------------------
| epoch  13 |  1400/ 2104 batches | lr 0.50 | loss  2.02 | ppl     7.51
---------------------------------------------------------------------------------------
| epoch  13 |  1600/ 2104 batches | lr 0.50 | loss  2.02 | ppl     7.56
---------------------------------------------------------------------------------------
| epoch  13 |  1800/ 2104 batches | lr 0.50 | loss  2.02 | ppl     7.54
---------------------------------------------------------------------------------------
| epoch  13 |  2000/ 2104 batches | lr 0.50 | loss  2.02 | ppl     7.50
---------------------------------------------------------------------------------------
-----------------------------------------------------------------------------------------
| end of epoch  13 | time: 57.78s |valid ppl   130.32
-----------------------------------------------------------------------------------------
| epoch  14 |   200/ 2104 batches | lr 0.50 | loss  1.98 | ppl     7.26
---------------------------------------------------------------------------------------
| epoch  14 |   400/ 2104 batches | lr 0.50 | loss  1.98 | ppl     7.23
---------------------------------------------------------------------------------------
| epoch  14 |   600/ 2104 batches | lr 0.50 | loss  1.99 | ppl     7.28
---------------------------------------------------------------------------------------
| epoch  14 |   800/ 2104 batches | lr 0.50 | loss  1.98 | ppl     7.24
---------------------------------------------------------------------------------------
| epoch  14 |  1000/ 2104 batches | lr 0.50 | loss  2.00 | ppl     7.39
---------------------------------------------------------------------------------------
| epoch  14 |  1200/ 2104 batches | lr 0.50 | loss  2.00 | ppl     7.36
---------------------------------------------------------------------------------------
| epoch  14 |  1400/ 2104 batches | lr 0.50 | loss  2.00 | ppl     7.41
---------------------------------------------------------------------------------------
| epoch  14 |  1600/ 2104 batches | lr 0.50 | loss  2.01 | ppl     7.46
---------------------------------------------------------------------------------------
| epoch  14 |  1800/ 2104 batches | lr 0.50 | loss  2.00 | ppl     7.40
---------------------------------------------------------------------------------------
| epoch  14 |  2000/ 2104 batches | lr 0.50 | loss  2.01 | ppl     7.43
---------------------------------------------------------------------------------------
-----------------------------------------------------------------------------------------
| end of epoch  14 | time: 57.78s |valid ppl   129.86
-----------------------------------------------------------------------------------------
| epoch  15 |   200/ 2104 batches | lr 0.50 | loss  1.98 | ppl     7.25
---------------------------------------------------------------------------------------
| epoch  15 |   400/ 2104 batches | lr 0.50 | loss  1.97 | ppl     7.14
---------------------------------------------------------------------------------------
| epoch  15 |   600/ 2104 batches | lr 0.50 | loss  1.98 | ppl     7.23
---------------------------------------------------------------------------------------
| epoch  15 |   800/ 2104 batches | lr 0.50 | loss  1.98 | ppl     7.27
---------------------------------------------------------------------------------------
| epoch  15 |  1000/ 2104 batches | lr 0.50 | loss  1.99 | ppl     7.29
---------------------------------------------------------------------------------------
| epoch  15 |  1200/ 2104 batches | lr 0.50 | loss  1.98 | ppl     7.23
---------------------------------------------------------------------------------------
| epoch  15 |  1400/ 2104 batches | lr 0.50 | loss  1.99 | ppl     7.32
---------------------------------------------------------------------------------------
| epoch  15 |  1600/ 2104 batches | lr 0.50 | loss  2.01 | ppl     7.48
---------------------------------------------------------------------------------------
| epoch  15 |  1800/ 2104 batches | lr 0.50 | loss  1.99 | ppl     7.35
---------------------------------------------------------------------------------------
| epoch  15 |  2000/ 2104 batches | lr 0.50 | loss  2.01 | ppl     7.44
---------------------------------------------------------------------------------------
-----------------------------------------------------------------------------------------
| end of epoch  15 | time: 57.92s |valid ppl   128.73
-----------------------------------------------------------------------------------------
| epoch  16 |   200/ 2104 batches | lr 0.50 | loss  1.97 | ppl     7.17
---------------------------------------------------------------------------------------
| epoch  16 |   400/ 2104 batches | lr 0.50 | loss  1.95 | ppl     7.03
---------------------------------------------------------------------------------------
| epoch  16 |   600/ 2104 batches | lr 0.50 | loss  1.97 | ppl     7.16
---------------------------------------------------------------------------------------
| epoch  16 |   800/ 2104 batches | lr 0.50 | loss  1.97 | ppl     7.19
---------------------------------------------------------------------------------------
| epoch  16 |  1000/ 2104 batches | lr 0.50 | loss  1.98 | ppl     7.28
---------------------------------------------------------------------------------------
| epoch  16 |  1200/ 2104 batches | lr 0.50 | loss  1.99 | ppl     7.31
---------------------------------------------------------------------------------------
| epoch  16 |  1400/ 2104 batches | lr 0.50 | loss  1.98 | ppl     7.23
---------------------------------------------------------------------------------------
| epoch  16 |  1600/ 2104 batches | lr 0.50 | loss  2.00 | ppl     7.38
---------------------------------------------------------------------------------------
| epoch  16 |  1800/ 2104 batches | lr 0.50 | loss  2.00 | ppl     7.40
---------------------------------------------------------------------------------------
| epoch  16 |  2000/ 2104 batches | lr 0.50 | loss  2.02 | ppl     7.52
---------------------------------------------------------------------------------------
-----------------------------------------------------------------------------------------
| end of epoch  16 | time: 28.62s |valid ppl   128.81
-----------------------------------------------------------------------------------------
| epoch  17 |   200/ 2104 batches | lr 0.25 | loss  1.92 | ppl     6.85
---------------------------------------------------------------------------------------
| epoch  17 |   400/ 2104 batches | lr 0.25 | loss  1.93 | ppl     6.86
---------------------------------------------------------------------------------------
| epoch  17 |   600/ 2104 batches | lr 0.25 | loss  1.92 | ppl     6.84
---------------------------------------------------------------------------------------
| epoch  17 |   800/ 2104 batches | lr 0.25 | loss  1.94 | ppl     6.95
---------------------------------------------------------------------------------------
| epoch  17 |  1000/ 2104 batches | lr 0.25 | loss  1.92 | ppl     6.83
---------------------------------------------------------------------------------------
| epoch  17 |  1200/ 2104 batches | lr 0.25 | loss  1.94 | ppl     6.94
---------------------------------------------------------------------------------------
| epoch  17 |  1400/ 2104 batches | lr 0.25 | loss  1.93 | ppl     6.86
---------------------------------------------------------------------------------------
| epoch  17 |  1600/ 2104 batches | lr 0.25 | loss  1.94 | ppl     6.95
---------------------------------------------------------------------------------------
| epoch  17 |  1800/ 2104 batches | lr 0.25 | loss  1.93 | ppl     6.86
---------------------------------------------------------------------------------------
| epoch  17 |  2000/ 2104 batches | lr 0.25 | loss  1.95 | ppl     7.01
---------------------------------------------------------------------------------------
-----------------------------------------------------------------------------------------
| end of epoch  17 | time: 25.02s |valid ppl   122.61
-----------------------------------------------------------------------------------------
| epoch  18 |   200/ 2104 batches | lr 0.25 | loss  1.92 | ppl     6.80
---------------------------------------------------------------------------------------
| epoch  18 |   400/ 2104 batches | lr 0.25 | loss  1.91 | ppl     6.76
---------------------------------------------------------------------------------------
| epoch  18 |   600/ 2104 batches | lr 0.25 | loss  1.92 | ppl     6.81
---------------------------------------------------------------------------------------
| epoch  18 |   800/ 2104 batches | lr 0.25 | loss  1.92 | ppl     6.82
---------------------------------------------------------------------------------------
| epoch  18 |  1000/ 2104 batches | lr 0.25 | loss  1.91 | ppl     6.75
---------------------------------------------------------------------------------------
| epoch  18 |  1200/ 2104 batches | lr 0.25 | loss  1.91 | ppl     6.76
---------------------------------------------------------------------------------------
| epoch  18 |  1400/ 2104 batches | lr 0.25 | loss  1.93 | ppl     6.87
---------------------------------------------------------------------------------------
| epoch  18 |  1600/ 2104 batches | lr 0.25 | loss  1.94 | ppl     6.93
---------------------------------------------------------------------------------------
| epoch  18 |  1800/ 2104 batches | lr 0.25 | loss  1.92 | ppl     6.82
---------------------------------------------------------------------------------------
| epoch  18 |  2000/ 2104 batches | lr 0.25 | loss  1.94 | ppl     6.98
---------------------------------------------------------------------------------------
-----------------------------------------------------------------------------------------
| end of epoch  18 | time: 24.90s |valid ppl   121.80
-----------------------------------------------------------------------------------------
| epoch  19 |   200/ 2104 batches | lr 0.25 | loss  1.91 | ppl     6.73
---------------------------------------------------------------------------------------
| epoch  19 |   400/ 2104 batches | lr 0.25 | loss  1.90 | ppl     6.66
---------------------------------------------------------------------------------------
| epoch  19 |   600/ 2104 batches | lr 0.25 | loss  1.91 | ppl     6.76
---------------------------------------------------------------------------------------
| epoch  19 |   800/ 2104 batches | lr 0.25 | loss  1.91 | ppl     6.79
---------------------------------------------------------------------------------------
| epoch  19 |  1000/ 2104 batches | lr 0.25 | loss  1.92 | ppl     6.82
---------------------------------------------------------------------------------------
| epoch  19 |  1200/ 2104 batches | lr 0.25 | loss  1.93 | ppl     6.86
---------------------------------------------------------------------------------------
| epoch  19 |  1400/ 2104 batches | lr 0.25 | loss  1.92 | ppl     6.79
---------------------------------------------------------------------------------------
| epoch  19 |  1600/ 2104 batches | lr 0.25 | loss  1.92 | ppl     6.85
---------------------------------------------------------------------------------------
| epoch  19 |  1800/ 2104 batches | lr 0.25 | loss  1.93 | ppl     6.86
---------------------------------------------------------------------------------------
| epoch  19 |  2000/ 2104 batches | lr 0.25 | loss  1.94 | ppl     6.95
---------------------------------------------------------------------------------------
-----------------------------------------------------------------------------------------
| end of epoch  19 | time: 24.96s |valid ppl   121.68
-----------------------------------------------------------------------------------------
| epoch  20 |   200/ 2104 batches | lr 0.25 | loss  1.91 | ppl     6.72
---------------------------------------------------------------------------------------
| epoch  20 |   400/ 2104 batches | lr 0.25 | loss  1.90 | ppl     6.66
---------------------------------------------------------------------------------------
| epoch  20 |   600/ 2104 batches | lr 0.25 | loss  1.91 | ppl     6.75
---------------------------------------------------------------------------------------
| epoch  20 |   800/ 2104 batches | lr 0.25 | loss  1.90 | ppl     6.71
---------------------------------------------------------------------------------------
| epoch  20 |  1000/ 2104 batches | lr 0.25 | loss  1.91 | ppl     6.75
---------------------------------------------------------------------------------------
| epoch  20 |  1200/ 2104 batches | lr 0.25 | loss  1.91 | ppl     6.75
---------------------------------------------------------------------------------------
| epoch  20 |  1400/ 2104 batches | lr 0.25 | loss  1.92 | ppl     6.82
---------------------------------------------------------------------------------------
| epoch  20 |  1600/ 2104 batches | lr 0.25 | loss  1.92 | ppl     6.83
---------------------------------------------------------------------------------------
| epoch  20 |  1800/ 2104 batches | lr 0.25 | loss  1.94 | ppl     6.95
---------------------------------------------------------------------------------------
| epoch  20 |  2000/ 2104 batches | lr 0.25 | loss  1.93 | ppl     6.88
---------------------------------------------------------------------------------------
-----------------------------------------------------------------------------------------
| end of epoch  20 | time: 24.88s |valid ppl   121.60
-----------------------------------------------------------------------------------------
| epoch  21 |   200/ 2104 batches | lr 0.25 | loss  1.90 | ppl     6.72
---------------------------------------------------------------------------------------
| epoch  21 |   400/ 2104 batches | lr 0.25 | loss  1.90 | ppl     6.69
---------------------------------------------------------------------------------------
| epoch  21 |   600/ 2104 batches | lr 0.25 | loss  1.91 | ppl     6.77
---------------------------------------------------------------------------------------
| epoch  21 |   800/ 2104 batches | lr 0.25 | loss  1.90 | ppl     6.70
---------------------------------------------------------------------------------------
| epoch  21 |  1000/ 2104 batches | lr 0.25 | loss  1.91 | ppl     6.77
---------------------------------------------------------------------------------------
| epoch  21 |  1200/ 2104 batches | lr 0.25 | loss  1.91 | ppl     6.76
---------------------------------------------------------------------------------------
| epoch  21 |  1400/ 2104 batches | lr 0.25 | loss  1.91 | ppl     6.78
---------------------------------------------------------------------------------------
| epoch  21 |  1600/ 2104 batches | lr 0.25 | loss  1.93 | ppl     6.89
---------------------------------------------------------------------------------------
| epoch  21 |  1800/ 2104 batches | lr 0.25 | loss  1.92 | ppl     6.80
---------------------------------------------------------------------------------------
| epoch  21 |  2000/ 2104 batches | lr 0.25 | loss  1.92 | ppl     6.83
---------------------------------------------------------------------------------------
-----------------------------------------------------------------------------------------
| end of epoch  21 | time: 24.95s |valid ppl   122.18
-----------------------------------------------------------------------------------------
| epoch  22 |   200/ 2104 batches | lr 0.12 | loss  1.89 | ppl     6.59
---------------------------------------------------------------------------------------
| epoch  22 |   400/ 2104 batches | lr 0.12 | loss  1.88 | ppl     6.56
---------------------------------------------------------------------------------------
| epoch  22 |   600/ 2104 batches | lr 0.12 | loss  1.86 | ppl     6.43
---------------------------------------------------------------------------------------
| epoch  22 |   800/ 2104 batches | lr 0.12 | loss  1.88 | ppl     6.53
---------------------------------------------------------------------------------------
| epoch  22 |  1000/ 2104 batches | lr 0.12 | loss  1.88 | ppl     6.57
---------------------------------------------------------------------------------------
| epoch  22 |  1200/ 2104 batches | lr 0.12 | loss  1.89 | ppl     6.60
---------------------------------------------------------------------------------------
| epoch  22 |  1400/ 2104 batches | lr 0.12 | loss  1.88 | ppl     6.57
---------------------------------------------------------------------------------------
| epoch  22 |  1600/ 2104 batches | lr 0.12 | loss  1.90 | ppl     6.66
---------------------------------------------------------------------------------------
| epoch  22 |  1800/ 2104 batches | lr 0.12 | loss  1.89 | ppl     6.64
---------------------------------------------------------------------------------------
| epoch  22 |  2000/ 2104 batches | lr 0.12 | loss  1.89 | ppl     6.60
---------------------------------------------------------------------------------------
-----------------------------------------------------------------------------------------
| end of epoch  22 | time: 24.93s |valid ppl   119.01
-----------------------------------------------------------------------------------------
| epoch  23 |   200/ 2104 batches | lr 0.12 | loss  1.87 | ppl     6.47
---------------------------------------------------------------------------------------
| epoch  23 |   400/ 2104 batches | lr 0.12 | loss  1.87 | ppl     6.47
---------------------------------------------------------------------------------------
| epoch  23 |   600/ 2104 batches | lr 0.12 | loss  1.88 | ppl     6.53
---------------------------------------------------------------------------------------
| epoch  23 |   800/ 2104 batches | lr 0.12 | loss  1.89 | ppl     6.59
---------------------------------------------------------------------------------------
| epoch  23 |  1000/ 2104 batches | lr 0.12 | loss  1.88 | ppl     6.56
---------------------------------------------------------------------------------------
| epoch  23 |  1200/ 2104 batches | lr 0.12 | loss  1.88 | ppl     6.53
---------------------------------------------------------------------------------------
| epoch  23 |  1400/ 2104 batches | lr 0.12 | loss  1.88 | ppl     6.56
---------------------------------------------------------------------------------------
| epoch  23 |  1600/ 2104 batches | lr 0.12 | loss  1.89 | ppl     6.62
---------------------------------------------------------------------------------------
| epoch  23 |  1800/ 2104 batches | lr 0.12 | loss  1.88 | ppl     6.57
---------------------------------------------------------------------------------------
| epoch  23 |  2000/ 2104 batches | lr 0.12 | loss  1.88 | ppl     6.57
---------------------------------------------------------------------------------------
-----------------------------------------------------------------------------------------
| end of epoch  23 | time: 25.24s |valid ppl   119.20
-----------------------------------------------------------------------------------------
| epoch  24 |   200/ 2104 batches | lr 0.06 | loss  1.87 | ppl     6.48
---------------------------------------------------------------------------------------
| epoch  24 |   400/ 2104 batches | lr 0.06 | loss  1.87 | ppl     6.47
---------------------------------------------------------------------------------------
| epoch  24 |   600/ 2104 batches | lr 0.06 | loss  1.86 | ppl     6.43
---------------------------------------------------------------------------------------
| epoch  24 |   800/ 2104 batches | lr 0.06 | loss  1.86 | ppl     6.44
---------------------------------------------------------------------------------------
| epoch  24 |  1000/ 2104 batches | lr 0.06 | loss  1.86 | ppl     6.41
---------------------------------------------------------------------------------------
| epoch  24 |  1200/ 2104 batches | lr 0.06 | loss  1.86 | ppl     6.44
---------------------------------------------------------------------------------------
| epoch  24 |  1400/ 2104 batches | lr 0.06 | loss  1.86 | ppl     6.40
---------------------------------------------------------------------------------------
| epoch  24 |  1600/ 2104 batches | lr 0.06 | loss  1.86 | ppl     6.39
---------------------------------------------------------------------------------------
| epoch  24 |  1800/ 2104 batches | lr 0.06 | loss  1.87 | ppl     6.49
---------------------------------------------------------------------------------------
| epoch  24 |  2000/ 2104 batches | lr 0.06 | loss  1.87 | ppl     6.50
---------------------------------------------------------------------------------------
-----------------------------------------------------------------------------------------
| end of epoch  24 | time: 24.90s |valid ppl   118.06
-----------------------------------------------------------------------------------------
| epoch  25 |   200/ 2104 batches | lr 0.06 | loss  1.86 | ppl     6.43
---------------------------------------------------------------------------------------
| epoch  25 |   400/ 2104 batches | lr 0.06 | loss  1.85 | ppl     6.37
---------------------------------------------------------------------------------------
| epoch  25 |   600/ 2104 batches | lr 0.06 | loss  1.85 | ppl     6.35
---------------------------------------------------------------------------------------
| epoch  25 |   800/ 2104 batches | lr 0.06 | loss  1.86 | ppl     6.42
---------------------------------------------------------------------------------------
| epoch  25 |  1000/ 2104 batches | lr 0.06 | loss  1.86 | ppl     6.40
---------------------------------------------------------------------------------------
| epoch  25 |  1200/ 2104 batches | lr 0.06 | loss  1.86 | ppl     6.45
---------------------------------------------------------------------------------------
| epoch  25 |  1400/ 2104 batches | lr 0.06 | loss  1.86 | ppl     6.40
---------------------------------------------------------------------------------------
| epoch  25 |  1600/ 2104 batches | lr 0.06 | loss  1.87 | ppl     6.49
---------------------------------------------------------------------------------------
| epoch  25 |  1800/ 2104 batches | lr 0.06 | loss  1.87 | ppl     6.51
---------------------------------------------------------------------------------------
| epoch  25 |  2000/ 2104 batches | lr 0.06 | loss  1.87 | ppl     6.47
---------------------------------------------------------------------------------------
-----------------------------------------------------------------------------------------
| end of epoch  25 | time: 25.08s |valid ppl   118.34
-----------------------------------------------------------------------------------------
| epoch  26 |   200/ 2104 batches | lr 0.03 | loss  1.86 | ppl     6.44
---------------------------------------------------------------------------------------
| epoch  26 |   400/ 2104 batches | lr 0.03 | loss  1.86 | ppl     6.41
---------------------------------------------------------------------------------------
| epoch  26 |   600/ 2104 batches | lr 0.03 | loss  1.85 | ppl     6.34
---------------------------------------------------------------------------------------
| epoch  26 |   800/ 2104 batches | lr 0.03 | loss  1.85 | ppl     6.36
---------------------------------------------------------------------------------------
| epoch  26 |  1000/ 2104 batches | lr 0.03 | loss  1.85 | ppl     6.33
---------------------------------------------------------------------------------------
| epoch  26 |  1200/ 2104 batches | lr 0.03 | loss  1.85 | ppl     6.38
---------------------------------------------------------------------------------------
| epoch  26 |  1400/ 2104 batches | lr 0.03 | loss  1.85 | ppl     6.34
---------------------------------------------------------------------------------------
| epoch  26 |  1600/ 2104 batches | lr 0.03 | loss  1.85 | ppl     6.36
---------------------------------------------------------------------------------------
| epoch  26 |  1800/ 2104 batches | lr 0.03 | loss  1.85 | ppl     6.34
---------------------------------------------------------------------------------------
| epoch  26 |  2000/ 2104 batches | lr 0.03 | loss  1.85 | ppl     6.39
---------------------------------------------------------------------------------------
-----------------------------------------------------------------------------------------
| end of epoch  26 | time: 24.91s |valid ppl   117.39
-----------------------------------------------------------------------------------------
| epoch  27 |   200/ 2104 batches | lr 0.03 | loss  1.84 | ppl     6.32
---------------------------------------------------------------------------------------
| epoch  27 |   400/ 2104 batches | lr 0.03 | loss  1.85 | ppl     6.38
---------------------------------------------------------------------------------------
| epoch  27 |   600/ 2104 batches | lr 0.03 | loss  1.85 | ppl     6.36
---------------------------------------------------------------------------------------
| epoch  27 |   800/ 2104 batches | lr 0.03 | loss  1.85 | ppl     6.36
---------------------------------------------------------------------------------------
| epoch  27 |  1000/ 2104 batches | lr 0.03 | loss  1.85 | ppl     6.34
---------------------------------------------------------------------------------------
| epoch  27 |  1200/ 2104 batches | lr 0.03 | loss  1.84 | ppl     6.30
---------------------------------------------------------------------------------------
| epoch  27 |  1400/ 2104 batches | lr 0.03 | loss  1.85 | ppl     6.39
---------------------------------------------------------------------------------------
| epoch  27 |  1600/ 2104 batches | lr 0.03 | loss  1.85 | ppl     6.39
---------------------------------------------------------------------------------------
| epoch  27 |  1800/ 2104 batches | lr 0.03 | loss  1.84 | ppl     6.32
---------------------------------------------------------------------------------------
| epoch  27 |  2000/ 2104 batches | lr 0.03 | loss  1.86 | ppl     6.39
---------------------------------------------------------------------------------------
-----------------------------------------------------------------------------------------
| end of epoch  27 | time: 25.14s |valid ppl   117.48
-----------------------------------------------------------------------------------------
| epoch  28 |   200/ 2104 batches | lr 0.02 | loss  1.86 | ppl     6.41
---------------------------------------------------------------------------------------
| epoch  28 |   400/ 2104 batches | lr 0.02 | loss  1.84 | ppl     6.28
---------------------------------------------------------------------------------------
| epoch  28 |   600/ 2104 batches | lr 0.02 | loss  1.84 | ppl     6.32
---------------------------------------------------------------------------------------
| epoch  28 |   800/ 2104 batches | lr 0.02 | loss  1.85 | ppl     6.38
---------------------------------------------------------------------------------------
| epoch  28 |  1000/ 2104 batches | lr 0.02 | loss  1.86 | ppl     6.42
---------------------------------------------------------------------------------------
| epoch  28 |  1200/ 2104 batches | lr 0.02 | loss  1.85 | ppl     6.33
---------------------------------------------------------------------------------------
| epoch  28 |  1400/ 2104 batches | lr 0.02 | loss  1.84 | ppl     6.30
---------------------------------------------------------------------------------------
| epoch  28 |  1600/ 2104 batches | lr 0.02 | loss  1.84 | ppl     6.31
---------------------------------------------------------------------------------------
| epoch  28 |  1800/ 2104 batches | lr 0.02 | loss  1.84 | ppl     6.31
---------------------------------------------------------------------------------------
| epoch  28 |  2000/ 2104 batches | lr 0.02 | loss  1.85 | ppl     6.37
---------------------------------------------------------------------------------------
-----------------------------------------------------------------------------------------
| end of epoch  28 | time: 25.03s |valid ppl   117.11
-----------------------------------------------------------------------------------------
| epoch  29 |   200/ 2104 batches | lr 0.02 | loss  1.84 | ppl     6.32
---------------------------------------------------------------------------------------
| epoch  29 |   400/ 2104 batches | lr 0.02 | loss  1.83 | ppl     6.26
---------------------------------------------------------------------------------------
| epoch  29 |   600/ 2104 batches | lr 0.02 | loss  1.85 | ppl     6.36
---------------------------------------------------------------------------------------
| epoch  29 |   800/ 2104 batches | lr 0.02 | loss  1.84 | ppl     6.33
---------------------------------------------------------------------------------------
| epoch  29 |  1000/ 2104 batches | lr 0.02 | loss  1.86 | ppl     6.40
---------------------------------------------------------------------------------------
| epoch  29 |  1200/ 2104 batches | lr 0.02 | loss  1.83 | ppl     6.26
---------------------------------------------------------------------------------------
| epoch  29 |  1400/ 2104 batches | lr 0.02 | loss  1.85 | ppl     6.35
---------------------------------------------------------------------------------------
| epoch  29 |  1600/ 2104 batches | lr 0.02 | loss  1.84 | ppl     6.30
---------------------------------------------------------------------------------------
| epoch  29 |  1800/ 2104 batches | lr 0.02 | loss  1.85 | ppl     6.36
---------------------------------------------------------------------------------------
| epoch  29 |  2000/ 2104 batches | lr 0.02 | loss  1.85 | ppl     6.34
---------------------------------------------------------------------------------------
-----------------------------------------------------------------------------------------
| end of epoch  29 | time: 24.96s |valid ppl   117.14
-----------------------------------------------------------------------------------------
| epoch  30 |   200/ 2104 batches | lr 0.01 | loss  1.85 | ppl     6.35
---------------------------------------------------------------------------------------
| epoch  30 |   400/ 2104 batches | lr 0.01 | loss  1.85 | ppl     6.36
---------------------------------------------------------------------------------------
| epoch  30 |   600/ 2104 batches | lr 0.01 | loss  1.84 | ppl     6.29
---------------------------------------------------------------------------------------
| epoch  30 |   800/ 2104 batches | lr 0.01 | loss  1.85 | ppl     6.37
---------------------------------------------------------------------------------------
| epoch  30 |  1000/ 2104 batches | lr 0.01 | loss  1.84 | ppl     6.27
---------------------------------------------------------------------------------------
| epoch  30 |  1200/ 2104 batches | lr 0.01 | loss  1.84 | ppl     6.30
---------------------------------------------------------------------------------------
| epoch  30 |  1400/ 2104 batches | lr 0.01 | loss  1.85 | ppl     6.35
---------------------------------------------------------------------------------------
| epoch  30 |  1600/ 2104 batches | lr 0.01 | loss  1.84 | ppl     6.31
---------------------------------------------------------------------------------------
| epoch  30 |  1800/ 2104 batches | lr 0.01 | loss  1.85 | ppl     6.38
---------------------------------------------------------------------------------------
| epoch  30 |  2000/ 2104 batches | lr 0.01 | loss  1.83 | ppl     6.25
---------------------------------------------------------------------------------------
-----------------------------------------------------------------------------------------
| end of epoch  30 | time: 25.12s |valid ppl   117.23
-----------------------------------------------------------------------------------------
| epoch  31 |   200/ 2104 batches | lr 0.00 | loss  1.85 | ppl     6.36
---------------------------------------------------------------------------------------
| epoch  31 |   400/ 2104 batches | lr 0.00 | loss  1.84 | ppl     6.30
---------------------------------------------------------------------------------------
| epoch  31 |   600/ 2104 batches | lr 0.00 | loss  1.85 | ppl     6.35
---------------------------------------------------------------------------------------
| epoch  31 |   800/ 2104 batches | lr 0.00 | loss  1.84 | ppl     6.29
---------------------------------------------------------------------------------------
| epoch  31 |  1000/ 2104 batches | lr 0.00 | loss  1.85 | ppl     6.35
---------------------------------------------------------------------------------------
| epoch  31 |  1200/ 2104 batches | lr 0.00 | loss  1.84 | ppl     6.32
---------------------------------------------------------------------------------------
| epoch  31 |  1400/ 2104 batches | lr 0.00 | loss  1.84 | ppl     6.31
---------------------------------------------------------------------------------------
| epoch  31 |  1600/ 2104 batches | lr 0.00 | loss  1.84 | ppl     6.27
---------------------------------------------------------------------------------------
| epoch  31 |  1800/ 2104 batches | lr 0.00 | loss  1.84 | ppl     6.27
---------------------------------------------------------------------------------------
| epoch  31 |  2000/ 2104 batches | lr 0.00 | loss  1.84 | ppl     6.28
---------------------------------------------------------------------------------------
-----------------------------------------------------------------------------------------
| end of epoch  31 | time: 25.04s |valid ppl   117.04
-----------------------------------------------------------------------------------------
| epoch  32 |   200/ 2104 batches | lr 0.00 | loss  1.85 | ppl     6.39
---------------------------------------------------------------------------------------
| epoch  32 |   400/ 2104 batches | lr 0.00 | loss  1.84 | ppl     6.31
---------------------------------------------------------------------------------------
| epoch  32 |   600/ 2104 batches | lr 0.00 | loss  1.83 | ppl     6.26
---------------------------------------------------------------------------------------
| epoch  32 |   800/ 2104 batches | lr 0.00 | loss  1.84 | ppl     6.29
---------------------------------------------------------------------------------------
| epoch  32 |  1000/ 2104 batches | lr 0.00 | loss  1.84 | ppl     6.31
---------------------------------------------------------------------------------------
| epoch  32 |  1200/ 2104 batches | lr 0.00 | loss  1.85 | ppl     6.34
---------------------------------------------------------------------------------------
| epoch  32 |  1400/ 2104 batches | lr 0.00 | loss  1.85 | ppl     6.34
---------------------------------------------------------------------------------------
| epoch  32 |  1600/ 2104 batches | lr 0.00 | loss  1.85 | ppl     6.34
---------------------------------------------------------------------------------------
| epoch  32 |  1800/ 2104 batches | lr 0.00 | loss  1.84 | ppl     6.29
---------------------------------------------------------------------------------------
| epoch  32 |  2000/ 2104 batches | lr 0.00 | loss  1.83 | ppl     6.21
---------------------------------------------------------------------------------------
-----------------------------------------------------------------------------------------
| end of epoch  32 | time: 24.95s |valid ppl   117.12
-----------------------------------------------------------------------------------------
| epoch  33 |   200/ 2104 batches | lr 0.00 | loss  1.86 | ppl     6.41
---------------------------------------------------------------------------------------
| epoch  33 |   400/ 2104 batches | lr 0.00 | loss  1.84 | ppl     6.30
---------------------------------------------------------------------------------------
| epoch  33 |   600/ 2104 batches | lr 0.00 | loss  1.85 | ppl     6.35
---------------------------------------------------------------------------------------
| epoch  33 |   800/ 2104 batches | lr 0.00 | loss  1.83 | ppl     6.26
---------------------------------------------------------------------------------------
| epoch  33 |  1000/ 2104 batches | lr 0.00 | loss  1.84 | ppl     6.27
---------------------------------------------------------------------------------------
| epoch  33 |  1200/ 2104 batches | lr 0.00 | loss  1.84 | ppl     6.30
---------------------------------------------------------------------------------------
| epoch  33 |  1400/ 2104 batches | lr 0.00 | loss  1.84 | ppl     6.30
---------------------------------------------------------------------------------------
| epoch  33 |  1600/ 2104 batches | lr 0.00 | loss  1.84 | ppl     6.30
---------------------------------------------------------------------------------------
| epoch  33 |  1800/ 2104 batches | lr 0.00 | loss  1.85 | ppl     6.34
---------------------------------------------------------------------------------------
| epoch  33 |  2000/ 2104 batches | lr 0.00 | loss  1.83 | ppl     6.22
---------------------------------------------------------------------------------------
-----------------------------------------------------------------------------------------
| end of epoch  33 | time: 25.02s |valid ppl   117.02
-----------------------------------------------------------------------------------------
| epoch  34 |   200/ 2104 batches | lr 0.00 | loss  1.86 | ppl     6.42
---------------------------------------------------------------------------------------
| epoch  34 |   400/ 2104 batches | lr 0.00 | loss  1.83 | ppl     6.25
---------------------------------------------------------------------------------------
| epoch  34 |   600/ 2104 batches | lr 0.00 | loss  1.84 | ppl     6.27
---------------------------------------------------------------------------------------
| epoch  34 |   800/ 2104 batches | lr 0.00 | loss  1.84 | ppl     6.31
---------------------------------------------------------------------------------------
| epoch  34 |  1000/ 2104 batches | lr 0.00 | loss  1.84 | ppl     6.31
---------------------------------------------------------------------------------------
| epoch  34 |  1200/ 2104 batches | lr 0.00 | loss  1.84 | ppl     6.27
---------------------------------------------------------------------------------------
| epoch  34 |  1400/ 2104 batches | lr 0.00 | loss  1.84 | ppl     6.29
---------------------------------------------------------------------------------------
| epoch  34 |  1600/ 2104 batches | lr 0.00 | loss  1.84 | ppl     6.30
---------------------------------------------------------------------------------------
| epoch  34 |  1800/ 2104 batches | lr 0.00 | loss  1.84 | ppl     6.28
---------------------------------------------------------------------------------------
| epoch  34 |  2000/ 2104 batches | lr 0.00 | loss  1.84 | ppl     6.33
---------------------------------------------------------------------------------------
-----------------------------------------------------------------------------------------
| end of epoch  34 | time: 25.20s |valid ppl   117.01
-----------------------------------------------------------------------------------------
| epoch  35 |   200/ 2104 batches | lr 0.00 | loss  1.85 | ppl     6.38
---------------------------------------------------------------------------------------
| epoch  35 |   400/ 2104 batches | lr 0.00 | loss  1.84 | ppl     6.30
---------------------------------------------------------------------------------------
| epoch  35 |   600/ 2104 batches | lr 0.00 | loss  1.85 | ppl     6.35
---------------------------------------------------------------------------------------
| epoch  35 |   800/ 2104 batches | lr 0.00 | loss  1.84 | ppl     6.31
---------------------------------------------------------------------------------------
| epoch  35 |  1000/ 2104 batches | lr 0.00 | loss  1.83 | ppl     6.25
---------------------------------------------------------------------------------------
| epoch  35 |  1200/ 2104 batches | lr 0.00 | loss  1.84 | ppl     6.31
---------------------------------------------------------------------------------------
| epoch  35 |  1400/ 2104 batches | lr 0.00 | loss  1.84 | ppl     6.28
---------------------------------------------------------------------------------------
| epoch  35 |  1600/ 2104 batches | lr 0.00 | loss  1.84 | ppl     6.28
---------------------------------------------------------------------------------------
| epoch  35 |  1800/ 2104 batches | lr 0.00 | loss  1.84 | ppl     6.27
---------------------------------------------------------------------------------------
| epoch  35 |  2000/ 2104 batches | lr 0.00 | loss  1.83 | ppl     6.23
---------------------------------------------------------------------------------------
-----------------------------------------------------------------------------------------
| end of epoch  35 | time: 25.11s |valid ppl   117.01
-----------------------------------------------------------------------------------------
| epoch  36 |   200/ 2104 batches | lr 0.00 | loss  1.85 | ppl     6.35
---------------------------------------------------------------------------------------
| epoch  36 |   400/ 2104 batches | lr 0.00 | loss  1.84 | ppl     6.30
---------------------------------------------------------------------------------------
| epoch  36 |   600/ 2104 batches | lr 0.00 | loss  1.83 | ppl     6.24
---------------------------------------------------------------------------------------
| epoch  36 |   800/ 2104 batches | lr 0.00 | loss  1.85 | ppl     6.33
---------------------------------------------------------------------------------------
| epoch  36 |  1000/ 2104 batches | lr 0.00 | loss  1.84 | ppl     6.29
---------------------------------------------------------------------------------------
| epoch  36 |  1200/ 2104 batches | lr 0.00 | loss  1.83 | ppl     6.26
---------------------------------------------------------------------------------------
| epoch  36 |  1400/ 2104 batches | lr 0.00 | loss  1.85 | ppl     6.33
---------------------------------------------------------------------------------------
| epoch  36 |  1600/ 2104 batches | lr 0.00 | loss  1.83 | ppl     6.22
---------------------------------------------------------------------------------------
| epoch  36 |  1800/ 2104 batches | lr 0.00 | loss  1.85 | ppl     6.34
---------------------------------------------------------------------------------------
| epoch  36 |  2000/ 2104 batches | lr 0.00 | loss  1.84 | ppl     6.29
---------------------------------------------------------------------------------------
-----------------------------------------------------------------------------------------
| end of epoch  36 | time: 24.96s |valid ppl   117.00
-----------------------------------------------------------------------------------------
| epoch  37 |   200/ 2104 batches | lr 0.00 | loss  1.84 | ppl     6.29
---------------------------------------------------------------------------------------
| epoch  37 |   400/ 2104 batches | lr 0.00 | loss  1.84 | ppl     6.29
---------------------------------------------------------------------------------------
| epoch  37 |   600/ 2104 batches | lr 0.00 | loss  1.84 | ppl     6.29
---------------------------------------------------------------------------------------
| epoch  37 |   800/ 2104 batches | lr 0.00 | loss  1.83 | ppl     6.24
---------------------------------------------------------------------------------------
| epoch  37 |  1000/ 2104 batches | lr 0.00 | loss  1.84 | ppl     6.31
---------------------------------------------------------------------------------------
| epoch  37 |  1200/ 2104 batches | lr 0.00 | loss  1.84 | ppl     6.27
---------------------------------------------------------------------------------------
| epoch  37 |  1400/ 2104 batches | lr 0.00 | loss  1.85 | ppl     6.35
---------------------------------------------------------------------------------------
| epoch  37 |  1600/ 2104 batches | lr 0.00 | loss  1.84 | ppl     6.29
---------------------------------------------------------------------------------------
| epoch  37 |  1800/ 2104 batches | lr 0.00 | loss  1.83 | ppl     6.25
---------------------------------------------------------------------------------------
| epoch  37 |  2000/ 2104 batches | lr 0.00 | loss  1.85 | ppl     6.35
---------------------------------------------------------------------------------------
-----------------------------------------------------------------------------------------
| end of epoch  37 | time: 25.28s |valid ppl   117.03
-----------------------------------------------------------------------------------------
| epoch  38 |   200/ 2104 batches | lr 0.00 | loss  1.84 | ppl     6.31
---------------------------------------------------------------------------------------
| epoch  38 |   400/ 2104 batches | lr 0.00 | loss  1.83 | ppl     6.20
---------------------------------------------------------------------------------------
| epoch  38 |   600/ 2104 batches | lr 0.00 | loss  1.85 | ppl     6.35
---------------------------------------------------------------------------------------
| epoch  38 |   800/ 2104 batches | lr 0.00 | loss  1.85 | ppl     6.34
---------------------------------------------------------------------------------------
| epoch  38 |  1000/ 2104 batches | lr 0.00 | loss  1.84 | ppl     6.29
---------------------------------------------------------------------------------------
| epoch  38 |  1200/ 2104 batches | lr 0.00 | loss  1.84 | ppl     6.32
---------------------------------------------------------------------------------------
| epoch  38 |  1400/ 2104 batches | lr 0.00 | loss  1.85 | ppl     6.35
---------------------------------------------------------------------------------------
| epoch  38 |  1600/ 2104 batches | lr 0.00 | loss  1.83 | ppl     6.26
---------------------------------------------------------------------------------------
| epoch  38 |  1800/ 2104 batches | lr 0.00 | loss  1.84 | ppl     6.29
---------------------------------------------------------------------------------------
| epoch  38 |  2000/ 2104 batches | lr 0.00 | loss  1.83 | ppl     6.26
---------------------------------------------------------------------------------------
-----------------------------------------------------------------------------------------
| end of epoch  38 | time: 24.98s |valid ppl   117.00
-----------------------------------------------------------------------------------------
| epoch  39 |   200/ 2104 batches | lr 0.00 | loss  1.85 | ppl     6.36
---------------------------------------------------------------------------------------
| epoch  39 |   400/ 2104 batches | lr 0.00 | loss  1.85 | ppl     6.33
---------------------------------------------------------------------------------------
| epoch  39 |   600/ 2104 batches | lr 0.00 | loss  1.83 | ppl     6.23
---------------------------------------------------------------------------------------
| epoch  39 |   800/ 2104 batches | lr 0.00 | loss  1.83 | ppl     6.23
---------------------------------------------------------------------------------------
| epoch  39 |  1000/ 2104 batches | lr 0.00 | loss  1.84 | ppl     6.28
---------------------------------------------------------------------------------------
| epoch  39 |  1200/ 2104 batches | lr 0.00 | loss  1.84 | ppl     6.29
---------------------------------------------------------------------------------------
| epoch  39 |  1400/ 2104 batches | lr 0.00 | loss  1.84 | ppl     6.29
---------------------------------------------------------------------------------------
| epoch  39 |  1600/ 2104 batches | lr 0.00 | loss  1.85 | ppl     6.35
---------------------------------------------------------------------------------------
| epoch  39 |  1800/ 2104 batches | lr 0.00 | loss  1.84 | ppl     6.27
---------------------------------------------------------------------------------------
| epoch  39 |  2000/ 2104 batches | lr 0.00 | loss  1.84 | ppl     6.27
---------------------------------------------------------------------------------------
-----------------------------------------------------------------------------------------
| end of epoch  39 | time: 24.89s |valid ppl   117.00
-----------------------------------------------------------------------------------------
| epoch  40 |   200/ 2104 batches | lr 0.00 | loss  1.84 | ppl     6.31
---------------------------------------------------------------------------------------
| epoch  40 |   400/ 2104 batches | lr 0.00 | loss  1.83 | ppl     6.26
---------------------------------------------------------------------------------------
| epoch  40 |   600/ 2104 batches | lr 0.00 | loss  1.84 | ppl     6.31
---------------------------------------------------------------------------------------
| epoch  40 |   800/ 2104 batches | lr 0.00 | loss  1.84 | ppl     6.28
---------------------------------------------------------------------------------------
| epoch  40 |  1000/ 2104 batches | lr 0.00 | loss  1.83 | ppl     6.23
---------------------------------------------------------------------------------------
| epoch  40 |  1200/ 2104 batches | lr 0.00 | loss  1.85 | ppl     6.37
---------------------------------------------------------------------------------------
| epoch  40 |  1400/ 2104 batches | lr 0.00 | loss  1.84 | ppl     6.30
---------------------------------------------------------------------------------------
| epoch  40 |  1600/ 2104 batches | lr 0.00 | loss  1.85 | ppl     6.34
---------------------------------------------------------------------------------------
| epoch  40 |  1800/ 2104 batches | lr 0.00 | loss  1.83 | ppl     6.24
---------------------------------------------------------------------------------------
| epoch  40 |  2000/ 2104 batches | lr 0.00 | loss  1.83 | ppl     6.23
---------------------------------------------------------------------------------------
-----------------------------------------------------------------------------------------
| end of epoch  40 | time: 25.03s |valid ppl   117.00
-----------------------------------------------------------------------------------------
=========================================================================================
| End of training | test ppl   113.14
=========================================================================================

