Namespace(batch_size=20, clip=0.25, cuda=True, data='./data/penn', dict=None, dropout=0.2, emsize=200, epochs=40, log_interval=200, lr=1.0, lr_decay=2, nce=True, nhid=200, nlayers=2, noise_ratio=500, norm_term=9, prof=False, save='nce.pt', seed=1111, tb_name=None, train=True, weight_decay=1e-05)
Vocabulary size is 10001
RNNModel(
  (drop): Dropout(p=0.2)
  (encoder): Embedding(10001, 200)
  (rnn): LSTM(200, 200, num_layers=2, batch_first=True, dropout=0.2)
  (criterion): NCELoss(
    (ce_loss): CrossEntropyLoss(
    )
    (index_module): IndexLinear(in_features=200, out_features=10001)
  )
)
| epoch   1 |   200/ 2104 batches | lr 1.00 | loss  7.75 | ppl  2327.25
---------------------------------------------------------------------------------------
| epoch   1 |   400/ 2104 batches | lr 1.00 | loss  7.25 | ppl  1402.99
---------------------------------------------------------------------------------------
| epoch   1 |   600/ 2104 batches | lr 1.00 | loss  7.02 | ppl  1122.63
---------------------------------------------------------------------------------------
| epoch   1 |   800/ 2104 batches | lr 1.00 | loss  6.83 | ppl   928.05
---------------------------------------------------------------------------------------
| epoch   1 |  1000/ 2104 batches | lr 1.00 | loss  6.70 | ppl   811.79
---------------------------------------------------------------------------------------
| epoch   1 |  1200/ 2104 batches | lr 1.00 | loss  6.61 | ppl   743.89
---------------------------------------------------------------------------------------
| epoch   1 |  1400/ 2104 batches | lr 1.00 | loss  6.54 | ppl   690.17
---------------------------------------------------------------------------------------
| epoch   1 |  1600/ 2104 batches | lr 1.00 | loss  6.46 | ppl   638.06
---------------------------------------------------------------------------------------
| epoch   1 |  1800/ 2104 batches | lr 1.00 | loss  6.40 | ppl   601.15
---------------------------------------------------------------------------------------
| epoch   1 |  2000/ 2104 batches | lr 1.00 | loss  6.34 | ppl   569.20
---------------------------------------------------------------------------------------
-----------------------------------------------------------------------------------------
| end of epoch   1 | time: 185.93s |valid ppl   247.73
-----------------------------------------------------------------------------------------
| epoch   2 |   200/ 2104 batches | lr 1.00 | loss  6.27 | ppl   527.68
---------------------------------------------------------------------------------------
| epoch   2 |   400/ 2104 batches | lr 1.00 | loss  6.22 | ppl   503.51
---------------------------------------------------------------------------------------
| epoch   2 |   600/ 2104 batches | lr 1.00 | loss  6.19 | ppl   487.32
---------------------------------------------------------------------------------------
| epoch   2 |   800/ 2104 batches | lr 1.00 | loss  6.17 | ppl   478.78
---------------------------------------------------------------------------------------
| epoch   2 |  1000/ 2104 batches | lr 1.00 | loss  6.15 | ppl   468.21
---------------------------------------------------------------------------------------
| epoch   2 |  1200/ 2104 batches | lr 1.00 | loss  6.12 | ppl   453.64
---------------------------------------------------------------------------------------
| epoch   2 |  1400/ 2104 batches | lr 1.00 | loss  6.11 | ppl   449.98
---------------------------------------------------------------------------------------
| epoch   2 |  1600/ 2104 batches | lr 1.00 | loss  6.10 | ppl   444.52
---------------------------------------------------------------------------------------
| epoch   2 |  1800/ 2104 batches | lr 1.00 | loss  6.07 | ppl   433.40
---------------------------------------------------------------------------------------
| epoch   2 |  2000/ 2104 batches | lr 1.00 | loss  6.05 | ppl   422.23
---------------------------------------------------------------------------------------
-----------------------------------------------------------------------------------------
| end of epoch   2 | time: 186.84s |valid ppl   191.68
-----------------------------------------------------------------------------------------
| epoch   3 |   200/ 2104 batches | lr 1.00 | loss  5.98 | ppl   394.66
---------------------------------------------------------------------------------------
| epoch   3 |   400/ 2104 batches | lr 1.00 | loss  5.96 | ppl   389.15
---------------------------------------------------------------------------------------
| epoch   3 |   600/ 2104 batches | lr 1.00 | loss  5.96 | ppl   387.67
---------------------------------------------------------------------------------------
| epoch   3 |   800/ 2104 batches | lr 1.00 | loss  5.97 | ppl   389.62
---------------------------------------------------------------------------------------
| epoch   3 |  1000/ 2104 batches | lr 1.00 | loss  5.95 | ppl   384.73
---------------------------------------------------------------------------------------
| epoch   3 |  1200/ 2104 batches | lr 1.00 | loss  5.94 | ppl   380.19
---------------------------------------------------------------------------------------
| epoch   3 |  1400/ 2104 batches | lr 1.00 | loss  5.93 | ppl   376.20
---------------------------------------------------------------------------------------
| epoch   3 |  1600/ 2104 batches | lr 1.00 | loss  5.92 | ppl   371.59
---------------------------------------------------------------------------------------
| epoch   3 |  1800/ 2104 batches | lr 1.00 | loss  5.92 | ppl   371.88
---------------------------------------------------------------------------------------
| epoch   3 |  2000/ 2104 batches | lr 1.00 | loss  5.90 | ppl   364.58
---------------------------------------------------------------------------------------
-----------------------------------------------------------------------------------------
| end of epoch   3 | time: 186.75s |valid ppl   170.25
-----------------------------------------------------------------------------------------
| epoch   4 |   200/ 2104 batches | lr 1.00 | loss  5.83 | ppl   340.43
---------------------------------------------------------------------------------------
| epoch   4 |   400/ 2104 batches | lr 1.00 | loss  5.83 | ppl   339.51
---------------------------------------------------------------------------------------
| epoch   4 |   600/ 2104 batches | lr 1.00 | loss  5.82 | ppl   336.91
---------------------------------------------------------------------------------------
| epoch   4 |   800/ 2104 batches | lr 1.00 | loss  5.82 | ppl   338.20
---------------------------------------------------------------------------------------
| epoch   4 |  1000/ 2104 batches | lr 1.00 | loss  5.83 | ppl   341.11
---------------------------------------------------------------------------------------
| epoch   4 |  1200/ 2104 batches | lr 1.00 | loss  5.82 | ppl   337.54
---------------------------------------------------------------------------------------
| epoch   4 |  1400/ 2104 batches | lr 1.00 | loss  5.83 | ppl   341.30
---------------------------------------------------------------------------------------
| epoch   4 |  1600/ 2104 batches | lr 1.00 | loss  5.82 | ppl   338.17
---------------------------------------------------------------------------------------
| epoch   4 |  1800/ 2104 batches | lr 1.00 | loss  5.81 | ppl   332.51
---------------------------------------------------------------------------------------
| epoch   4 |  2000/ 2104 batches | lr 1.00 | loss  5.81 | ppl   334.14
---------------------------------------------------------------------------------------
-----------------------------------------------------------------------------------------
| end of epoch   4 | time: 186.42s |valid ppl   159.44
-----------------------------------------------------------------------------------------
| epoch   5 |   200/ 2104 batches | lr 1.00 | loss  5.73 | ppl   308.24
---------------------------------------------------------------------------------------
| epoch   5 |   400/ 2104 batches | lr 1.00 | loss  5.72 | ppl   305.90
---------------------------------------------------------------------------------------
| epoch   5 |   600/ 2104 batches | lr 1.00 | loss  5.73 | ppl   308.28
---------------------------------------------------------------------------------------
| epoch   5 |   800/ 2104 batches | lr 1.00 | loss  5.73 | ppl   308.49
---------------------------------------------------------------------------------------
| epoch   5 |  1000/ 2104 batches | lr 1.00 | loss  5.74 | ppl   310.89
---------------------------------------------------------------------------------------
| epoch   5 |  1200/ 2104 batches | lr 1.00 | loss  5.77 | ppl   319.07
---------------------------------------------------------------------------------------
| epoch   5 |  1400/ 2104 batches | lr 1.00 | loss  5.75 | ppl   313.73
---------------------------------------------------------------------------------------
| epoch   5 |  1600/ 2104 batches | lr 1.00 | loss  5.75 | ppl   313.76
---------------------------------------------------------------------------------------
| epoch   5 |  1800/ 2104 batches | lr 1.00 | loss  5.75 | ppl   313.24
---------------------------------------------------------------------------------------
| epoch   5 |  2000/ 2104 batches | lr 1.00 | loss  5.73 | ppl   309.45
---------------------------------------------------------------------------------------
-----------------------------------------------------------------------------------------
| end of epoch   5 | time: 186.86s |valid ppl   148.71
-----------------------------------------------------------------------------------------
| epoch   6 |   200/ 2104 batches | lr 1.00 | loss  5.67 | ppl   290.05
---------------------------------------------------------------------------------------
| epoch   6 |   400/ 2104 batches | lr 1.00 | loss  5.64 | ppl   281.65
---------------------------------------------------------------------------------------
| epoch   6 |   600/ 2104 batches | lr 1.00 | loss  5.67 | ppl   290.24
---------------------------------------------------------------------------------------
| epoch   6 |   800/ 2104 batches | lr 1.00 | loss  5.69 | ppl   295.16
---------------------------------------------------------------------------------------
| epoch   6 |  1000/ 2104 batches | lr 1.00 | loss  5.68 | ppl   292.89
---------------------------------------------------------------------------------------
| epoch   6 |  1200/ 2104 batches | lr 1.00 | loss  5.68 | ppl   293.47
---------------------------------------------------------------------------------------
| epoch   6 |  1400/ 2104 batches | lr 1.00 | loss  5.69 | ppl   296.05
---------------------------------------------------------------------------------------
| epoch   6 |  1600/ 2104 batches | lr 1.00 | loss  5.69 | ppl   294.83
---------------------------------------------------------------------------------------
| epoch   6 |  1800/ 2104 batches | lr 1.00 | loss  5.70 | ppl   298.08
---------------------------------------------------------------------------------------
| epoch   6 |  2000/ 2104 batches | lr 1.00 | loss  5.69 | ppl   296.83
---------------------------------------------------------------------------------------
-----------------------------------------------------------------------------------------
| end of epoch   6 | time: 187.88s |valid ppl   143.30
-----------------------------------------------------------------------------------------
| epoch   7 |   200/ 2104 batches | lr 1.00 | loss  5.60 | ppl   271.58
---------------------------------------------------------------------------------------
| epoch   7 |   400/ 2104 batches | lr 1.00 | loss  5.60 | ppl   270.49
---------------------------------------------------------------------------------------
| epoch   7 |   600/ 2104 batches | lr 1.00 | loss  5.62 | ppl   275.62
---------------------------------------------------------------------------------------
| epoch   7 |   800/ 2104 batches | lr 1.00 | loss  5.64 | ppl   281.45
---------------------------------------------------------------------------------------
| epoch   7 |  1000/ 2104 batches | lr 1.00 | loss  5.64 | ppl   280.75
---------------------------------------------------------------------------------------
| epoch   7 |  1200/ 2104 batches | lr 1.00 | loss  5.64 | ppl   282.38
---------------------------------------------------------------------------------------
| epoch   7 |  1400/ 2104 batches | lr 1.00 | loss  5.64 | ppl   281.97
---------------------------------------------------------------------------------------
| epoch   7 |  1600/ 2104 batches | lr 1.00 | loss  5.66 | ppl   285.85
---------------------------------------------------------------------------------------
| epoch   7 |  1800/ 2104 batches | lr 1.00 | loss  5.66 | ppl   287.15
---------------------------------------------------------------------------------------
| epoch   7 |  2000/ 2104 batches | lr 1.00 | loss  5.63 | ppl   279.18
---------------------------------------------------------------------------------------
-----------------------------------------------------------------------------------------
| end of epoch   7 | time: 187.68s |valid ppl   140.17
-----------------------------------------------------------------------------------------
| epoch   8 |   200/ 2104 batches | lr 1.00 | loss  5.56 | ppl   259.84
---------------------------------------------------------------------------------------
| epoch   8 |   400/ 2104 batches | lr 1.00 | loss  5.58 | ppl   265.73
---------------------------------------------------------------------------------------
| epoch   8 |   600/ 2104 batches | lr 1.00 | loss  5.56 | ppl   260.14
---------------------------------------------------------------------------------------
| epoch   8 |   800/ 2104 batches | lr 1.00 | loss  5.59 | ppl   266.69
---------------------------------------------------------------------------------------
| epoch   8 |  1000/ 2104 batches | lr 1.00 | loss  5.61 | ppl   272.13
---------------------------------------------------------------------------------------
| epoch   8 |  1200/ 2104 batches | lr 1.00 | loss  5.60 | ppl   269.12
---------------------------------------------------------------------------------------
| epoch   8 |  1400/ 2104 batches | lr 1.00 | loss  5.62 | ppl   275.31
---------------------------------------------------------------------------------------
| epoch   8 |  1600/ 2104 batches | lr 1.00 | loss  5.61 | ppl   273.33
---------------------------------------------------------------------------------------
| epoch   8 |  1800/ 2104 batches | lr 1.00 | loss  5.62 | ppl   276.92
---------------------------------------------------------------------------------------
| epoch   8 |  2000/ 2104 batches | lr 1.00 | loss  5.61 | ppl   272.84
---------------------------------------------------------------------------------------
-----------------------------------------------------------------------------------------
| end of epoch   8 | time: 185.35s |valid ppl   135.39
-----------------------------------------------------------------------------------------
| epoch   9 |   200/ 2104 batches | lr 1.00 | loss  5.54 | ppl   255.67
---------------------------------------------------------------------------------------
| epoch   9 |   400/ 2104 batches | lr 1.00 | loss  5.52 | ppl   249.40
---------------------------------------------------------------------------------------
| epoch   9 |   600/ 2104 batches | lr 1.00 | loss  5.54 | ppl   255.70
---------------------------------------------------------------------------------------
| epoch   9 |   800/ 2104 batches | lr 1.00 | loss  5.55 | ppl   256.77
---------------------------------------------------------------------------------------
| epoch   9 |  1000/ 2104 batches | lr 1.00 | loss  5.57 | ppl   261.21
---------------------------------------------------------------------------------------
| epoch   9 |  1200/ 2104 batches | lr 1.00 | loss  5.56 | ppl   260.47
---------------------------------------------------------------------------------------
| epoch   9 |  1400/ 2104 batches | lr 1.00 | loss  5.57 | ppl   262.20
---------------------------------------------------------------------------------------
| epoch   9 |  1600/ 2104 batches | lr 1.00 | loss  5.60 | ppl   270.51
---------------------------------------------------------------------------------------
| epoch   9 |  1800/ 2104 batches | lr 1.00 | loss  5.60 | ppl   269.38
---------------------------------------------------------------------------------------
| epoch   9 |  2000/ 2104 batches | lr 1.00 | loss  5.59 | ppl   268.11
---------------------------------------------------------------------------------------
-----------------------------------------------------------------------------------------
| end of epoch   9 | time: 188.14s |valid ppl   133.37
-----------------------------------------------------------------------------------------
| epoch  10 |   200/ 2104 batches | lr 1.00 | loss  5.51 | ppl   247.73
---------------------------------------------------------------------------------------
| epoch  10 |   400/ 2104 batches | lr 1.00 | loss  5.50 | ppl   244.64
---------------------------------------------------------------------------------------
| epoch  10 |   600/ 2104 batches | lr 1.00 | loss  5.52 | ppl   250.04
---------------------------------------------------------------------------------------
| epoch  10 |   800/ 2104 batches | lr 1.00 | loss  5.53 | ppl   252.88
---------------------------------------------------------------------------------------
| epoch  10 |  1000/ 2104 batches | lr 1.00 | loss  5.54 | ppl   254.62
---------------------------------------------------------------------------------------
| epoch  10 |  1200/ 2104 batches | lr 1.00 | loss  5.54 | ppl   253.96
---------------------------------------------------------------------------------------
| epoch  10 |  1400/ 2104 batches | lr 1.00 | loss  5.56 | ppl   258.68
---------------------------------------------------------------------------------------
| epoch  10 |  1600/ 2104 batches | lr 1.00 | loss  5.55 | ppl   256.46
---------------------------------------------------------------------------------------
| epoch  10 |  1800/ 2104 batches | lr 1.00 | loss  5.56 | ppl   260.75
---------------------------------------------------------------------------------------
| epoch  10 |  2000/ 2104 batches | lr 1.00 | loss  5.56 | ppl   260.01
---------------------------------------------------------------------------------------
-----------------------------------------------------------------------------------------
| end of epoch  10 | time: 187.34s |valid ppl   130.71
-----------------------------------------------------------------------------------------
| epoch  11 |   200/ 2104 batches | lr 1.00 | loss  5.47 | ppl   237.32
---------------------------------------------------------------------------------------
| epoch  11 |   400/ 2104 batches | lr 1.00 | loss  5.49 | ppl   241.90
---------------------------------------------------------------------------------------
| epoch  11 |   600/ 2104 batches | lr 1.00 | loss  5.51 | ppl   248.04
---------------------------------------------------------------------------------------
| epoch  11 |   800/ 2104 batches | lr 1.00 | loss  5.52 | ppl   249.94
---------------------------------------------------------------------------------------
| epoch  11 |  1000/ 2104 batches | lr 1.00 | loss  5.51 | ppl   247.43
---------------------------------------------------------------------------------------
| epoch  11 |  1200/ 2104 batches | lr 1.00 | loss  5.51 | ppl   247.86
---------------------------------------------------------------------------------------
| epoch  11 |  1400/ 2104 batches | lr 1.00 | loss  5.54 | ppl   255.93
---------------------------------------------------------------------------------------
| epoch  11 |  1600/ 2104 batches | lr 1.00 | loss  5.54 | ppl   255.77
---------------------------------------------------------------------------------------
| epoch  11 |  1800/ 2104 batches | lr 1.00 | loss  5.53 | ppl   253.35
---------------------------------------------------------------------------------------
| epoch  11 |  2000/ 2104 batches | lr 1.00 | loss  5.53 | ppl   252.58
---------------------------------------------------------------------------------------
-----------------------------------------------------------------------------------------
| end of epoch  11 | time: 187.54s |valid ppl   129.32
-----------------------------------------------------------------------------------------
| epoch  12 |   200/ 2104 batches | lr 1.00 | loss  5.45 | ppl   233.09
---------------------------------------------------------------------------------------
| epoch  12 |   400/ 2104 batches | lr 1.00 | loss  5.48 | ppl   239.52
---------------------------------------------------------------------------------------
| epoch  12 |   600/ 2104 batches | lr 1.00 | loss  5.46 | ppl   236.02
---------------------------------------------------------------------------------------
| epoch  12 |   800/ 2104 batches | lr 1.00 | loss  5.49 | ppl   241.62
---------------------------------------------------------------------------------------
| epoch  12 |  1000/ 2104 batches | lr 1.00 | loss  5.50 | ppl   244.29
---------------------------------------------------------------------------------------
| epoch  12 |  1200/ 2104 batches | lr 1.00 | loss  5.51 | ppl   248.08
---------------------------------------------------------------------------------------
| epoch  12 |  1400/ 2104 batches | lr 1.00 | loss  5.53 | ppl   251.03
---------------------------------------------------------------------------------------
| epoch  12 |  1600/ 2104 batches | lr 1.00 | loss  5.53 | ppl   251.44
---------------------------------------------------------------------------------------
| epoch  12 |  1800/ 2104 batches | lr 1.00 | loss  5.52 | ppl   250.76
---------------------------------------------------------------------------------------
| epoch  12 |  2000/ 2104 batches | lr 1.00 | loss  5.53 | ppl   251.59
---------------------------------------------------------------------------------------
-----------------------------------------------------------------------------------------
| end of epoch  12 | time: 187.43s |valid ppl   128.74
-----------------------------------------------------------------------------------------
| epoch  13 |   200/ 2104 batches | lr 1.00 | loss  5.44 | ppl   231.00
---------------------------------------------------------------------------------------
| epoch  13 |   400/ 2104 batches | lr 1.00 | loss  5.46 | ppl   234.99
---------------------------------------------------------------------------------------
| epoch  13 |   600/ 2104 batches | lr 1.00 | loss  5.45 | ppl   233.62
---------------------------------------------------------------------------------------
| epoch  13 |   800/ 2104 batches | lr 1.00 | loss  5.47 | ppl   237.73
---------------------------------------------------------------------------------------
| epoch  13 |  1000/ 2104 batches | lr 1.00 | loss  5.48 | ppl   239.36
---------------------------------------------------------------------------------------
| epoch  13 |  1200/ 2104 batches | lr 1.00 | loss  5.52 | ppl   248.40
---------------------------------------------------------------------------------------
| epoch  13 |  1400/ 2104 batches | lr 1.00 | loss  5.49 | ppl   241.77
---------------------------------------------------------------------------------------
| epoch  13 |  1600/ 2104 batches | lr 1.00 | loss  5.48 | ppl   241.01
---------------------------------------------------------------------------------------
| epoch  13 |  1800/ 2104 batches | lr 1.00 | loss  5.52 | ppl   248.44
---------------------------------------------------------------------------------------
| epoch  13 |  2000/ 2104 batches | lr 1.00 | loss  5.52 | ppl   248.46
---------------------------------------------------------------------------------------
-----------------------------------------------------------------------------------------
| end of epoch  13 | time: 185.96s |valid ppl   126.37
-----------------------------------------------------------------------------------------
| epoch  14 |   200/ 2104 batches | lr 1.00 | loss  5.43 | ppl   229.20
---------------------------------------------------------------------------------------
| epoch  14 |   400/ 2104 batches | lr 1.00 | loss  5.43 | ppl   228.38
---------------------------------------------------------------------------------------
| epoch  14 |   600/ 2104 batches | lr 1.00 | loss  5.46 | ppl   234.17
---------------------------------------------------------------------------------------
| epoch  14 |   800/ 2104 batches | lr 1.00 | loss  5.45 | ppl   233.14
---------------------------------------------------------------------------------------
| epoch  14 |  1000/ 2104 batches | lr 1.00 | loss  5.47 | ppl   237.38
---------------------------------------------------------------------------------------
| epoch  14 |  1200/ 2104 batches | lr 1.00 | loss  5.50 | ppl   245.48
---------------------------------------------------------------------------------------
| epoch  14 |  1400/ 2104 batches | lr 1.00 | loss  5.48 | ppl   240.66
---------------------------------------------------------------------------------------
| epoch  14 |  1600/ 2104 batches | lr 1.00 | loss  5.50 | ppl   245.00
---------------------------------------------------------------------------------------
| epoch  14 |  1800/ 2104 batches | lr 1.00 | loss  5.50 | ppl   243.94
---------------------------------------------------------------------------------------
| epoch  14 |  2000/ 2104 batches | lr 1.00 | loss  5.49 | ppl   242.97
---------------------------------------------------------------------------------------
-----------------------------------------------------------------------------------------
| end of epoch  14 | time: 188.03s |valid ppl   125.30
-----------------------------------------------------------------------------------------
| epoch  15 |   200/ 2104 batches | lr 1.00 | loss  5.42 | ppl   224.87
---------------------------------------------------------------------------------------
| epoch  15 |   400/ 2104 batches | lr 1.00 | loss  5.42 | ppl   225.40
---------------------------------------------------------------------------------------
| epoch  15 |   600/ 2104 batches | lr 1.00 | loss  5.44 | ppl   230.81
---------------------------------------------------------------------------------------
| epoch  15 |   800/ 2104 batches | lr 1.00 | loss  5.44 | ppl   229.43
---------------------------------------------------------------------------------------
| epoch  15 |  1000/ 2104 batches | lr 1.00 | loss  5.45 | ppl   233.20
---------------------------------------------------------------------------------------
| epoch  15 |  1200/ 2104 batches | lr 1.00 | loss  5.47 | ppl   237.17
---------------------------------------------------------------------------------------
| epoch  15 |  1400/ 2104 batches | lr 1.00 | loss  5.48 | ppl   239.82
---------------------------------------------------------------------------------------
| epoch  15 |  1600/ 2104 batches | lr 1.00 | loss  5.51 | ppl   246.72
---------------------------------------------------------------------------------------
| epoch  15 |  1800/ 2104 batches | lr 1.00 | loss  5.49 | ppl   242.14
---------------------------------------------------------------------------------------
| epoch  15 |  2000/ 2104 batches | lr 1.00 | loss  5.48 | ppl   238.97
---------------------------------------------------------------------------------------
-----------------------------------------------------------------------------------------
| end of epoch  15 | time: 188.28s |valid ppl   124.10
-----------------------------------------------------------------------------------------
| epoch  16 |   200/ 2104 batches | lr 1.00 | loss  5.40 | ppl   220.83
---------------------------------------------------------------------------------------
| epoch  16 |   400/ 2104 batches | lr 1.00 | loss  5.41 | ppl   224.17
---------------------------------------------------------------------------------------
| epoch  16 |   600/ 2104 batches | lr 1.00 | loss  5.41 | ppl   224.31
---------------------------------------------------------------------------------------
| epoch  16 |   800/ 2104 batches | lr 1.00 | loss  5.44 | ppl   230.16
---------------------------------------------------------------------------------------
| epoch  16 |  1000/ 2104 batches | lr 1.00 | loss  5.45 | ppl   233.32
---------------------------------------------------------------------------------------
| epoch  16 |  1200/ 2104 batches | lr 1.00 | loss  5.47 | ppl   237.65
---------------------------------------------------------------------------------------
| epoch  16 |  1400/ 2104 batches | lr 1.00 | loss  5.45 | ppl   231.78
---------------------------------------------------------------------------------------
| epoch  16 |  1600/ 2104 batches | lr 1.00 | loss  5.50 | ppl   243.49
---------------------------------------------------------------------------------------
| epoch  16 |  1800/ 2104 batches | lr 1.00 | loss  5.47 | ppl   236.72
---------------------------------------------------------------------------------------
| epoch  16 |  2000/ 2104 batches | lr 1.00 | loss  5.49 | ppl   242.41
---------------------------------------------------------------------------------------
-----------------------------------------------------------------------------------------
| end of epoch  16 | time: 187.67s |valid ppl   122.41
-----------------------------------------------------------------------------------------
| epoch  17 |   200/ 2104 batches | lr 1.00 | loss  5.38 | ppl   218.08
---------------------------------------------------------------------------------------
| epoch  17 |   400/ 2104 batches | lr 1.00 | loss  5.41 | ppl   223.72
---------------------------------------------------------------------------------------
| epoch  17 |   600/ 2104 batches | lr 1.00 | loss  5.42 | ppl   225.46
---------------------------------------------------------------------------------------
| epoch  17 |   800/ 2104 batches | lr 1.00 | loss  5.46 | ppl   235.10
---------------------------------------------------------------------------------------
| epoch  17 |  1000/ 2104 batches | lr 1.00 | loss  5.44 | ppl   231.47
---------------------------------------------------------------------------------------
| epoch  17 |  1200/ 2104 batches | lr 1.00 | loss  5.44 | ppl   230.94
---------------------------------------------------------------------------------------
| epoch  17 |  1400/ 2104 batches | lr 1.00 | loss  5.46 | ppl   235.47
---------------------------------------------------------------------------------------
| epoch  17 |  1600/ 2104 batches | lr 1.00 | loss  5.45 | ppl   232.04
---------------------------------------------------------------------------------------
| epoch  17 |  1800/ 2104 batches | lr 1.00 | loss  5.46 | ppl   235.55
---------------------------------------------------------------------------------------
| epoch  17 |  2000/ 2104 batches | lr 1.00 | loss  5.48 | ppl   239.29
---------------------------------------------------------------------------------------
-----------------------------------------------------------------------------------------
| end of epoch  17 | time: 185.96s |valid ppl   124.05
-----------------------------------------------------------------------------------------
| epoch  18 |   200/ 2104 batches | lr 0.50 | loss  5.31 | ppl   202.78
---------------------------------------------------------------------------------------
| epoch  18 |   400/ 2104 batches | lr 0.50 | loss  5.29 | ppl   197.59
---------------------------------------------------------------------------------------
| epoch  18 |   600/ 2104 batches | lr 0.50 | loss  5.29 | ppl   199.28
---------------------------------------------------------------------------------------
| epoch  18 |   800/ 2104 batches | lr 0.50 | loss  5.31 | ppl   201.50
---------------------------------------------------------------------------------------
| epoch  18 |  1000/ 2104 batches | lr 0.50 | loss  5.31 | ppl   201.48
---------------------------------------------------------------------------------------
| epoch  18 |  1200/ 2104 batches | lr 0.50 | loss  5.33 | ppl   205.95
---------------------------------------------------------------------------------------
| epoch  18 |  1400/ 2104 batches | lr 0.50 | loss  5.30 | ppl   200.89
---------------------------------------------------------------------------------------
| epoch  18 |  1600/ 2104 batches | lr 0.50 | loss  5.30 | ppl   200.69
---------------------------------------------------------------------------------------
| epoch  18 |  1800/ 2104 batches | lr 0.50 | loss  5.32 | ppl   205.24
---------------------------------------------------------------------------------------
| epoch  18 |  2000/ 2104 batches | lr 0.50 | loss  5.32 | ppl   205.05
---------------------------------------------------------------------------------------
-----------------------------------------------------------------------------------------
| end of epoch  18 | time: 187.68s |valid ppl   112.19
-----------------------------------------------------------------------------------------
| epoch  19 |   200/ 2104 batches | lr 0.50 | loss  5.26 | ppl   192.59
---------------------------------------------------------------------------------------
| epoch  19 |   400/ 2104 batches | lr 0.50 | loss  5.24 | ppl   189.19
---------------------------------------------------------------------------------------
| epoch  19 |   600/ 2104 batches | lr 0.50 | loss  5.27 | ppl   195.24
---------------------------------------------------------------------------------------
| epoch  19 |   800/ 2104 batches | lr 0.50 | loss  5.27 | ppl   193.62
---------------------------------------------------------------------------------------
| epoch  19 |  1000/ 2104 batches | lr 0.50 | loss  5.28 | ppl   197.22
---------------------------------------------------------------------------------------
| epoch  19 |  1200/ 2104 batches | lr 0.50 | loss  5.29 | ppl   198.17
---------------------------------------------------------------------------------------
| epoch  19 |  1400/ 2104 batches | lr 0.50 | loss  5.30 | ppl   200.54
---------------------------------------------------------------------------------------
| epoch  19 |  1600/ 2104 batches | lr 0.50 | loss  5.30 | ppl   199.54
---------------------------------------------------------------------------------------
| epoch  19 |  1800/ 2104 batches | lr 0.50 | loss  5.30 | ppl   201.18
---------------------------------------------------------------------------------------
| epoch  19 |  2000/ 2104 batches | lr 0.50 | loss  5.32 | ppl   205.07
---------------------------------------------------------------------------------------
-----------------------------------------------------------------------------------------
| end of epoch  19 | time: 187.78s |valid ppl   112.75
-----------------------------------------------------------------------------------------
| epoch  20 |   200/ 2104 batches | lr 0.25 | loss  5.23 | ppl   186.73
---------------------------------------------------------------------------------------
| epoch  20 |   400/ 2104 batches | lr 0.25 | loss  5.20 | ppl   180.59
---------------------------------------------------------------------------------------
| epoch  20 |   600/ 2104 batches | lr 0.25 | loss  5.21 | ppl   183.87
---------------------------------------------------------------------------------------
| epoch  20 |   800/ 2104 batches | lr 0.25 | loss  5.18 | ppl   178.00
---------------------------------------------------------------------------------------
| epoch  20 |  1000/ 2104 batches | lr 0.25 | loss  5.21 | ppl   183.28
---------------------------------------------------------------------------------------
| epoch  20 |  1200/ 2104 batches | lr 0.25 | loss  5.20 | ppl   182.02
---------------------------------------------------------------------------------------
| epoch  20 |  1400/ 2104 batches | lr 0.25 | loss  5.21 | ppl   183.87
---------------------------------------------------------------------------------------
| epoch  20 |  1600/ 2104 batches | lr 0.25 | loss  5.21 | ppl   182.76
---------------------------------------------------------------------------------------
| epoch  20 |  1800/ 2104 batches | lr 0.25 | loss  5.23 | ppl   187.72
---------------------------------------------------------------------------------------
| epoch  20 |  2000/ 2104 batches | lr 0.25 | loss  5.21 | ppl   182.77
---------------------------------------------------------------------------------------
-----------------------------------------------------------------------------------------
| end of epoch  20 | time: 187.48s |valid ppl   108.20
-----------------------------------------------------------------------------------------
| epoch  21 |   200/ 2104 batches | lr 0.25 | loss  5.21 | ppl   182.42
---------------------------------------------------------------------------------------
| epoch  21 |   400/ 2104 batches | lr 0.25 | loss  5.17 | ppl   176.00
---------------------------------------------------------------------------------------
| epoch  21 |   600/ 2104 batches | lr 0.25 | loss  5.18 | ppl   177.15
---------------------------------------------------------------------------------------
| epoch  21 |   800/ 2104 batches | lr 0.25 | loss  5.18 | ppl   177.94
---------------------------------------------------------------------------------------
| epoch  21 |  1000/ 2104 batches | lr 0.25 | loss  5.22 | ppl   184.70
---------------------------------------------------------------------------------------
| epoch  21 |  1200/ 2104 batches | lr 0.25 | loss  5.18 | ppl   177.28
---------------------------------------------------------------------------------------
| epoch  21 |  1400/ 2104 batches | lr 0.25 | loss  5.23 | ppl   186.05
---------------------------------------------------------------------------------------
| epoch  21 |  1600/ 2104 batches | lr 0.25 | loss  5.21 | ppl   182.78
---------------------------------------------------------------------------------------
| epoch  21 |  1800/ 2104 batches | lr 0.25 | loss  5.19 | ppl   180.20
---------------------------------------------------------------------------------------
| epoch  21 |  2000/ 2104 batches | lr 0.25 | loss  5.20 | ppl   181.03
---------------------------------------------------------------------------------------
-----------------------------------------------------------------------------------------
| end of epoch  21 | time: 188.29s |valid ppl   108.51
-----------------------------------------------------------------------------------------
| epoch  22 |   200/ 2104 batches | lr 0.12 | loss  5.17 | ppl   176.48
---------------------------------------------------------------------------------------
| epoch  22 |   400/ 2104 batches | lr 0.12 | loss  5.14 | ppl   170.18
---------------------------------------------------------------------------------------
| epoch  22 |   600/ 2104 batches | lr 0.12 | loss  5.15 | ppl   173.28
---------------------------------------------------------------------------------------
| epoch  22 |   800/ 2104 batches | lr 0.12 | loss  5.14 | ppl   170.01
---------------------------------------------------------------------------------------
| epoch  22 |  1000/ 2104 batches | lr 0.12 | loss  5.15 | ppl   172.01
---------------------------------------------------------------------------------------
| epoch  22 |  1200/ 2104 batches | lr 0.12 | loss  5.14 | ppl   170.47
---------------------------------------------------------------------------------------
| epoch  22 |  1400/ 2104 batches | lr 0.12 | loss  5.16 | ppl   174.36
---------------------------------------------------------------------------------------
| epoch  22 |  1600/ 2104 batches | lr 0.12 | loss  5.15 | ppl   172.99
---------------------------------------------------------------------------------------
| epoch  22 |  1800/ 2104 batches | lr 0.12 | loss  5.16 | ppl   174.27
---------------------------------------------------------------------------------------
| epoch  22 |  2000/ 2104 batches | lr 0.12 | loss  5.17 | ppl   176.02
---------------------------------------------------------------------------------------
-----------------------------------------------------------------------------------------
| end of epoch  22 | time: 186.70s |valid ppl   106.43
-----------------------------------------------------------------------------------------
| epoch  23 |   200/ 2104 batches | lr 0.12 | loss  5.15 | ppl   172.46
---------------------------------------------------------------------------------------
| epoch  23 |   400/ 2104 batches | lr 0.12 | loss  5.14 | ppl   171.31
---------------------------------------------------------------------------------------
| epoch  23 |   600/ 2104 batches | lr 0.12 | loss  5.14 | ppl   170.46
---------------------------------------------------------------------------------------
| epoch  23 |   800/ 2104 batches | lr 0.12 | loss  5.15 | ppl   172.84
---------------------------------------------------------------------------------------
| epoch  23 |  1000/ 2104 batches | lr 0.12 | loss  5.13 | ppl   168.69
---------------------------------------------------------------------------------------
| epoch  23 |  1200/ 2104 batches | lr 0.12 | loss  5.14 | ppl   171.31
---------------------------------------------------------------------------------------
| epoch  23 |  1400/ 2104 batches | lr 0.12 | loss  5.14 | ppl   170.16
---------------------------------------------------------------------------------------
| epoch  23 |  1600/ 2104 batches | lr 0.12 | loss  5.15 | ppl   172.18
---------------------------------------------------------------------------------------
| epoch  23 |  1800/ 2104 batches | lr 0.12 | loss  5.14 | ppl   170.81
---------------------------------------------------------------------------------------
| epoch  23 |  2000/ 2104 batches | lr 0.12 | loss  5.17 | ppl   176.46
---------------------------------------------------------------------------------------
-----------------------------------------------------------------------------------------
| end of epoch  23 | time: 187.91s |valid ppl   106.03
-----------------------------------------------------------------------------------------
| epoch  24 |   200/ 2104 batches | lr 0.12 | loss  5.15 | ppl   172.21
---------------------------------------------------------------------------------------
| epoch  24 |   400/ 2104 batches | lr 0.12 | loss  5.12 | ppl   168.11
---------------------------------------------------------------------------------------
| epoch  24 |   600/ 2104 batches | lr 0.12 | loss  5.13 | ppl   169.55
---------------------------------------------------------------------------------------
| epoch  24 |   800/ 2104 batches | lr 0.12 | loss  5.12 | ppl   166.89
---------------------------------------------------------------------------------------
| epoch  24 |  1000/ 2104 batches | lr 0.12 | loss  5.15 | ppl   172.63
---------------------------------------------------------------------------------------
| epoch  24 |  1200/ 2104 batches | lr 0.12 | loss  5.16 | ppl   174.24
---------------------------------------------------------------------------------------
| epoch  24 |  1400/ 2104 batches | lr 0.12 | loss  5.14 | ppl   171.02
---------------------------------------------------------------------------------------
| epoch  24 |  1600/ 2104 batches | lr 0.12 | loss  5.17 | ppl   175.47
---------------------------------------------------------------------------------------
| epoch  24 |  1800/ 2104 batches | lr 0.12 | loss  5.16 | ppl   173.47
---------------------------------------------------------------------------------------
| epoch  24 |  2000/ 2104 batches | lr 0.12 | loss  5.14 | ppl   170.60
---------------------------------------------------------------------------------------
-----------------------------------------------------------------------------------------
| end of epoch  24 | time: 188.18s |valid ppl   106.21
-----------------------------------------------------------------------------------------
| epoch  25 |   200/ 2104 batches | lr 0.06 | loss  5.14 | ppl   171.37
---------------------------------------------------------------------------------------
| epoch  25 |   400/ 2104 batches | lr 0.06 | loss  5.11 | ppl   165.58
---------------------------------------------------------------------------------------
| epoch  25 |   600/ 2104 batches | lr 0.06 | loss  5.13 | ppl   169.24
---------------------------------------------------------------------------------------
| epoch  25 |   800/ 2104 batches | lr 0.06 | loss  5.11 | ppl   166.18
---------------------------------------------------------------------------------------
| epoch  25 |  1000/ 2104 batches | lr 0.06 | loss  5.12 | ppl   168.02
---------------------------------------------------------------------------------------
| epoch  25 |  1200/ 2104 batches | lr 0.06 | loss  5.11 | ppl   164.93
---------------------------------------------------------------------------------------
| epoch  25 |  1400/ 2104 batches | lr 0.06 | loss  5.13 | ppl   169.29
---------------------------------------------------------------------------------------
| epoch  25 |  1600/ 2104 batches | lr 0.06 | loss  5.11 | ppl   166.01
---------------------------------------------------------------------------------------
| epoch  25 |  1800/ 2104 batches | lr 0.06 | loss  5.11 | ppl   165.57
---------------------------------------------------------------------------------------
| epoch  25 |  2000/ 2104 batches | lr 0.06 | loss  5.14 | ppl   169.96
---------------------------------------------------------------------------------------
-----------------------------------------------------------------------------------------
| end of epoch  25 | time: 188.04s |valid ppl   105.53
-----------------------------------------------------------------------------------------
| epoch  26 |   200/ 2104 batches | lr 0.06 | loss  5.12 | ppl   167.35
---------------------------------------------------------------------------------------
| epoch  26 |   400/ 2104 batches | lr 0.06 | loss  5.11 | ppl   166.27
---------------------------------------------------------------------------------------
| epoch  26 |   600/ 2104 batches | lr 0.06 | loss  5.11 | ppl   165.70
---------------------------------------------------------------------------------------
| epoch  26 |   800/ 2104 batches | lr 0.06 | loss  5.08 | ppl   161.14
---------------------------------------------------------------------------------------
| epoch  26 |  1000/ 2104 batches | lr 0.06 | loss  5.12 | ppl   167.69
---------------------------------------------------------------------------------------
| epoch  26 |  1200/ 2104 batches | lr 0.06 | loss  5.12 | ppl   166.76
---------------------------------------------------------------------------------------
| epoch  26 |  1400/ 2104 batches | lr 0.06 | loss  5.13 | ppl   168.45
---------------------------------------------------------------------------------------
| epoch  26 |  1600/ 2104 batches | lr 0.06 | loss  5.12 | ppl   167.07
---------------------------------------------------------------------------------------
| epoch  26 |  1800/ 2104 batches | lr 0.06 | loss  5.12 | ppl   167.81
---------------------------------------------------------------------------------------
| epoch  26 |  2000/ 2104 batches | lr 0.06 | loss  5.13 | ppl   168.89
---------------------------------------------------------------------------------------
-----------------------------------------------------------------------------------------
| end of epoch  26 | time: 186.70s |valid ppl   105.35
-----------------------------------------------------------------------------------------
| epoch  27 |   200/ 2104 batches | lr 0.06 | loss  5.12 | ppl   168.05
---------------------------------------------------------------------------------------
| epoch  27 |   400/ 2104 batches | lr 0.06 | loss  5.10 | ppl   164.21
---------------------------------------------------------------------------------------
| epoch  27 |   600/ 2104 batches | lr 0.06 | loss  5.10 | ppl   164.75
---------------------------------------------------------------------------------------
| epoch  27 |   800/ 2104 batches | lr 0.06 | loss  5.11 | ppl   165.65
---------------------------------------------------------------------------------------
| epoch  27 |  1000/ 2104 batches | lr 0.06 | loss  5.13 | ppl   168.67
---------------------------------------------------------------------------------------
| epoch  27 |  1200/ 2104 batches | lr 0.06 | loss  5.11 | ppl   165.39
---------------------------------------------------------------------------------------
| epoch  27 |  1400/ 2104 batches | lr 0.06 | loss  5.11 | ppl   166.14
---------------------------------------------------------------------------------------
| epoch  27 |  1600/ 2104 batches | lr 0.06 | loss  5.11 | ppl   165.60
---------------------------------------------------------------------------------------
| epoch  27 |  1800/ 2104 batches | lr 0.06 | loss  5.12 | ppl   167.29
---------------------------------------------------------------------------------------
| epoch  27 |  2000/ 2104 batches | lr 0.06 | loss  5.14 | ppl   169.96
---------------------------------------------------------------------------------------
-----------------------------------------------------------------------------------------
| end of epoch  27 | time: 187.90s |valid ppl   105.24
-----------------------------------------------------------------------------------------
| epoch  28 |   200/ 2104 batches | lr 0.06 | loss  5.14 | ppl   170.81
---------------------------------------------------------------------------------------
| epoch  28 |   400/ 2104 batches | lr 0.06 | loss  5.09 | ppl   162.16
---------------------------------------------------------------------------------------
| epoch  28 |   600/ 2104 batches | lr 0.06 | loss  5.09 | ppl   161.80
---------------------------------------------------------------------------------------
| epoch  28 |   800/ 2104 batches | lr 0.06 | loss  5.12 | ppl   166.73
---------------------------------------------------------------------------------------
| epoch  28 |  1000/ 2104 batches | lr 0.06 | loss  5.12 | ppl   166.68
---------------------------------------------------------------------------------------
| epoch  28 |  1200/ 2104 batches | lr 0.06 | loss  5.12 | ppl   166.87
---------------------------------------------------------------------------------------
| epoch  28 |  1400/ 2104 batches | lr 0.06 | loss  5.11 | ppl   165.49
---------------------------------------------------------------------------------------
| epoch  28 |  1600/ 2104 batches | lr 0.06 | loss  5.13 | ppl   169.02
---------------------------------------------------------------------------------------
| epoch  28 |  1800/ 2104 batches | lr 0.06 | loss  5.12 | ppl   167.66
---------------------------------------------------------------------------------------
| epoch  28 |  2000/ 2104 batches | lr 0.06 | loss  5.12 | ppl   166.56
---------------------------------------------------------------------------------------
-----------------------------------------------------------------------------------------
| end of epoch  28 | time: 187.47s |valid ppl   105.25
-----------------------------------------------------------------------------------------
| epoch  29 |   200/ 2104 batches | lr 0.03 | loss  5.13 | ppl   169.67
---------------------------------------------------------------------------------------
| epoch  29 |   400/ 2104 batches | lr 0.03 | loss  5.10 | ppl   163.50
---------------------------------------------------------------------------------------
| epoch  29 |   600/ 2104 batches | lr 0.03 | loss  5.10 | ppl   163.28
---------------------------------------------------------------------------------------
| epoch  29 |   800/ 2104 batches | lr 0.03 | loss  5.10 | ppl   164.52
---------------------------------------------------------------------------------------
| epoch  29 |  1000/ 2104 batches | lr 0.03 | loss  5.08 | ppl   160.23
---------------------------------------------------------------------------------------
| epoch  29 |  1200/ 2104 batches | lr 0.03 | loss  5.11 | ppl   165.81
---------------------------------------------------------------------------------------
| epoch  29 |  1400/ 2104 batches | lr 0.03 | loss  5.11 | ppl   164.89
---------------------------------------------------------------------------------------
| epoch  29 |  1600/ 2104 batches | lr 0.03 | loss  5.09 | ppl   162.79
---------------------------------------------------------------------------------------
| epoch  29 |  1800/ 2104 batches | lr 0.03 | loss  5.10 | ppl   164.65
---------------------------------------------------------------------------------------
| epoch  29 |  2000/ 2104 batches | lr 0.03 | loss  5.11 | ppl   165.67
---------------------------------------------------------------------------------------
-----------------------------------------------------------------------------------------
| end of epoch  29 | time: 188.29s |valid ppl   104.92
-----------------------------------------------------------------------------------------
| epoch  30 |   200/ 2104 batches | lr 0.03 | loss  5.12 | ppl   167.93
---------------------------------------------------------------------------------------
| epoch  30 |   400/ 2104 batches | lr 0.03 | loss  5.10 | ppl   164.35
---------------------------------------------------------------------------------------
| epoch  30 |   600/ 2104 batches | lr 0.03 | loss  5.07 | ppl   159.02
---------------------------------------------------------------------------------------
| epoch  30 |   800/ 2104 batches | lr 0.03 | loss  5.09 | ppl   162.39
---------------------------------------------------------------------------------------
| epoch  30 |  1000/ 2104 batches | lr 0.03 | loss  5.10 | ppl   163.99
---------------------------------------------------------------------------------------
| epoch  30 |  1200/ 2104 batches | lr 0.03 | loss  5.10 | ppl   163.82
---------------------------------------------------------------------------------------
| epoch  30 |  1400/ 2104 batches | lr 0.03 | loss  5.09 | ppl   162.88
---------------------------------------------------------------------------------------
| epoch  30 |  1600/ 2104 batches | lr 0.03 | loss  5.11 | ppl   166.39
---------------------------------------------------------------------------------------
| epoch  30 |  1800/ 2104 batches | lr 0.03 | loss  5.12 | ppl   167.85
---------------------------------------------------------------------------------------
| epoch  30 |  2000/ 2104 batches | lr 0.03 | loss  5.10 | ppl   164.02
---------------------------------------------------------------------------------------
-----------------------------------------------------------------------------------------
| end of epoch  30 | time: 188.00s |valid ppl   104.99
-----------------------------------------------------------------------------------------
| epoch  31 |   200/ 2104 batches | lr 0.02 | loss  5.13 | ppl   169.84
---------------------------------------------------------------------------------------
| epoch  31 |   400/ 2104 batches | lr 0.02 | loss  5.08 | ppl   160.89
---------------------------------------------------------------------------------------
| epoch  31 |   600/ 2104 batches | lr 0.02 | loss  5.08 | ppl   160.92
---------------------------------------------------------------------------------------
| epoch  31 |   800/ 2104 batches | lr 0.02 | loss  5.09 | ppl   161.66
---------------------------------------------------------------------------------------
| epoch  31 |  1000/ 2104 batches | lr 0.02 | loss  5.10 | ppl   164.44
---------------------------------------------------------------------------------------
| epoch  31 |  1200/ 2104 batches | lr 0.02 | loss  5.08 | ppl   160.49
---------------------------------------------------------------------------------------
| epoch  31 |  1400/ 2104 batches | lr 0.02 | loss  5.08 | ppl   161.29
---------------------------------------------------------------------------------------
| epoch  31 |  1600/ 2104 batches | lr 0.02 | loss  5.10 | ppl   164.02
---------------------------------------------------------------------------------------
| epoch  31 |  1800/ 2104 batches | lr 0.02 | loss  5.10 | ppl   163.75
---------------------------------------------------------------------------------------
| epoch  31 |  2000/ 2104 batches | lr 0.02 | loss  5.11 | ppl   166.13
---------------------------------------------------------------------------------------
-----------------------------------------------------------------------------------------
| end of epoch  31 | time: 186.79s |valid ppl   104.87
-----------------------------------------------------------------------------------------
| epoch  32 |   200/ 2104 batches | lr 0.02 | loss  5.11 | ppl   166.50
---------------------------------------------------------------------------------------
| epoch  32 |   400/ 2104 batches | lr 0.02 | loss  5.08 | ppl   161.19
---------------------------------------------------------------------------------------
| epoch  32 |   600/ 2104 batches | lr 0.02 | loss  5.08 | ppl   161.33
---------------------------------------------------------------------------------------
| epoch  32 |   800/ 2104 batches | lr 0.02 | loss  5.08 | ppl   160.58
---------------------------------------------------------------------------------------
| epoch  32 |  1000/ 2104 batches | lr 0.02 | loss  5.08 | ppl   160.75
---------------------------------------------------------------------------------------
| epoch  32 |  1200/ 2104 batches | lr 0.02 | loss  5.10 | ppl   164.70
---------------------------------------------------------------------------------------
| epoch  32 |  1400/ 2104 batches | lr 0.02 | loss  5.09 | ppl   163.18
---------------------------------------------------------------------------------------
| epoch  32 |  1600/ 2104 batches | lr 0.02 | loss  5.09 | ppl   162.36
---------------------------------------------------------------------------------------
| epoch  32 |  1800/ 2104 batches | lr 0.02 | loss  5.10 | ppl   164.59
---------------------------------------------------------------------------------------
| epoch  32 |  2000/ 2104 batches | lr 0.02 | loss  5.11 | ppl   166.28
---------------------------------------------------------------------------------------
-----------------------------------------------------------------------------------------
| end of epoch  32 | time: 187.99s |valid ppl   104.95
-----------------------------------------------------------------------------------------
| epoch  33 |   200/ 2104 batches | lr 0.01 | loss  5.11 | ppl   166.03
---------------------------------------------------------------------------------------
| epoch  33 |   400/ 2104 batches | lr 0.01 | loss  5.08 | ppl   160.43
---------------------------------------------------------------------------------------
| epoch  33 |   600/ 2104 batches | lr 0.01 | loss  5.10 | ppl   163.84
---------------------------------------------------------------------------------------
| epoch  33 |   800/ 2104 batches | lr 0.01 | loss  5.08 | ppl   161.40
---------------------------------------------------------------------------------------
| epoch  33 |  1000/ 2104 batches | lr 0.01 | loss  5.07 | ppl   159.55
---------------------------------------------------------------------------------------
| epoch  33 |  1200/ 2104 batches | lr 0.01 | loss  5.09 | ppl   161.64
---------------------------------------------------------------------------------------
| epoch  33 |  1400/ 2104 batches | lr 0.01 | loss  5.10 | ppl   163.21
---------------------------------------------------------------------------------------
| epoch  33 |  1600/ 2104 batches | lr 0.01 | loss  5.09 | ppl   161.94
---------------------------------------------------------------------------------------
| epoch  33 |  1800/ 2104 batches | lr 0.01 | loss  5.09 | ppl   162.72
---------------------------------------------------------------------------------------
| epoch  33 |  2000/ 2104 batches | lr 0.01 | loss  5.09 | ppl   161.59
---------------------------------------------------------------------------------------
-----------------------------------------------------------------------------------------
| end of epoch  33 | time: 187.57s |valid ppl   104.80
-----------------------------------------------------------------------------------------
| epoch  34 |   200/ 2104 batches | lr 0.01 | loss  5.11 | ppl   165.41
---------------------------------------------------------------------------------------
| epoch  34 |   400/ 2104 batches | lr 0.01 | loss  5.08 | ppl   161.16
---------------------------------------------------------------------------------------
| epoch  34 |   600/ 2104 batches | lr 0.01 | loss  5.07 | ppl   159.49
---------------------------------------------------------------------------------------
| epoch  34 |   800/ 2104 batches | lr 0.01 | loss  5.08 | ppl   161.45
---------------------------------------------------------------------------------------
| epoch  34 |  1000/ 2104 batches | lr 0.01 | loss  5.09 | ppl   163.10
---------------------------------------------------------------------------------------
| epoch  34 |  1200/ 2104 batches | lr 0.01 | loss  5.08 | ppl   161.57
---------------------------------------------------------------------------------------
| epoch  34 |  1400/ 2104 batches | lr 0.01 | loss  5.09 | ppl   162.17
---------------------------------------------------------------------------------------
| epoch  34 |  1600/ 2104 batches | lr 0.01 | loss  5.09 | ppl   161.80
---------------------------------------------------------------------------------------
| epoch  34 |  1800/ 2104 batches | lr 0.01 | loss  5.10 | ppl   163.65
---------------------------------------------------------------------------------------
| epoch  34 |  2000/ 2104 batches | lr 0.01 | loss  5.10 | ppl   164.06
---------------------------------------------------------------------------------------
-----------------------------------------------------------------------------------------
| end of epoch  34 | time: 187.18s |valid ppl   104.82
-----------------------------------------------------------------------------------------
| epoch  35 |   200/ 2104 batches | lr 0.00 | loss  5.13 | ppl   168.30
---------------------------------------------------------------------------------------
| epoch  35 |   400/ 2104 batches | lr 0.00 | loss  5.09 | ppl   161.82
---------------------------------------------------------------------------------------
| epoch  35 |   600/ 2104 batches | lr 0.00 | loss  5.09 | ppl   162.60
---------------------------------------------------------------------------------------
| epoch  35 |   800/ 2104 batches | lr 0.00 | loss  5.08 | ppl   161.23
---------------------------------------------------------------------------------------
| epoch  35 |  1000/ 2104 batches | lr 0.00 | loss  5.08 | ppl   160.58
---------------------------------------------------------------------------------------
| epoch  35 |  1200/ 2104 batches | lr 0.00 | loss  5.07 | ppl   158.76
---------------------------------------------------------------------------------------
| epoch  35 |  1400/ 2104 batches | lr 0.00 | loss  5.09 | ppl   162.12
---------------------------------------------------------------------------------------
| epoch  35 |  1600/ 2104 batches | lr 0.00 | loss  5.08 | ppl   160.55
---------------------------------------------------------------------------------------
| epoch  35 |  1800/ 2104 batches | lr 0.00 | loss  5.09 | ppl   161.73
---------------------------------------------------------------------------------------
| epoch  35 |  2000/ 2104 batches | lr 0.00 | loss  5.08 | ppl   161.31
---------------------------------------------------------------------------------------
-----------------------------------------------------------------------------------------
| end of epoch  35 | time: 187.13s |valid ppl   104.77
-----------------------------------------------------------------------------------------
| epoch  36 |   200/ 2104 batches | lr 0.00 | loss  5.12 | ppl   166.56
---------------------------------------------------------------------------------------
| epoch  36 |   400/ 2104 batches | lr 0.00 | loss  5.07 | ppl   159.81
---------------------------------------------------------------------------------------
| epoch  36 |   600/ 2104 batches | lr 0.00 | loss  5.09 | ppl   162.70
---------------------------------------------------------------------------------------
| epoch  36 |   800/ 2104 batches | lr 0.00 | loss  5.09 | ppl   162.36
---------------------------------------------------------------------------------------
| epoch  36 |  1000/ 2104 batches | lr 0.00 | loss  5.10 | ppl   163.51
---------------------------------------------------------------------------------------
| epoch  36 |  1200/ 2104 batches | lr 0.00 | loss  5.08 | ppl   160.36
---------------------------------------------------------------------------------------
| epoch  36 |  1400/ 2104 batches | lr 0.00 | loss  5.08 | ppl   160.29
---------------------------------------------------------------------------------------
| epoch  36 |  1600/ 2104 batches | lr 0.00 | loss  5.10 | ppl   163.21
---------------------------------------------------------------------------------------
| epoch  36 |  1800/ 2104 batches | lr 0.00 | loss  5.09 | ppl   162.17
---------------------------------------------------------------------------------------
| epoch  36 |  2000/ 2104 batches | lr 0.00 | loss  5.08 | ppl   161.09
---------------------------------------------------------------------------------------
-----------------------------------------------------------------------------------------
| end of epoch  36 | time: 186.77s |valid ppl   104.75
-----------------------------------------------------------------------------------------
| epoch  37 |   200/ 2104 batches | lr 0.00 | loss  5.12 | ppl   167.10
---------------------------------------------------------------------------------------
| epoch  37 |   400/ 2104 batches | lr 0.00 | loss  5.07 | ppl   159.19
---------------------------------------------------------------------------------------
| epoch  37 |   600/ 2104 batches | lr 0.00 | loss  5.09 | ppl   162.02
---------------------------------------------------------------------------------------
| epoch  37 |   800/ 2104 batches | lr 0.00 | loss  5.08 | ppl   161.51
---------------------------------------------------------------------------------------
| epoch  37 |  1000/ 2104 batches | lr 0.00 | loss  5.10 | ppl   164.67
---------------------------------------------------------------------------------------
| epoch  37 |  1200/ 2104 batches | lr 0.00 | loss  5.10 | ppl   163.81
---------------------------------------------------------------------------------------
| epoch  37 |  1400/ 2104 batches | lr 0.00 | loss  5.09 | ppl   163.13
---------------------------------------------------------------------------------------
| epoch  37 |  1600/ 2104 batches | lr 0.00 | loss  5.08 | ppl   160.95
---------------------------------------------------------------------------------------
| epoch  37 |  1800/ 2104 batches | lr 0.00 | loss  5.08 | ppl   161.48
---------------------------------------------------------------------------------------
| epoch  37 |  2000/ 2104 batches | lr 0.00 | loss  5.06 | ppl   157.96
---------------------------------------------------------------------------------------
-----------------------------------------------------------------------------------------
| end of epoch  37 | time: 187.72s |valid ppl   104.79
-----------------------------------------------------------------------------------------
| epoch  38 |   200/ 2104 batches | lr 0.00 | loss  5.11 | ppl   166.32
---------------------------------------------------------------------------------------
| epoch  38 |   400/ 2104 batches | lr 0.00 | loss  5.08 | ppl   161.05
---------------------------------------------------------------------------------------
| epoch  38 |   600/ 2104 batches | lr 0.00 | loss  5.07 | ppl   159.45
---------------------------------------------------------------------------------------
| epoch  38 |   800/ 2104 batches | lr 0.00 | loss  5.09 | ppl   161.71
---------------------------------------------------------------------------------------
| epoch  38 |  1000/ 2104 batches | lr 0.00 | loss  5.09 | ppl   162.56
---------------------------------------------------------------------------------------
| epoch  38 |  1200/ 2104 batches | lr 0.00 | loss  5.09 | ppl   162.50
---------------------------------------------------------------------------------------
| epoch  38 |  1400/ 2104 batches | lr 0.00 | loss  5.07 | ppl   159.49
---------------------------------------------------------------------------------------
| epoch  38 |  1600/ 2104 batches | lr 0.00 | loss  5.09 | ppl   162.33
---------------------------------------------------------------------------------------
| epoch  38 |  1800/ 2104 batches | lr 0.00 | loss  5.08 | ppl   160.88
---------------------------------------------------------------------------------------
| epoch  38 |  2000/ 2104 batches | lr 0.00 | loss  5.08 | ppl   160.99
---------------------------------------------------------------------------------------
-----------------------------------------------------------------------------------------
| end of epoch  38 | time: 187.66s |valid ppl   104.77
-----------------------------------------------------------------------------------------
| epoch  39 |   200/ 2104 batches | lr 0.00 | loss  5.09 | ppl   162.94
---------------------------------------------------------------------------------------
| epoch  39 |   400/ 2104 batches | lr 0.00 | loss  5.07 | ppl   159.31
---------------------------------------------------------------------------------------
| epoch  39 |   600/ 2104 batches | lr 0.00 | loss  5.07 | ppl   159.95
---------------------------------------------------------------------------------------
| epoch  39 |   800/ 2104 batches | lr 0.00 | loss  5.10 | ppl   163.57
---------------------------------------------------------------------------------------
| epoch  39 |  1000/ 2104 batches | lr 0.00 | loss  5.08 | ppl   161.24
---------------------------------------------------------------------------------------
| epoch  39 |  1200/ 2104 batches | lr 0.00 | loss  5.09 | ppl   162.01
---------------------------------------------------------------------------------------
| epoch  39 |  1400/ 2104 batches | lr 0.00 | loss  5.08 | ppl   161.31
---------------------------------------------------------------------------------------
| epoch  39 |  1600/ 2104 batches | lr 0.00 | loss  5.10 | ppl   164.51
---------------------------------------------------------------------------------------
| epoch  39 |  1800/ 2104 batches | lr 0.00 | loss  5.08 | ppl   161.44
---------------------------------------------------------------------------------------
| epoch  39 |  2000/ 2104 batches | lr 0.00 | loss  5.09 | ppl   161.58
---------------------------------------------------------------------------------------
-----------------------------------------------------------------------------------------
| end of epoch  39 | time: 187.33s |valid ppl   104.77
-----------------------------------------------------------------------------------------
| epoch  40 |   200/ 2104 batches | lr 0.00 | loss  5.11 | ppl   165.37
---------------------------------------------------------------------------------------
| epoch  40 |   400/ 2104 batches | lr 0.00 | loss  5.09 | ppl   162.37
---------------------------------------------------------------------------------------
| epoch  40 |   600/ 2104 batches | lr 0.00 | loss  5.09 | ppl   162.87
---------------------------------------------------------------------------------------
| epoch  40 |   800/ 2104 batches | lr 0.00 | loss  5.09 | ppl   161.72
---------------------------------------------------------------------------------------
| epoch  40 |  1000/ 2104 batches | lr 0.00 | loss  5.07 | ppl   159.09
---------------------------------------------------------------------------------------
| epoch  40 |  1200/ 2104 batches | lr 0.00 | loss  5.08 | ppl   161.20
---------------------------------------------------------------------------------------
| epoch  40 |  1400/ 2104 batches | lr 0.00 | loss  5.07 | ppl   159.46
---------------------------------------------------------------------------------------
| epoch  40 |  1600/ 2104 batches | lr 0.00 | loss  5.09 | ppl   162.39
---------------------------------------------------------------------------------------
| epoch  40 |  1800/ 2104 batches | lr 0.00 | loss  5.09 | ppl   161.84
---------------------------------------------------------------------------------------
| epoch  40 |  2000/ 2104 batches | lr 0.00 | loss  5.10 | ppl   163.26
---------------------------------------------------------------------------------------
-----------------------------------------------------------------------------------------
| end of epoch  40 | time: 186.79s |valid ppl   104.76
-----------------------------------------------------------------------------------------
=========================================================================================
| End of training | test ppl   101.51
=========================================================================================

