
Namespace(batch_size=20, clip=0.25, cuda=True, data='./data/penn', dict=None, dropout=0.2, emsize=200, epochs=40, log_interval=200, lr=1.0, lr_decay=2, nce=True, nhid=200, nlayers=2, noise_ratio=10, norm_term=9, prof=False, save='ce.pt', seed=1111, tb_name=None, train=True, weight_decay=1e-05)
Vocabulary size is 10001
GenModel(
  (criterion): NCELoss(
    (index_module): IndexGRU(
      (drop): Dropout(p=0.2)
      (encoder): Sequential(
        (0): Embedding(10001, 200)
        (1): Dropout(p=0.2)
      )
      (rnn): GRU(200, 200, batch_first=True, dropout=0.2)
      (scorer): Sequential(
        (0): Dropout(p=0.2)
        (1): Linear(in_features=200, out_features=1)
      )
    )
    (ce_loss): CrossEntropyLoss(
    )
  )
)
^[[38;1R| epoch   1 |   200/ 2104 batches | lr 1.00 | loss  3.82 | ppl    45.45
---------------------------------------------------------------------------------------
| epoch   1 |   400/ 2104 batches | lr 1.00 | loss  3.45 | ppl    31.50
---------------------------------------------------------------------------------------
| epoch   1 |   600/ 2104 batches | lr 1.00 | loss  3.37 | ppl    29.14
---------------------------------------------------------------------------------------
| epoch   1 |   800/ 2104 batches | lr 1.00 | loss  3.33 | ppl    27.98
---------------------------------------------------------------------------------------
| epoch   1 |  1000/ 2104 batches | lr 1.00 | loss  3.29 | ppl    26.95
---------------------------------------------------------------------------------------
| epoch   1 |  1200/ 2104 batches | lr 1.00 | loss  3.26 | ppl    26.01
---------------------------------------------------------------------------------------
| epoch   1 |  1400/ 2104 batches | lr 1.00 | loss  3.24 | ppl    25.64
---------------------------------------------------------------------------------------
| epoch   1 |  1600/ 2104 batches | lr 1.00 | loss  3.23 | ppl    25.28
---------------------------------------------------------------------------------------
| epoch   1 |  1800/ 2104 batches | lr 1.00 | loss  3.21 | ppl    24.70
---------------------------------------------------------------------------------------
| epoch   1 |  2000/ 2104 batches | lr 1.00 | loss  3.19 | ppl    24.20
---------------------------------------------------------------------------------------
-----------------------------------------------------------------------------------------
| end of epoch   1 | time: 22.40s |valid ppl    18.29
-----------------------------------------------------------------------------------------
| epoch   2 |   200/ 2104 batches | lr 1.00 | loss  3.17 | ppl    23.83
---------------------------------------------------------------------------------------
| epoch   2 |   400/ 2104 batches | lr 1.00 | loss  3.14 | ppl    23.03
---------------------------------------------------------------------------------------
| epoch   2 |   600/ 2104 batches | lr 1.00 | loss  3.13 | ppl    22.91
---------------------------------------------------------------------------------------
| epoch   2 |   800/ 2104 batches | lr 1.00 | loss  3.11 | ppl    22.46
---------------------------------------------------------------------------------------
| epoch   2 |  1000/ 2104 batches | lr 1.00 | loss  3.12 | ppl    22.58
---------------------------------------------------------------------------------------
| epoch   2 |  1200/ 2104 batches | lr 1.00 | loss  3.09 | ppl    21.94
---------------------------------------------------------------------------------------
| epoch   2 |  1400/ 2104 batches | lr 1.00 | loss  3.08 | ppl    21.76
---------------------------------------------------------------------------------------
| epoch   2 |  1600/ 2104 batches | lr 1.00 | loss  3.08 | ppl    21.66
---------------------------------------------------------------------------------------
| epoch   2 |  1800/ 2104 batches | lr 1.00 | loss  3.05 | ppl    21.17
---------------------------------------------------------------------------------------
| epoch   2 |  2000/ 2104 batches | lr 1.00 | loss  3.04 | ppl    20.99
---------------------------------------------------------------------------------------
-----------------------------------------------------------------------------------------
| end of epoch   2 | time: 21.79s |valid ppl    16.64
-----------------------------------------------------------------------------------------
| epoch   3 |   200/ 2104 batches | lr 1.00 | loss  3.03 | ppl    20.66
---------------------------------------------------------------------------------------
| epoch   3 |   400/ 2104 batches | lr 1.00 | loss  3.00 | ppl    20.12
---------------------------------------------------------------------------------------
| epoch   3 |   600/ 2104 batches | lr 1.00 | loss  3.01 | ppl    20.24
---------------------------------------------------------------------------------------
| epoch   3 |   800/ 2104 batches | lr 1.00 | loss  2.98 | ppl    19.70
---------------------------------------------------------------------------------------
| epoch   3 |  1000/ 2104 batches | lr 1.00 | loss  2.98 | ppl    19.76
---------------------------------------------------------------------------------------
| epoch   3 |  1200/ 2104 batches | lr 1.00 | loss  2.98 | ppl    19.65
---------------------------------------------------------------------------------------
| epoch   3 |  1400/ 2104 batches | lr 1.00 | loss  2.95 | ppl    19.20
---------------------------------------------------------------------------------------
| epoch   3 |  1600/ 2104 batches | lr 1.00 | loss  2.94 | ppl    18.99
---------------------------------------------------------------------------------------
| epoch   3 |  1800/ 2104 batches | lr 1.00 | loss  2.93 | ppl    18.73
---------------------------------------------------------------------------------------
| epoch   3 |  2000/ 2104 batches | lr 1.00 | loss  2.92 | ppl    18.55
---------------------------------------------------------------------------------------
-----------------------------------------------------------------------------------------
| end of epoch   3 | time: 21.80s |valid ppl    14.78
-----------------------------------------------------------------------------------------
| epoch   4 |   200/ 2104 batches | lr 1.00 | loss  2.89 | ppl    18.04
---------------------------------------------------------------------------------------
| epoch   4 |   400/ 2104 batches | lr 1.00 | loss  2.87 | ppl    17.69
---------------------------------------------------------------------------------------
| epoch   4 |   600/ 2104 batches | lr 1.00 | loss  2.87 | ppl    17.64
---------------------------------------------------------------------------------------
| epoch   4 |   800/ 2104 batches | lr 1.00 | loss  2.86 | ppl    17.37
---------------------------------------------------------------------------------------
| epoch   4 |  1000/ 2104 batches | lr 1.00 | loss  2.86 | ppl    17.40
---------------------------------------------------------------------------------------
| epoch   4 |  1200/ 2104 batches | lr 1.00 | loss  2.84 | ppl    17.14
---------------------------------------------------------------------------------------
| epoch   4 |  1400/ 2104 batches | lr 1.00 | loss  2.83 | ppl    16.98
---------------------------------------------------------------------------------------
| epoch   4 |  1600/ 2104 batches | lr 1.00 | loss  2.82 | ppl    16.81
---------------------------------------------------------------------------------------
| epoch   4 |  1800/ 2104 batches | lr 1.00 | loss  2.81 | ppl    16.64
---------------------------------------------------------------------------------------
| epoch   4 |  2000/ 2104 batches | lr 1.00 | loss  2.81 | ppl    16.64
---------------------------------------------------------------------------------------
-----------------------------------------------------------------------------------------
| end of epoch   4 | time: 21.77s |valid ppl    14.36
-----------------------------------------------------------------------------------------
| epoch   5 |   200/ 2104 batches | lr 1.00 | loss  2.78 | ppl    16.09
---------------------------------------------------------------------------------------
| epoch   5 |   400/ 2104 batches | lr 1.00 | loss  2.76 | ppl    15.79
---------------------------------------------------------------------------------------
| epoch   5 |   600/ 2104 batches | lr 1.00 | loss  2.74 | ppl    15.53
---------------------------------------------------------------------------------------
| epoch   5 |   800/ 2104 batches | lr 1.00 | loss  2.74 | ppl    15.47
---------------------------------------------------------------------------------------
| epoch   5 |  1000/ 2104 batches | lr 1.00 | loss  2.73 | ppl    15.41
---------------------------------------------------------------------------------------
| epoch   5 |  1200/ 2104 batches | lr 1.00 | loss  2.73 | ppl    15.31
---------------------------------------------------------------------------------------
| epoch   5 |  1400/ 2104 batches | lr 1.00 | loss  2.71 | ppl    15.07
---------------------------------------------------------------------------------------
| epoch   5 |  1600/ 2104 batches | lr 1.00 | loss  2.70 | ppl    14.83
---------------------------------------------------------------------------------------
| epoch   5 |  1800/ 2104 batches | lr 1.00 | loss  2.69 | ppl    14.79
---------------------------------------------------------------------------------------
| epoch   5 |  2000/ 2104 batches | lr 1.00 | loss  2.67 | ppl    14.43
---------------------------------------------------------------------------------------
-----------------------------------------------------------------------------------------
| end of epoch   5 | time: 21.78s |valid ppl    12.60
-----------------------------------------------------------------------------------------
| epoch   6 |   200/ 2104 batches | lr 1.00 | loss  2.66 | ppl    14.27
---------------------------------------------------------------------------------------
| epoch   6 |   400/ 2104 batches | lr 1.00 | loss  2.63 | ppl    13.84
---------------------------------------------------------------------------------------
| epoch   6 |   600/ 2104 batches | lr 1.00 | loss  2.64 | ppl    14.00
---------------------------------------------------------------------------------------
| epoch   6 |   800/ 2104 batches | lr 1.00 | loss  2.62 | ppl    13.75
---------------------------------------------------------------------------------------
| epoch   6 |  1000/ 2104 batches | lr 1.00 | loss  2.61 | ppl    13.54
---------------------------------------------------------------------------------------
| epoch   6 |  1200/ 2104 batches | lr 1.00 | loss  2.60 | ppl    13.50
---------------------------------------------------------------------------------------
| epoch   6 |  1400/ 2104 batches | lr 1.00 | loss  2.59 | ppl    13.40
---------------------------------------------------------------------------------------
| epoch   6 |  1600/ 2104 batches | lr 1.00 | loss  2.58 | ppl    13.16
---------------------------------------------------------------------------------------
| epoch   6 |  1800/ 2104 batches | lr 1.00 | loss  2.58 | ppl    13.16
---------------------------------------------------------------------------------------
| epoch   6 |  2000/ 2104 batches | lr 1.00 | loss  2.55 | ppl    12.81
---------------------------------------------------------------------------------------
-----------------------------------------------------------------------------------------
| end of epoch   6 | time: 21.83s |valid ppl    11.44
-----------------------------------------------------------------------------------------
| epoch   7 |   200/ 2104 batches | lr 1.00 | loss  2.53 | ppl    12.59
---------------------------------------------------------------------------------------
| epoch   7 |   400/ 2104 batches | lr 1.00 | loss  2.52 | ppl    12.42
---------------------------------------------------------------------------------------
| epoch   7 |   600/ 2104 batches | lr 1.00 | loss  2.51 | ppl    12.32
---------------------------------------------------------------------------------------
| epoch   7 |   800/ 2104 batches | lr 1.00 | loss  2.50 | ppl    12.21
---------------------------------------------------------------------------------------
| epoch   7 |  1000/ 2104 batches | lr 1.00 | loss  2.50 | ppl    12.18
---------------------------------------------------------------------------------------
| epoch   7 |  1200/ 2104 batches | lr 1.00 | loss  2.49 | ppl    12.00
---------------------------------------------------------------------------------------
| epoch   7 |  1400/ 2104 batches | lr 1.00 | loss  2.48 | ppl    11.89
---------------------------------------------------------------------------------------
| epoch   7 |  1600/ 2104 batches | lr 1.00 | loss  2.47 | ppl    11.85
---------------------------------------------------------------------------------------
| epoch   7 |  1800/ 2104 batches | lr 1.00 | loss  2.46 | ppl    11.75
---------------------------------------------------------------------------------------
| epoch   7 |  2000/ 2104 batches | lr 1.00 | loss  2.46 | ppl    11.67
---------------------------------------------------------------------------------------
-----------------------------------------------------------------------------------------
| end of epoch   7 | time: 21.82s |valid ppl    10.74
-----------------------------------------------------------------------------------------
| epoch   8 |   200/ 2104 batches | lr 1.00 | loss  2.42 | ppl    11.29
---------------------------------------------------------------------------------------
| epoch   8 |   400/ 2104 batches | lr 1.00 | loss  2.41 | ppl    11.11
---------------------------------------------------------------------------------------
| epoch   8 |   600/ 2104 batches | lr 1.00 | loss  2.40 | ppl    11.02
---------------------------------------------------------------------------------------
| epoch   8 |   800/ 2104 batches | lr 1.00 | loss  2.42 | ppl    11.24
---------------------------------------------------------------------------------------
| epoch   8 |  1000/ 2104 batches | lr 1.00 | loss  2.41 | ppl    11.18
---------------------------------------------------------------------------------------
| epoch   8 |  1200/ 2104 batches | lr 1.00 | loss  2.41 | ppl    11.09
---------------------------------------------------------------------------------------
| epoch   8 |  1400/ 2104 batches | lr 1.00 | loss  2.40 | ppl    11.02
---------------------------------------------------------------------------------------
| epoch   8 |  1600/ 2104 batches | lr 1.00 | loss  2.39 | ppl    10.89
---------------------------------------------------------------------------------------
| epoch   8 |  1800/ 2104 batches | lr 1.00 | loss  2.39 | ppl    10.87
---------------------------------------------------------------------------------------
| epoch   8 |  2000/ 2104 batches | lr 1.00 | loss  2.39 | ppl    10.87
---------------------------------------------------------------------------------------
-----------------------------------------------------------------------------------------
| end of epoch   8 | time: 21.88s |valid ppl    10.27
-----------------------------------------------------------------------------------------
| epoch   9 |   200/ 2104 batches | lr 1.00 | loss  2.34 | ppl    10.41
---------------------------------------------------------------------------------------
| epoch   9 |   400/ 2104 batches | lr 1.00 | loss  2.34 | ppl    10.33
---------------------------------------------------------------------------------------
| epoch   9 |   600/ 2104 batches | lr 1.00 | loss  2.35 | ppl    10.50
---------------------------------------------------------------------------------------
| epoch   9 |   800/ 2104 batches | lr 1.00 | loss  2.34 | ppl    10.33
---------------------------------------------------------------------------------------
| epoch   9 |  1000/ 2104 batches | lr 1.00 | loss  2.34 | ppl    10.34
---------------------------------------------------------------------------------------
| epoch   9 |  1200/ 2104 batches | lr 1.00 | loss  2.33 | ppl    10.29
---------------------------------------------------------------------------------------
| epoch   9 |  1400/ 2104 batches | lr 1.00 | loss  2.34 | ppl    10.37
---------------------------------------------------------------------------------------
| epoch   9 |  1600/ 2104 batches | lr 1.00 | loss  2.32 | ppl    10.20
---------------------------------------------------------------------------------------
| epoch   9 |  1800/ 2104 batches | lr 1.00 | loss  2.33 | ppl    10.24
---------------------------------------------------------------------------------------
| epoch   9 |  2000/ 2104 batches | lr 1.00 | loss  2.32 | ppl    10.15
---------------------------------------------------------------------------------------
-----------------------------------------------------------------------------------------
| end of epoch   9 | time: 21.80s |valid ppl     9.57
-----------------------------------------------------------------------------------------
| epoch  10 |   200/ 2104 batches | lr 1.00 | loss  2.29 | ppl     9.85
---------------------------------------------------------------------------------------
| epoch  10 |   400/ 2104 batches | lr 1.00 | loss  2.28 | ppl     9.81
---------------------------------------------------------------------------------------
| epoch  10 |   600/ 2104 batches | lr 1.00 | loss  2.28 | ppl     9.73
---------------------------------------------------------------------------------------
| epoch  10 |   800/ 2104 batches | lr 1.00 | loss  2.29 | ppl     9.87
---------------------------------------------------------------------------------------
| epoch  10 |  1000/ 2104 batches | lr 1.00 | loss  2.27 | ppl     9.67
---------------------------------------------------------------------------------------
| epoch  10 |  1200/ 2104 batches | lr 1.00 | loss  2.28 | ppl     9.82
---------------------------------------------------------------------------------------
| epoch  10 |  1400/ 2104 batches | lr 1.00 | loss  2.28 | ppl     9.73
---------------------------------------------------------------------------------------
| epoch  10 |  1600/ 2104 batches | lr 1.00 | loss  2.27 | ppl     9.65
---------------------------------------------------------------------------------------
| epoch  10 |  1800/ 2104 batches | lr 1.00 | loss  2.28 | ppl     9.82
---------------------------------------------------------------------------------------
| epoch  10 |  2000/ 2104 batches | lr 1.00 | loss  2.28 | ppl     9.75
---------------------------------------------------------------------------------------
-----------------------------------------------------------------------------------------
| end of epoch  10 | time: 21.79s |valid ppl     9.09
-----------------------------------------------------------------------------------------
| epoch  11 |   200/ 2104 batches | lr 1.00 | loss  2.24 | ppl     9.40
---------------------------------------------------------------------------------------
| epoch  11 |   400/ 2104 batches | lr 1.00 | loss  2.23 | ppl     9.30
---------------------------------------------------------------------------------------
| epoch  11 |   600/ 2104 batches | lr 1.00 | loss  2.24 | ppl     9.43
---------------------------------------------------------------------------------------
| epoch  11 |   800/ 2104 batches | lr 1.00 | loss  2.24 | ppl     9.44
---------------------------------------------------------------------------------------
| epoch  11 |  1000/ 2104 batches | lr 1.00 | loss  2.24 | ppl     9.40
---------------------------------------------------------------------------------------
| epoch  11 |  1200/ 2104 batches | lr 1.00 | loss  2.24 | ppl     9.38
---------------------------------------------------------------------------------------
| epoch  11 |  1400/ 2104 batches | lr 1.00 | loss  2.24 | ppl     9.44
---------------------------------------------------------------------------------------
| epoch  11 |  1600/ 2104 batches | lr 1.00 | loss  2.23 | ppl     9.30
---------------------------------------------------------------------------------------
| epoch  11 |  1800/ 2104 batches | lr 1.00 | loss  2.24 | ppl     9.37
---------------------------------------------------------------------------------------
| epoch  11 |  2000/ 2104 batches | lr 1.00 | loss  2.25 | ppl     9.44
---------------------------------------------------------------------------------------
-----------------------------------------------------------------------------------------
| end of epoch  11 | time: 21.86s |valid ppl     8.95
-----------------------------------------------------------------------------------------
| epoch  12 |   200/ 2104 batches | lr 1.00 | loss  2.19 | ppl     8.94
---------------------------------------------------------------------------------------
| epoch  12 |   400/ 2104 batches | lr 1.00 | loss  2.21 | ppl     9.08
---------------------------------------------------------------------------------------
| epoch  12 |   600/ 2104 batches | lr 1.00 | loss  2.20 | ppl     9.05
---------------------------------------------------------------------------------------
| epoch  12 |   800/ 2104 batches | lr 1.00 | loss  2.21 | ppl     9.10
---------------------------------------------------------------------------------------
| epoch  12 |  1000/ 2104 batches | lr 1.00 | loss  2.21 | ppl     9.13
---------------------------------------------------------------------------------------
| epoch  12 |  1200/ 2104 batches | lr 1.00 | loss  2.20 | ppl     9.06
---------------------------------------------------------------------------------------
| epoch  12 |  1400/ 2104 batches | lr 1.00 | loss  2.21 | ppl     9.16
---------------------------------------------------------------------------------------
| epoch  12 |  1600/ 2104 batches | lr 1.00 | loss  2.20 | ppl     9.02
---------------------------------------------------------------------------------------
| epoch  12 |  1800/ 2104 batches | lr 1.00 | loss  2.23 | ppl     9.28
---------------------------------------------------------------------------------------
| epoch  12 |  2000/ 2104 batches | lr 1.00 | loss  2.22 | ppl     9.22
---------------------------------------------------------------------------------------
-----------------------------------------------------------------------------------------
| end of epoch  12 | time: 21.68s |valid ppl     8.84
-----------------------------------------------------------------------------------------
| epoch  13 |   200/ 2104 batches | lr 1.00 | loss  2.19 | ppl     8.90
---------------------------------------------------------------------------------------
| epoch  13 |   400/ 2104 batches | lr 1.00 | loss  2.19 | ppl     8.91
---------------------------------------------------------------------------------------
| epoch  13 |   600/ 2104 batches | lr 1.00 | loss  2.18 | ppl     8.85
---------------------------------------------------------------------------------------
| epoch  13 |   800/ 2104 batches | lr 1.00 | loss  2.17 | ppl     8.74
---------------------------------------------------------------------------------------
| epoch  13 |  1000/ 2104 batches | lr 1.00 | loss  2.19 | ppl     8.94
---------------------------------------------------------------------------------------
| epoch  13 |  1200/ 2104 batches | lr 1.00 | loss  2.19 | ppl     8.90
---------------------------------------------------------------------------------------
| epoch  13 |  1400/ 2104 batches | lr 1.00 | loss  2.19 | ppl     8.95
---------------------------------------------------------------------------------------
| epoch  13 |  1600/ 2104 batches | lr 1.00 | loss  2.20 | ppl     9.04
---------------------------------------------------------------------------------------
| epoch  13 |  1800/ 2104 batches | lr 1.00 | loss  2.20 | ppl     9.02
---------------------------------------------------------------------------------------
| epoch  13 |  2000/ 2104 batches | lr 1.00 | loss  2.20 | ppl     9.00
---------------------------------------------------------------------------------------
-----------------------------------------------------------------------------------------
| end of epoch  13 | time: 21.85s |valid ppl     8.56
-----------------------------------------------------------------------------------------
| epoch  14 |   200/ 2104 batches | lr 1.00 | loss  2.16 | ppl     8.63
---------------------------------------------------------------------------------------
| epoch  14 |   400/ 2104 batches | lr 1.00 | loss  2.15 | ppl     8.57
---------------------------------------------------------------------------------------
| epoch  14 |   600/ 2104 batches | lr 1.00 | loss  2.15 | ppl     8.56
---------------------------------------------------------------------------------------
| epoch  14 |   800/ 2104 batches | lr 1.00 | loss  2.17 | ppl     8.77
---------------------------------------------------------------------------------------
| epoch  14 |  1000/ 2104 batches | lr 1.00 | loss  2.17 | ppl     8.77
---------------------------------------------------------------------------------------
| epoch  14 |  1200/ 2104 batches | lr 1.00 | loss  2.18 | ppl     8.82
---------------------------------------------------------------------------------------
| epoch  14 |  1400/ 2104 batches | lr 1.00 | loss  2.18 | ppl     8.82
---------------------------------------------------------------------------------------
| epoch  14 |  1600/ 2104 batches | lr 1.00 | loss  2.18 | ppl     8.84
---------------------------------------------------------------------------------------
| epoch  14 |  1800/ 2104 batches | lr 1.00 | loss  2.18 | ppl     8.87
---------------------------------------------------------------------------------------
| epoch  14 |  2000/ 2104 batches | lr 1.00 | loss  2.19 | ppl     8.90
---------------------------------------------------------------------------------------
-----------------------------------------------------------------------------------------
| end of epoch  14 | time: 21.74s |valid ppl     8.63
-----------------------------------------------------------------------------------------
| epoch  15 |   200/ 2104 batches | lr 0.50 | loss  2.09 | ppl     8.08
---------------------------------------------------------------------------------------
| epoch  15 |   400/ 2104 batches | lr 0.50 | loss  2.07 | ppl     7.90
---------------------------------------------------------------------------------------
| epoch  15 |   600/ 2104 batches | lr 0.50 | loss  2.06 | ppl     7.86
---------------------------------------------------------------------------------------
| epoch  15 |   800/ 2104 batches | lr 0.50 | loss  2.06 | ppl     7.86
---------------------------------------------------------------------------------------
| epoch  15 |  1000/ 2104 batches | lr 0.50 | loss  2.07 | ppl     7.93
---------------------------------------------------------------------------------------
| epoch  15 |  1200/ 2104 batches | lr 0.50 | loss  2.06 | ppl     7.83
---------------------------------------------------------------------------------------
| epoch  15 |  1400/ 2104 batches | lr 0.50 | loss  2.07 | ppl     7.91
---------------------------------------------------------------------------------------
| epoch  15 |  1600/ 2104 batches | lr 0.50 | loss  2.07 | ppl     7.89
---------------------------------------------------------------------------------------
| epoch  15 |  1800/ 2104 batches | lr 0.50 | loss  2.07 | ppl     7.95
---------------------------------------------------------------------------------------
| epoch  15 |  2000/ 2104 batches | lr 0.50 | loss  2.06 | ppl     7.87
---------------------------------------------------------------------------------------
-----------------------------------------------------------------------------------------
| end of epoch  15 | time: 21.96s |valid ppl     7.95
-----------------------------------------------------------------------------------------
| epoch  16 |   200/ 2104 batches | lr 0.50 | loss  2.02 | ppl     7.51
---------------------------------------------------------------------------------------
| epoch  16 |   400/ 2104 batches | lr 0.50 | loss  2.03 | ppl     7.59
---------------------------------------------------------------------------------------
| epoch  16 |   600/ 2104 batches | lr 0.50 | loss  2.04 | ppl     7.71
---------------------------------------------------------------------------------------
| epoch  16 |   800/ 2104 batches | lr 0.50 | loss  2.03 | ppl     7.58
---------------------------------------------------------------------------------------
| epoch  16 |  1000/ 2104 batches | lr 0.50 | loss  2.05 | ppl     7.78
---------------------------------------------------------------------------------------
| epoch  16 |  1200/ 2104 batches | lr 0.50 | loss  2.05 | ppl     7.77
---------------------------------------------------------------------------------------
| epoch  16 |  1400/ 2104 batches | lr 0.50 | loss  2.05 | ppl     7.79
---------------------------------------------------------------------------------------
| epoch  16 |  1600/ 2104 batches | lr 0.50 | loss  2.06 | ppl     7.85
---------------------------------------------------------------------------------------
| epoch  16 |  1800/ 2104 batches | lr 0.50 | loss  2.06 | ppl     7.82
---------------------------------------------------------------------------------------
| epoch  16 |  2000/ 2104 batches | lr 0.50 | loss  2.06 | ppl     7.84
---------------------------------------------------------------------------------------
-----------------------------------------------------------------------------------------
| end of epoch  16 | time: 21.85s |valid ppl     7.85
-----------------------------------------------------------------------------------------
| epoch  17 |   200/ 2104 batches | lr 0.50 | loss  2.02 | ppl     7.50
---------------------------------------------------------------------------------------
| epoch  17 |   400/ 2104 batches | lr 0.50 | loss  2.02 | ppl     7.50
---------------------------------------------------------------------------------------
| epoch  17 |   600/ 2104 batches | lr 0.50 | loss  2.02 | ppl     7.52
---------------------------------------------------------------------------------------
| epoch  17 |   800/ 2104 batches | lr 0.50 | loss  2.03 | ppl     7.59
---------------------------------------------------------------------------------------
| epoch  17 |  1000/ 2104 batches | lr 0.50 | loss  2.04 | ppl     7.66
---------------------------------------------------------------------------------------
| epoch  17 |  1200/ 2104 batches | lr 0.50 | loss  2.02 | ppl     7.57
---------------------------------------------------------------------------------------
| epoch  17 |  1400/ 2104 batches | lr 0.50 | loss  2.04 | ppl     7.69
---------------------------------------------------------------------------------------
| epoch  17 |  1600/ 2104 batches | lr 0.50 | loss  2.05 | ppl     7.77
---------------------------------------------------------------------------------------
| epoch  17 |  1800/ 2104 batches | lr 0.50 | loss  2.05 | ppl     7.76
---------------------------------------------------------------------------------------
| epoch  17 |  2000/ 2104 batches | lr 0.50 | loss  2.04 | ppl     7.69
---------------------------------------------------------------------------------------
-----------------------------------------------------------------------------------------
| end of epoch  17 | time: 21.74s |valid ppl     7.76
-----------------------------------------------------------------------------------------
| epoch  18 |   200/ 2104 batches | lr 0.50 | loss  2.00 | ppl     7.36
---------------------------------------------------------------------------------------
| epoch  18 |   400/ 2104 batches | lr 0.50 | loss  1.99 | ppl     7.35
---------------------------------------------------------------------------------------
| epoch  18 |   600/ 2104 batches | lr 0.50 | loss  2.01 | ppl     7.49
---------------------------------------------------------------------------------------
| epoch  18 |   800/ 2104 batches | lr 0.50 | loss  2.02 | ppl     7.54
---------------------------------------------------------------------------------------
| epoch  18 |  1000/ 2104 batches | lr 0.50 | loss  2.02 | ppl     7.56
---------------------------------------------------------------------------------------
| epoch  18 |  1200/ 2104 batches | lr 0.50 | loss  2.04 | ppl     7.66
---------------------------------------------------------------------------------------
| epoch  18 |  1400/ 2104 batches | lr 0.50 | loss  2.04 | ppl     7.70
---------------------------------------------------------------------------------------
| epoch  18 |  1600/ 2104 batches | lr 0.50 | loss  2.04 | ppl     7.66
---------------------------------------------------------------------------------------
| epoch  18 |  1800/ 2104 batches | lr 0.50 | loss  2.03 | ppl     7.63
---------------------------------------------------------------------------------------
| epoch  18 |  2000/ 2104 batches | lr 0.50 | loss  2.03 | ppl     7.65
---------------------------------------------------------------------------------------
-----------------------------------------------------------------------------------------
| end of epoch  18 | time: 21.75s |valid ppl     7.73
-----------------------------------------------------------------------------------------
| epoch  19 |   200/ 2104 batches | lr 0.50 | loss  2.00 | ppl     7.37
---------------------------------------------------------------------------------------
| epoch  19 |   400/ 2104 batches | lr 0.50 | loss  1.99 | ppl     7.29
---------------------------------------------------------------------------------------
| epoch  19 |   600/ 2104 batches | lr 0.50 | loss  2.01 | ppl     7.43
---------------------------------------------------------------------------------------
| epoch  19 |   800/ 2104 batches | lr 0.50 | loss  2.00 | ppl     7.40
---------------------------------------------------------------------------------------
| epoch  19 |  1000/ 2104 batches | lr 0.50 | loss  2.03 | ppl     7.60
---------------------------------------------------------------------------------------
| epoch  19 |  1200/ 2104 batches | lr 0.50 | loss  2.02 | ppl     7.51
---------------------------------------------------------------------------------------
| epoch  19 |  1400/ 2104 batches | lr 0.50 | loss  2.02 | ppl     7.54
---------------------------------------------------------------------------------------
| epoch  19 |  1600/ 2104 batches | lr 0.50 | loss  2.03 | ppl     7.63
---------------------------------------------------------------------------------------
| epoch  19 |  1800/ 2104 batches | lr 0.50 | loss  2.03 | ppl     7.63
---------------------------------------------------------------------------------------
| epoch  19 |  2000/ 2104 batches | lr 0.50 | loss  2.03 | ppl     7.59
---------------------------------------------------------------------------------------
-----------------------------------------------------------------------------------------
| end of epoch  19 | time: 21.81s |valid ppl     7.79
-----------------------------------------------------------------------------------------
| epoch  20 |   200/ 2104 batches | lr 0.25 | loss  1.98 | ppl     7.21
---------------------------------------------------------------------------------------
| epoch  20 |   400/ 2104 batches | lr 0.25 | loss  1.95 | ppl     7.06
---------------------------------------------------------------------------------------
| epoch  20 |   600/ 2104 batches | lr 0.25 | loss  1.95 | ppl     7.00
---------------------------------------------------------------------------------------
| epoch  20 |   800/ 2104 batches | lr 0.25 | loss  1.96 | ppl     7.08
---------------------------------------------------------------------------------------
| epoch  20 |  1000/ 2104 batches | lr 0.25 | loss  1.95 | ppl     7.01
---------------------------------------------------------------------------------------
| epoch  20 |  1200/ 2104 batches | lr 0.25 | loss  1.95 | ppl     7.05
---------------------------------------------------------------------------------------
| epoch  20 |  1400/ 2104 batches | lr 0.25 | loss  1.97 | ppl     7.15
---------------------------------------------------------------------------------------
| epoch  20 |  1600/ 2104 batches | lr 0.25 | loss  1.96 | ppl     7.11
---------------------------------------------------------------------------------------
| epoch  20 |  1800/ 2104 batches | lr 0.25 | loss  1.95 | ppl     7.03
---------------------------------------------------------------------------------------
| epoch  20 |  2000/ 2104 batches | lr 0.25 | loss  1.97 | ppl     7.15
---------------------------------------------------------------------------------------
-----------------------------------------------------------------------------------------
| end of epoch  20 | time: 21.80s |valid ppl     7.46
-----------------------------------------------------------------------------------------
| epoch  21 |   200/ 2104 batches | lr 0.25 | loss  1.94 | ppl     6.96
---------------------------------------------------------------------------------------
| epoch  21 |   400/ 2104 batches | lr 0.25 | loss  1.93 | ppl     6.86
---------------------------------------------------------------------------------------
| epoch  21 |   600/ 2104 batches | lr 0.25 | loss  1.94 | ppl     6.95
---------------------------------------------------------------------------------------
| epoch  21 |   800/ 2104 batches | lr 0.25 | loss  1.94 | ppl     6.97
---------------------------------------------------------------------------------------
| epoch  21 |  1000/ 2104 batches | lr 0.25 | loss  1.95 | ppl     7.03
---------------------------------------------------------------------------------------
| epoch  21 |  1200/ 2104 batches | lr 0.25 | loss  1.95 | ppl     7.00
---------------------------------------------------------------------------------------
| epoch  21 |  1400/ 2104 batches | lr 0.25 | loss  1.96 | ppl     7.08
---------------------------------------------------------------------------------------
| epoch  21 |  1600/ 2104 batches | lr 0.25 | loss  1.95 | ppl     7.01
---------------------------------------------------------------------------------------
| epoch  21 |  1800/ 2104 batches | lr 0.25 | loss  1.95 | ppl     7.01
---------------------------------------------------------------------------------------
| epoch  21 |  2000/ 2104 batches | lr 0.25 | loss  1.95 | ppl     7.02
---------------------------------------------------------------------------------------
-----------------------------------------------------------------------------------------
| end of epoch  21 | time: 21.80s |valid ppl     7.45
-----------------------------------------------------------------------------------------
| epoch  22 |   200/ 2104 batches | lr 0.25 | loss  1.93 | ppl     6.89
---------------------------------------------------------------------------------------
| epoch  22 |   400/ 2104 batches | lr 0.25 | loss  1.92 | ppl     6.84
---------------------------------------------------------------------------------------
| epoch  22 |   600/ 2104 batches | lr 0.25 | loss  1.93 | ppl     6.88
---------------------------------------------------------------------------------------
| epoch  22 |   800/ 2104 batches | lr 0.25 | loss  1.93 | ppl     6.91
---------------------------------------------------------------------------------------
| epoch  22 |  1000/ 2104 batches | lr 0.25 | loss  1.94 | ppl     6.95
---------------------------------------------------------------------------------------
| epoch  22 |  1200/ 2104 batches | lr 0.25 | loss  1.94 | ppl     6.93
---------------------------------------------------------------------------------------
| epoch  22 |  1400/ 2104 batches | lr 0.25 | loss  1.95 | ppl     7.03
---------------------------------------------------------------------------------------
| epoch  22 |  1600/ 2104 batches | lr 0.25 | loss  1.95 | ppl     7.02
---------------------------------------------------------------------------------------
| epoch  22 |  1800/ 2104 batches | lr 0.25 | loss  1.95 | ppl     7.03
---------------------------------------------------------------------------------------
| epoch  22 |  2000/ 2104 batches | lr 0.25 | loss  1.95 | ppl     7.03
---------------------------------------------------------------------------------------
-----------------------------------------------------------------------------------------
| end of epoch  22 | time: 21.85s |valid ppl     7.45
-----------------------------------------------------------------------------------------
| epoch  23 |   200/ 2104 batches | lr 0.12 | loss  1.91 | ppl     6.72
---------------------------------------------------------------------------------------
| epoch  23 |   400/ 2104 batches | lr 0.12 | loss  1.90 | ppl     6.67
---------------------------------------------------------------------------------------
| epoch  23 |   600/ 2104 batches | lr 0.12 | loss  1.91 | ppl     6.72
---------------------------------------------------------------------------------------
| epoch  23 |   800/ 2104 batches | lr 0.12 | loss  1.90 | ppl     6.66
---------------------------------------------------------------------------------------
| epoch  23 |  1000/ 2104 batches | lr 0.12 | loss  1.90 | ppl     6.71
---------------------------------------------------------------------------------------
| epoch  23 |  1200/ 2104 batches | lr 0.12 | loss  1.90 | ppl     6.70
---------------------------------------------------------------------------------------
| epoch  23 |  1400/ 2104 batches | lr 0.12 | loss  1.91 | ppl     6.75
---------------------------------------------------------------------------------------
| epoch  23 |  1600/ 2104 batches | lr 0.12 | loss  1.92 | ppl     6.80
---------------------------------------------------------------------------------------
| epoch  23 |  1800/ 2104 batches | lr 0.12 | loss  1.92 | ppl     6.80
---------------------------------------------------------------------------------------
| epoch  23 |  2000/ 2104 batches | lr 0.12 | loss  1.91 | ppl     6.76
---------------------------------------------------------------------------------------
-----------------------------------------------------------------------------------------
| end of epoch  23 | time: 21.94s |valid ppl     7.34
-----------------------------------------------------------------------------------------
| epoch  24 |   200/ 2104 batches | lr 0.12 | loss  1.89 | ppl     6.60
---------------------------------------------------------------------------------------
| epoch  24 |   400/ 2104 batches | lr 0.12 | loss  1.90 | ppl     6.67
---------------------------------------------------------------------------------------
| epoch  24 |   600/ 2104 batches | lr 0.12 | loss  1.88 | ppl     6.56
---------------------------------------------------------------------------------------
| epoch  24 |   800/ 2104 batches | lr 0.12 | loss  1.90 | ppl     6.68
---------------------------------------------------------------------------------------
| epoch  24 |  1000/ 2104 batches | lr 0.12 | loss  1.89 | ppl     6.63
---------------------------------------------------------------------------------------
| epoch  24 |  1200/ 2104 batches | lr 0.12 | loss  1.90 | ppl     6.71
---------------------------------------------------------------------------------------
| epoch  24 |  1400/ 2104 batches | lr 0.12 | loss  1.91 | ppl     6.74
---------------------------------------------------------------------------------------
| epoch  24 |  1600/ 2104 batches | lr 0.12 | loss  1.91 | ppl     6.74
---------------------------------------------------------------------------------------
| epoch  24 |  1800/ 2104 batches | lr 0.12 | loss  1.91 | ppl     6.74
---------------------------------------------------------------------------------------
| epoch  24 |  2000/ 2104 batches | lr 0.12 | loss  1.90 | ppl     6.69
---------------------------------------------------------------------------------------
-----------------------------------------------------------------------------------------
| end of epoch  24 | time: 21.82s |valid ppl     7.33
-----------------------------------------------------------------------------------------
| epoch  25 |   200/ 2104 batches | lr 0.12 | loss  1.88 | ppl     6.59
---------------------------------------------------------------------------------------
| epoch  25 |   400/ 2104 batches | lr 0.12 | loss  1.89 | ppl     6.59
---------------------------------------------------------------------------------------
| epoch  25 |   600/ 2104 batches | lr 0.12 | loss  1.89 | ppl     6.59
---------------------------------------------------------------------------------------
| epoch  25 |   800/ 2104 batches | lr 0.12 | loss  1.89 | ppl     6.61
---------------------------------------------------------------------------------------
| epoch  25 |  1000/ 2104 batches | lr 0.12 | loss  1.89 | ppl     6.61
---------------------------------------------------------------------------------------
| epoch  25 |  1200/ 2104 batches | lr 0.12 | loss  1.89 | ppl     6.59
---------------------------------------------------------------------------------------
| epoch  25 |  1400/ 2104 batches | lr 0.12 | loss  1.89 | ppl     6.65
---------------------------------------------------------------------------------------
| epoch  25 |  1600/ 2104 batches | lr 0.12 | loss  1.91 | ppl     6.75
---------------------------------------------------------------------------------------
| epoch  25 |  1800/ 2104 batches | lr 0.12 | loss  1.90 | ppl     6.71
---------------------------------------------------------------------------------------
| epoch  25 |  2000/ 2104 batches | lr 0.12 | loss  1.92 | ppl     6.80
---------------------------------------------------------------------------------------
-----------------------------------------------------------------------------------------
| end of epoch  25 | time: 21.84s |valid ppl     7.27
-----------------------------------------------------------------------------------------
| epoch  26 |   200/ 2104 batches | lr 0.12 | loss  1.89 | ppl     6.62
---------------------------------------------------------------------------------------
| epoch  26 |   400/ 2104 batches | lr 0.12 | loss  1.89 | ppl     6.62
---------------------------------------------------------------------------------------
| epoch  26 |   600/ 2104 batches | lr 0.12 | loss  1.89 | ppl     6.62
---------------------------------------------------------------------------------------
| epoch  26 |   800/ 2104 batches | lr 0.12 | loss  1.89 | ppl     6.59
---------------------------------------------------------------------------------------
| epoch  26 |  1000/ 2104 batches | lr 0.12 | loss  1.89 | ppl     6.64
---------------------------------------------------------------------------------------
| epoch  26 |  1200/ 2104 batches | lr 0.12 | loss  1.89 | ppl     6.64
---------------------------------------------------------------------------------------
| epoch  26 |  1400/ 2104 batches | lr 0.12 | loss  1.89 | ppl     6.65
---------------------------------------------------------------------------------------
| epoch  26 |  1600/ 2104 batches | lr 0.12 | loss  1.90 | ppl     6.69
---------------------------------------------------------------------------------------
| epoch  26 |  1800/ 2104 batches | lr 0.12 | loss  1.90 | ppl     6.68
---------------------------------------------------------------------------------------
| epoch  26 |  2000/ 2104 batches | lr 0.12 | loss  1.89 | ppl     6.65
---------------------------------------------------------------------------------------
-----------------------------------------------------------------------------------------
| end of epoch  26 | time: 21.86s |valid ppl     7.27
-----------------------------------------------------------------------------------------
| epoch  27 |   200/ 2104 batches | lr 0.12 | loss  1.88 | ppl     6.57
---------------------------------------------------------------------------------------
| epoch  27 |   400/ 2104 batches | lr 0.12 | loss  1.87 | ppl     6.51
---------------------------------------------------------------------------------------
| epoch  27 |   600/ 2104 batches | lr 0.12 | loss  1.89 | ppl     6.59
---------------------------------------------------------------------------------------
| epoch  27 |   800/ 2104 batches | lr 0.12 | loss  1.89 | ppl     6.63
---------------------------------------------------------------------------------------
| epoch  27 |  1000/ 2104 batches | lr 0.12 | loss  1.89 | ppl     6.60
---------------------------------------------------------------------------------------
| epoch  27 |  1200/ 2104 batches | lr 0.12 | loss  1.88 | ppl     6.55
---------------------------------------------------------------------------------------
| epoch  27 |  1400/ 2104 batches | lr 0.12 | loss  1.89 | ppl     6.64
---------------------------------------------------------------------------------------
| epoch  27 |  1600/ 2104 batches | lr 0.12 | loss  1.89 | ppl     6.65
---------------------------------------------------------------------------------------
| epoch  27 |  1800/ 2104 batches | lr 0.12 | loss  1.91 | ppl     6.75
---------------------------------------------------------------------------------------
| epoch  27 |  2000/ 2104 batches | lr 0.12 | loss  1.90 | ppl     6.70
---------------------------------------------------------------------------------------
-----------------------------------------------------------------------------------------
| end of epoch  27 | time: 21.80s |valid ppl     7.30
-----------------------------------------------------------------------------------------
| epoch  28 |   200/ 2104 batches | lr 0.06 | loss  1.88 | ppl     6.54
---------------------------------------------------------------------------------------
| epoch  28 |   400/ 2104 batches | lr 0.06 | loss  1.87 | ppl     6.47
---------------------------------------------------------------------------------------
| epoch  28 |   600/ 2104 batches | lr 0.06 | loss  1.88 | ppl     6.54
---------------------------------------------------------------------------------------
| epoch  28 |   800/ 2104 batches | lr 0.06 | loss  1.88 | ppl     6.52
---------------------------------------------------------------------------------------
| epoch  28 |  1000/ 2104 batches | lr 0.06 | loss  1.88 | ppl     6.53
---------------------------------------------------------------------------------------
| epoch  28 |  1200/ 2104 batches | lr 0.06 | loss  1.87 | ppl     6.51
---------------------------------------------------------------------------------------
| epoch  28 |  1400/ 2104 batches | lr 0.06 | loss  1.87 | ppl     6.52
---------------------------------------------------------------------------------------
| epoch  28 |  1600/ 2104 batches | lr 0.06 | loss  1.87 | ppl     6.48
---------------------------------------------------------------------------------------
| epoch  28 |  1800/ 2104 batches | lr 0.06 | loss  1.88 | ppl     6.54
---------------------------------------------------------------------------------------
| epoch  28 |  2000/ 2104 batches | lr 0.06 | loss  1.87 | ppl     6.48
---------------------------------------------------------------------------------------
-----------------------------------------------------------------------------------------
| end of epoch  28 | time: 21.83s |valid ppl     7.27
-----------------------------------------------------------------------------------------
| epoch  29 |   200/ 2104 batches | lr 0.06 | loss  1.87 | ppl     6.48
---------------------------------------------------------------------------------------
| epoch  29 |   400/ 2104 batches | lr 0.06 | loss  1.87 | ppl     6.47
---------------------------------------------------------------------------------------
| epoch  29 |   600/ 2104 batches | lr 0.06 | loss  1.87 | ppl     6.47
---------------------------------------------------------------------------------------
| epoch  29 |   800/ 2104 batches | lr 0.06 | loss  1.87 | ppl     6.48
---------------------------------------------------------------------------------------
| epoch  29 |  1000/ 2104 batches | lr 0.06 | loss  1.86 | ppl     6.43
---------------------------------------------------------------------------------------
| epoch  29 |  1200/ 2104 batches | lr 0.06 | loss  1.86 | ppl     6.42
---------------------------------------------------------------------------------------
| epoch  29 |  1400/ 2104 batches | lr 0.06 | loss  1.88 | ppl     6.55
---------------------------------------------------------------------------------------
| epoch  29 |  1600/ 2104 batches | lr 0.06 | loss  1.86 | ppl     6.42
---------------------------------------------------------------------------------------
| epoch  29 |  1800/ 2104 batches | lr 0.06 | loss  1.87 | ppl     6.49
---------------------------------------------------------------------------------------
| epoch  29 |  2000/ 2104 batches | lr 0.06 | loss  1.88 | ppl     6.54
---------------------------------------------------------------------------------------
-----------------------------------------------------------------------------------------
| end of epoch  29 | time: 21.76s |valid ppl     7.26
-----------------------------------------------------------------------------------------
| epoch  30 |   200/ 2104 batches | lr 0.06 | loss  1.87 | ppl     6.48
---------------------------------------------------------------------------------------
| epoch  30 |   400/ 2104 batches | lr 0.06 | loss  1.85 | ppl     6.39
---------------------------------------------------------------------------------------
| epoch  30 |   600/ 2104 batches | lr 0.06 | loss  1.86 | ppl     6.41
---------------------------------------------------------------------------------------
| epoch  30 |   800/ 2104 batches | lr 0.06 | loss  1.86 | ppl     6.40
---------------------------------------------------------------------------------------
| epoch  30 |  1000/ 2104 batches | lr 0.06 | loss  1.86 | ppl     6.45
---------------------------------------------------------------------------------------
| epoch  30 |  1200/ 2104 batches | lr 0.06 | loss  1.87 | ppl     6.49
---------------------------------------------------------------------------------------
| epoch  30 |  1400/ 2104 batches | lr 0.06 | loss  1.86 | ppl     6.43
---------------------------------------------------------------------------------------
| epoch  30 |  1600/ 2104 batches | lr 0.06 | loss  1.88 | ppl     6.53
---------------------------------------------------------------------------------------
| epoch  30 |  1800/ 2104 batches | lr 0.06 | loss  1.88 | ppl     6.53
---------------------------------------------------------------------------------------
| epoch  30 |  2000/ 2104 batches | lr 0.06 | loss  1.87 | ppl     6.50
---------------------------------------------------------------------------------------
-----------------------------------------------------------------------------------------
| end of epoch  30 | time: 21.81s |valid ppl     7.26
-----------------------------------------------------------------------------------------
| epoch  31 |   200/ 2104 batches | lr 0.03 | loss  1.85 | ppl     6.37
---------------------------------------------------------------------------------------
| epoch  31 |   400/ 2104 batches | lr 0.03 | loss  1.85 | ppl     6.35
---------------------------------------------------------------------------------------
| epoch  31 |   600/ 2104 batches | lr 0.03 | loss  1.86 | ppl     6.42
---------------------------------------------------------------------------------------
| epoch  31 |   800/ 2104 batches | lr 0.03 | loss  1.86 | ppl     6.43
---------------------------------------------------------------------------------------
| epoch  31 |  1000/ 2104 batches | lr 0.03 | loss  1.85 | ppl     6.36
---------------------------------------------------------------------------------------
| epoch  31 |  1200/ 2104 batches | lr 0.03 | loss  1.86 | ppl     6.42
---------------------------------------------------------------------------------------
| epoch  31 |  1400/ 2104 batches | lr 0.03 | loss  1.86 | ppl     6.39
---------------------------------------------------------------------------------------
| epoch  31 |  1600/ 2104 batches | lr 0.03 | loss  1.86 | ppl     6.46
---------------------------------------------------------------------------------------
| epoch  31 |  1800/ 2104 batches | lr 0.03 | loss  1.86 | ppl     6.42
---------------------------------------------------------------------------------------
| epoch  31 |  2000/ 2104 batches | lr 0.03 | loss  1.86 | ppl     6.45
---------------------------------------------------------------------------------------
-----------------------------------------------------------------------------------------
| end of epoch  31 | time: 21.91s |valid ppl     7.22
-----------------------------------------------------------------------------------------
| epoch  32 |   200/ 2104 batches | lr 0.03 | loss  1.86 | ppl     6.42
---------------------------------------------------------------------------------------
| epoch  32 |   400/ 2104 batches | lr 0.03 | loss  1.85 | ppl     6.33
---------------------------------------------------------------------------------------
| epoch  32 |   600/ 2104 batches | lr 0.03 | loss  1.86 | ppl     6.40
---------------------------------------------------------------------------------------
| epoch  32 |   800/ 2104 batches | lr 0.03 | loss  1.86 | ppl     6.40
---------------------------------------------------------------------------------------
| epoch  32 |  1000/ 2104 batches | lr 0.03 | loss  1.85 | ppl     6.38
---------------------------------------------------------------------------------------
| epoch  32 |  1200/ 2104 batches | lr 0.03 | loss  1.85 | ppl     6.38
---------------------------------------------------------------------------------------
| epoch  32 |  1400/ 2104 batches | lr 0.03 | loss  1.86 | ppl     6.42
---------------------------------------------------------------------------------------
| epoch  32 |  1600/ 2104 batches | lr 0.03 | loss  1.85 | ppl     6.39
---------------------------------------------------------------------------------------
| epoch  32 |  1800/ 2104 batches | lr 0.03 | loss  1.86 | ppl     6.39
---------------------------------------------------------------------------------------
| epoch  32 |  2000/ 2104 batches | lr 0.03 | loss  1.85 | ppl     6.38
---------------------------------------------------------------------------------------
-----------------------------------------------------------------------------------------
| end of epoch  32 | time: 21.83s |valid ppl     7.22
-----------------------------------------------------------------------------------------
| epoch  33 |   200/ 2104 batches | lr 0.03 | loss  1.86 | ppl     6.41
---------------------------------------------------------------------------------------
| epoch  33 |   400/ 2104 batches | lr 0.03 | loss  1.84 | ppl     6.33
---------------------------------------------------------------------------------------
| epoch  33 |   600/ 2104 batches | lr 0.03 | loss  1.85 | ppl     6.36
---------------------------------------------------------------------------------------
| epoch  33 |   800/ 2104 batches | lr 0.03 | loss  1.85 | ppl     6.36
---------------------------------------------------------------------------------------
| epoch  33 |  1000/ 2104 batches | lr 0.03 | loss  1.86 | ppl     6.39
---------------------------------------------------------------------------------------
| epoch  33 |  1200/ 2104 batches | lr 0.03 | loss  1.85 | ppl     6.38
---------------------------------------------------------------------------------------
| epoch  33 |  1400/ 2104 batches | lr 0.03 | loss  1.86 | ppl     6.40
---------------------------------------------------------------------------------------
| epoch  33 |  1600/ 2104 batches | lr 0.03 | loss  1.86 | ppl     6.43
---------------------------------------------------------------------------------------
| epoch  33 |  1800/ 2104 batches | lr 0.03 | loss  1.86 | ppl     6.43
---------------------------------------------------------------------------------------
| epoch  33 |  2000/ 2104 batches | lr 0.03 | loss  1.86 | ppl     6.39
---------------------------------------------------------------------------------------
-----------------------------------------------------------------------------------------
| end of epoch  33 | time: 21.89s |valid ppl     7.22
-----------------------------------------------------------------------------------------
| epoch  34 |   200/ 2104 batches | lr 0.02 | loss  1.86 | ppl     6.44
---------------------------------------------------------------------------------------
| epoch  34 |   400/ 2104 batches | lr 0.02 | loss  1.85 | ppl     6.39
---------------------------------------------------------------------------------------
| epoch  34 |   600/ 2104 batches | lr 0.02 | loss  1.85 | ppl     6.37
---------------------------------------------------------------------------------------
| epoch  34 |   800/ 2104 batches | lr 0.02 | loss  1.84 | ppl     6.30
---------------------------------------------------------------------------------------
| epoch  34 |  1000/ 2104 batches | lr 0.02 | loss  1.84 | ppl     6.33
---------------------------------------------------------------------------------------
| epoch  34 |  1200/ 2104 batches | lr 0.02 | loss  1.84 | ppl     6.28
---------------------------------------------------------------------------------------
| epoch  34 |  1400/ 2104 batches | lr 0.02 | loss  1.85 | ppl     6.39
---------------------------------------------------------------------------------------
| epoch  34 |  1600/ 2104 batches | lr 0.02 | loss  1.85 | ppl     6.33
---------------------------------------------------------------------------------------
| epoch  34 |  1800/ 2104 batches | lr 0.02 | loss  1.85 | ppl     6.37
---------------------------------------------------------------------------------------
| epoch  34 |  2000/ 2104 batches | lr 0.02 | loss  1.85 | ppl     6.34
---------------------------------------------------------------------------------------
-----------------------------------------------------------------------------------------
| end of epoch  34 | time: 21.81s |valid ppl     7.21
-----------------------------------------------------------------------------------------
| epoch  35 |   200/ 2104 batches | lr 0.02 | loss  1.85 | ppl     6.36
---------------------------------------------------------------------------------------
| epoch  35 |   400/ 2104 batches | lr 0.02 | loss  1.85 | ppl     6.36
---------------------------------------------------------------------------------------
| epoch  35 |   600/ 2104 batches | lr 0.02 | loss  1.84 | ppl     6.29
---------------------------------------------------------------------------------------
| epoch  35 |   800/ 2104 batches | lr 0.02 | loss  1.85 | ppl     6.38
---------------------------------------------------------------------------------------
| epoch  35 |  1000/ 2104 batches | lr 0.02 | loss  1.85 | ppl     6.33
---------------------------------------------------------------------------------------
| epoch  35 |  1200/ 2104 batches | lr 0.02 | loss  1.85 | ppl     6.39
---------------------------------------------------------------------------------------
| epoch  35 |  1400/ 2104 batches | lr 0.02 | loss  1.84 | ppl     6.30
---------------------------------------------------------------------------------------
| epoch  35 |  1600/ 2104 batches | lr 0.02 | loss  1.85 | ppl     6.38
---------------------------------------------------------------------------------------
| epoch  35 |  1800/ 2104 batches | lr 0.02 | loss  1.85 | ppl     6.35
---------------------------------------------------------------------------------------
| epoch  35 |  2000/ 2104 batches | lr 0.02 | loss  1.84 | ppl     6.33
---------------------------------------------------------------------------------------
-----------------------------------------------------------------------------------------
| end of epoch  35 | time: 21.87s |valid ppl     7.23
-----------------------------------------------------------------------------------------
| epoch  36 |   200/ 2104 batches | lr 0.01 | loss  1.84 | ppl     6.33
---------------------------------------------------------------------------------------
| epoch  36 |   400/ 2104 batches | lr 0.01 | loss  1.85 | ppl     6.36
---------------------------------------------------------------------------------------
| epoch  36 |   600/ 2104 batches | lr 0.01 | loss  1.84 | ppl     6.27
---------------------------------------------------------------------------------------
| epoch  36 |   800/ 2104 batches | lr 0.01 | loss  1.85 | ppl     6.33
---------------------------------------------------------------------------------------
| epoch  36 |  1000/ 2104 batches | lr 0.01 | loss  1.85 | ppl     6.38
---------------------------------------------------------------------------------------
| epoch  36 |  1200/ 2104 batches | lr 0.01 | loss  1.84 | ppl     6.30
---------------------------------------------------------------------------------------
| epoch  36 |  1400/ 2104 batches | lr 0.01 | loss  1.85 | ppl     6.38
---------------------------------------------------------------------------------------
| epoch  36 |  1600/ 2104 batches | lr 0.01 | loss  1.84 | ppl     6.33
---------------------------------------------------------------------------------------
| epoch  36 |  1800/ 2104 batches | lr 0.01 | loss  1.84 | ppl     6.31
---------------------------------------------------------------------------------------
| epoch  36 |  2000/ 2104 batches | lr 0.01 | loss  1.85 | ppl     6.36
---------------------------------------------------------------------------------------
-----------------------------------------------------------------------------------------
| end of epoch  36 | time: 21.86s |valid ppl     7.20
-----------------------------------------------------------------------------------------
| epoch  37 |   200/ 2104 batches | lr 0.01 | loss  1.87 | ppl     6.50
---------------------------------------------------------------------------------------
| epoch  37 |   400/ 2104 batches | lr 0.01 | loss  1.84 | ppl     6.29
---------------------------------------------------------------------------------------
| epoch  37 |   600/ 2104 batches | lr 0.01 | loss  1.84 | ppl     6.30
---------------------------------------------------------------------------------------
| epoch  37 |   800/ 2104 batches | lr 0.01 | loss  1.85 | ppl     6.33
---------------------------------------------------------------------------------------
| epoch  37 |  1000/ 2104 batches | lr 0.01 | loss  1.84 | ppl     6.28
---------------------------------------------------------------------------------------
| epoch  37 |  1200/ 2104 batches | lr 0.01 | loss  1.85 | ppl     6.37
---------------------------------------------------------------------------------------
| epoch  37 |  1400/ 2104 batches | lr 0.01 | loss  1.85 | ppl     6.36
---------------------------------------------------------------------------------------
| epoch  37 |  1600/ 2104 batches | lr 0.01 | loss  1.85 | ppl     6.38
---------------------------------------------------------------------------------------
| epoch  37 |  1800/ 2104 batches | lr 0.01 | loss  1.84 | ppl     6.27
---------------------------------------------------------------------------------------
| epoch  37 |  2000/ 2104 batches | lr 0.01 | loss  1.85 | ppl     6.36
---------------------------------------------------------------------------------------
-----------------------------------------------------------------------------------------
| end of epoch  37 | time: 21.82s |valid ppl     7.18
-----------------------------------------------------------------------------------------
| epoch  38 |   200/ 2104 batches | lr 0.01 | loss  1.87 | ppl     6.46
---------------------------------------------------------------------------------------
| epoch  38 |   400/ 2104 batches | lr 0.01 | loss  1.83 | ppl     6.23
---------------------------------------------------------------------------------------
| epoch  38 |   600/ 2104 batches | lr 0.01 | loss  1.83 | ppl     6.26
---------------------------------------------------------------------------------------
| epoch  38 |   800/ 2104 batches | lr 0.01 | loss  1.85 | ppl     6.33
---------------------------------------------------------------------------------------
| epoch  38 |  1000/ 2104 batches | lr 0.01 | loss  1.84 | ppl     6.32
---------------------------------------------------------------------------------------
| epoch  38 |  1200/ 2104 batches | lr 0.01 | loss  1.85 | ppl     6.34
---------------------------------------------------------------------------------------
| epoch  38 |  1400/ 2104 batches | lr 0.01 | loss  1.85 | ppl     6.34
---------------------------------------------------------------------------------------
| epoch  38 |  1600/ 2104 batches | lr 0.01 | loss  1.85 | ppl     6.37
---------------------------------------------------------------------------------------
| epoch  38 |  1800/ 2104 batches | lr 0.01 | loss  1.85 | ppl     6.36
---------------------------------------------------------------------------------------
| epoch  38 |  2000/ 2104 batches | lr 0.01 | loss  1.85 | ppl     6.35
---------------------------------------------------------------------------------------
-----------------------------------------------------------------------------------------
| end of epoch  38 | time: 21.87s |valid ppl     7.19
-----------------------------------------------------------------------------------------
| epoch  39 |   200/ 2104 batches | lr 0.00 | loss  1.85 | ppl     6.37
---------------------------------------------------------------------------------------
| epoch  39 |   400/ 2104 batches | lr 0.00 | loss  1.85 | ppl     6.35
---------------------------------------------------------------------------------------
| epoch  39 |   600/ 2104 batches | lr 0.00 | loss  1.84 | ppl     6.28
---------------------------------------------------------------------------------------
| epoch  39 |   800/ 2104 batches | lr 0.00 | loss  1.84 | ppl     6.32
---------------------------------------------------------------------------------------
| epoch  39 |  1000/ 2104 batches | lr 0.00 | loss  1.83 | ppl     6.24
---------------------------------------------------------------------------------------
| epoch  39 |  1200/ 2104 batches | lr 0.00 | loss  1.85 | ppl     6.33
---------------------------------------------------------------------------------------
| epoch  39 |  1400/ 2104 batches | lr 0.00 | loss  1.85 | ppl     6.34
---------------------------------------------------------------------------------------
| epoch  39 |  1600/ 2104 batches | lr 0.00 | loss  1.84 | ppl     6.32
---------------------------------------------------------------------------------------
| epoch  39 |  1800/ 2104 batches | lr 0.00 | loss  1.84 | ppl     6.29
---------------------------------------------------------------------------------------
| epoch  39 |  2000/ 2104 batches | lr 0.00 | loss  1.85 | ppl     6.33
---------------------------------------------------------------------------------------
-----------------------------------------------------------------------------------------
| end of epoch  39 | time: 21.87s |valid ppl     7.19
-----------------------------------------------------------------------------------------
| epoch  40 |   200/ 2104 batches | lr 0.00 | loss  1.85 | ppl     6.37
---------------------------------------------------------------------------------------
| epoch  40 |   400/ 2104 batches | lr 0.00 | loss  1.84 | ppl     6.31
---------------------------------------------------------------------------------------
| epoch  40 |   600/ 2104 batches | lr 0.00 | loss  1.85 | ppl     6.36
---------------------------------------------------------------------------------------
| epoch  40 |   800/ 2104 batches | lr 0.00 | loss  1.84 | ppl     6.31
---------------------------------------------------------------------------------------
| epoch  40 |  1000/ 2104 batches | lr 0.00 | loss  1.84 | ppl     6.32
---------------------------------------------------------------------------------------
| epoch  40 |  1200/ 2104 batches | lr 0.00 | loss  1.84 | ppl     6.32
---------------------------------------------------------------------------------------
| epoch  40 |  1400/ 2104 batches | lr 0.00 | loss  1.85 | ppl     6.33
---------------------------------------------------------------------------------------
| epoch  40 |  1600/ 2104 batches | lr 0.00 | loss  1.84 | ppl     6.30
---------------------------------------------------------------------------------------
| epoch  40 |  1800/ 2104 batches | lr 0.00 | loss  1.85 | ppl     6.38
---------------------------------------------------------------------------------------
| epoch  40 |  2000/ 2104 batches | lr 0.00 | loss  1.83 | ppl     6.21
---------------------------------------------------------------------------------------
-----------------------------------------------------------------------------------------
| end of epoch  40 | time: 21.96s |valid ppl     7.17
-----------------------------------------------------------------------------------------
=========================================================================================
| End of training | test ppl     7.24
===================================================================
