
Namespace(batch_size=20, clip=0.25, cuda=True, data='./data/penn', dict=None, dropout=0.2, emsize=200, epochs=40, log_interval=200, lr=1.0, lr_decay=2, nce=True, nhid=200, nlayers=2, noise_ratio=100, norm_term=9, prof=False, save='nce.pt', seed=1111, tb_name=None, train=True, weight_decay=1e-05)
Vocabulary size is 10001
RNNModel(
  (drop): Dropout(p=0.2)
  (encoder): Embedding(10001, 200)
  (rnn): LSTM(200, 200, num_layers=2, batch_first=True, dropout=0.2)
  (criterion): NCELoss(
    (ce_loss): CrossEntropyLoss(
    )
    (index_module): IndexLinear(in_features=200, out_features=10001)
  )
)
| epoch   1 |   200/ 2104 batches | lr 1.00 | loss  6.14 | ppl   462.42
---------------------------------------------------------------------------------------
| epoch   1 |   400/ 2104 batches | lr 1.00 | loss  5.65 | ppl   283.17
---------------------------------------------------------------------------------------
| epoch   1 |   600/ 2104 batches | lr 1.00 | loss  5.42 | ppl   226.15
---------------------------------------------------------------------------------------
| epoch   1 |   800/ 2104 batches | lr 1.00 | loss  5.23 | ppl   187.58
---------------------------------------------------------------------------------------
| epoch   1 |  1000/ 2104 batches | lr 1.00 | loss  5.11 | ppl   165.28
---------------------------------------------------------------------------------------
| epoch   1 |  1200/ 2104 batches | lr 1.00 | loss  5.02 | ppl   151.14
---------------------------------------------------------------------------------------
| epoch   1 |  1400/ 2104 batches | lr 1.00 | loss  4.95 | ppl   141.28
---------------------------------------------------------------------------------------
| epoch   1 |  1600/ 2104 batches | lr 1.00 | loss  4.88 | ppl   131.42
---------------------------------------------------------------------------------------
| epoch   1 |  1800/ 2104 batches | lr 1.00 | loss  4.82 | ppl   124.02
---------------------------------------------------------------------------------------
| epoch   1 |  2000/ 2104 batches | lr 1.00 | loss  4.77 | ppl   118.25
---------------------------------------------------------------------------------------
-----------------------------------------------------------------------------------------
| end of epoch   1 | time: 49.02s |valid ppl   251.55
-----------------------------------------------------------------------------------------
| epoch   2 |   200/ 2104 batches | lr 1.00 | loss  4.69 | ppl   109.29
---------------------------------------------------------------------------------------
| epoch   2 |   400/ 2104 batches | lr 1.00 | loss  4.65 | ppl   104.53
---------------------------------------------------------------------------------------
| epoch   2 |   600/ 2104 batches | lr 1.00 | loss  4.63 | ppl   102.31
---------------------------------------------------------------------------------------
| epoch   2 |   800/ 2104 batches | lr 1.00 | loss  4.61 | ppl   100.83
---------------------------------------------------------------------------------------
| epoch   2 |  1000/ 2104 batches | lr 1.00 | loss  4.59 | ppl    98.39
---------------------------------------------------------------------------------------
| epoch   2 |  1200/ 2104 batches | lr 1.00 | loss  4.57 | ppl    96.25
---------------------------------------------------------------------------------------
| epoch   2 |  1400/ 2104 batches | lr 1.00 | loss  4.55 | ppl    94.25
---------------------------------------------------------------------------------------
| epoch   2 |  1600/ 2104 batches | lr 1.00 | loss  4.53 | ppl    92.76
---------------------------------------------------------------------------------------
| epoch   2 |  1800/ 2104 batches | lr 1.00 | loss  4.51 | ppl    90.94
---------------------------------------------------------------------------------------
| epoch   2 |  2000/ 2104 batches | lr 1.00 | loss  4.50 | ppl    90.34
---------------------------------------------------------------------------------------
-----------------------------------------------------------------------------------------
| end of epoch   2 | time: 47.99s |valid ppl   199.49
-----------------------------------------------------------------------------------------
| epoch   3 |   200/ 2104 batches | lr 1.00 | loss  4.43 | ppl    83.86
---------------------------------------------------------------------------------------
| epoch   3 |   400/ 2104 batches | lr 1.00 | loss  4.41 | ppl    82.40
---------------------------------------------------------------------------------------
| epoch   3 |   600/ 2104 batches | lr 1.00 | loss  4.40 | ppl    81.65
---------------------------------------------------------------------------------------
| epoch   3 |   800/ 2104 batches | lr 1.00 | loss  4.41 | ppl    82.18
---------------------------------------------------------------------------------------
| epoch   3 |  1000/ 2104 batches | lr 1.00 | loss  4.40 | ppl    81.33
---------------------------------------------------------------------------------------
| epoch   3 |  1200/ 2104 batches | lr 1.00 | loss  4.39 | ppl    80.92
---------------------------------------------------------------------------------------
| epoch   3 |  1400/ 2104 batches | lr 1.00 | loss  4.38 | ppl    79.70
---------------------------------------------------------------------------------------
| epoch   3 |  1600/ 2104 batches | lr 1.00 | loss  4.38 | ppl    80.10
---------------------------------------------------------------------------------------
| epoch   3 |  1800/ 2104 batches | lr 1.00 | loss  4.36 | ppl    78.45
---------------------------------------------------------------------------------------
| epoch   3 |  2000/ 2104 batches | lr 1.00 | loss  4.36 | ppl    78.17
---------------------------------------------------------------------------------------
-----------------------------------------------------------------------------------------
| end of epoch   3 | time: 47.84s |valid ppl   177.50
-----------------------------------------------------------------------------------------
| epoch   4 |   200/ 2104 batches | lr 1.00 | loss  4.29 | ppl    73.22
---------------------------------------------------------------------------------------
| epoch   4 |   400/ 2104 batches | lr 1.00 | loss  4.27 | ppl    71.60
---------------------------------------------------------------------------------------
| epoch   4 |   600/ 2104 batches | lr 1.00 | loss  4.28 | ppl    72.07
---------------------------------------------------------------------------------------
| epoch   4 |   800/ 2104 batches | lr 1.00 | loss  4.29 | ppl    73.11
---------------------------------------------------------------------------------------
| epoch   4 |  1000/ 2104 batches | lr 1.00 | loss  4.30 | ppl    73.78
---------------------------------------------------------------------------------------
| epoch   4 |  1200/ 2104 batches | lr 1.00 | loss  4.31 | ppl    74.14
---------------------------------------------------------------------------------------
| epoch   4 |  1400/ 2104 batches | lr 1.00 | loss  4.27 | ppl    71.37
---------------------------------------------------------------------------------------
| epoch   4 |  1600/ 2104 batches | lr 1.00 | loss  4.27 | ppl    71.69
---------------------------------------------------------------------------------------
| epoch   4 |  1800/ 2104 batches | lr 1.00 | loss  4.28 | ppl    72.39
---------------------------------------------------------------------------------------
| epoch   4 |  2000/ 2104 batches | lr 1.00 | loss  4.27 | ppl    71.36
---------------------------------------------------------------------------------------
-----------------------------------------------------------------------------------------
| end of epoch   4 | time: 48.54s |valid ppl   161.06
-----------------------------------------------------------------------------------------
| epoch   5 |   200/ 2104 batches | lr 1.00 | loss  4.21 | ppl    67.59
---------------------------------------------------------------------------------------
| epoch   5 |   400/ 2104 batches | lr 1.00 | loss  4.18 | ppl    65.05
---------------------------------------------------------------------------------------
| epoch   5 |   600/ 2104 batches | lr 1.00 | loss  4.20 | ppl    66.71
---------------------------------------------------------------------------------------
| epoch   5 |   800/ 2104 batches | lr 1.00 | loss  4.20 | ppl    67.01
---------------------------------------------------------------------------------------
| epoch   5 |  1000/ 2104 batches | lr 1.00 | loss  4.21 | ppl    67.63
---------------------------------------------------------------------------------------
| epoch   5 |  1200/ 2104 batches | lr 1.00 | loss  4.21 | ppl    67.37
---------------------------------------------------------------------------------------
| epoch   5 |  1400/ 2104 batches | lr 1.00 | loss  4.21 | ppl    67.40
---------------------------------------------------------------------------------------
| epoch   5 |  1600/ 2104 batches | lr 1.00 | loss  4.21 | ppl    67.51
---------------------------------------------------------------------------------------
| epoch   5 |  1800/ 2104 batches | lr 1.00 | loss  4.21 | ppl    67.49
---------------------------------------------------------------------------------------
| epoch   5 |  2000/ 2104 batches | lr 1.00 | loss  4.21 | ppl    67.60
---------------------------------------------------------------------------------------
-----------------------------------------------------------------------------------------
| end of epoch   5 | time: 48.79s |valid ppl   151.96
-----------------------------------------------------------------------------------------
| epoch   6 |   200/ 2104 batches | lr 1.00 | loss  4.13 | ppl    62.21
---------------------------------------------------------------------------------------
| epoch   6 |   400/ 2104 batches | lr 1.00 | loss  4.13 | ppl    62.08
---------------------------------------------------------------------------------------
| epoch   6 |   600/ 2104 batches | lr 1.00 | loss  4.16 | ppl    63.92
---------------------------------------------------------------------------------------
| epoch   6 |   800/ 2104 batches | lr 1.00 | loss  4.15 | ppl    63.44
---------------------------------------------------------------------------------------
| epoch   6 |  1000/ 2104 batches | lr 1.00 | loss  4.16 | ppl    64.15
---------------------------------------------------------------------------------------
| epoch   6 |  1200/ 2104 batches | lr 1.00 | loss  4.16 | ppl    64.35
---------------------------------------------------------------------------------------
| epoch   6 |  1400/ 2104 batches | lr 1.00 | loss  4.16 | ppl    64.08
---------------------------------------------------------------------------------------
| epoch   6 |  1600/ 2104 batches | lr 1.00 | loss  4.16 | ppl    64.16
---------------------------------------------------------------------------------------
| epoch   6 |  1800/ 2104 batches | lr 1.00 | loss  4.16 | ppl    64.09
---------------------------------------------------------------------------------------
| epoch   6 |  2000/ 2104 batches | lr 1.00 | loss  4.15 | ppl    63.54
---------------------------------------------------------------------------------------
-----------------------------------------------------------------------------------------
| end of epoch   6 | time: 48.67s |valid ppl   145.44
-----------------------------------------------------------------------------------------
| epoch   7 |   200/ 2104 batches | lr 1.00 | loss  4.08 | ppl    59.20
---------------------------------------------------------------------------------------
| epoch   7 |   400/ 2104 batches | lr 1.00 | loss  4.09 | ppl    60.00
---------------------------------------------------------------------------------------
| epoch   7 |   600/ 2104 batches | lr 1.00 | loss  4.10 | ppl    60.49
---------------------------------------------------------------------------------------
| epoch   7 |   800/ 2104 batches | lr 1.00 | loss  4.11 | ppl    61.05
---------------------------------------------------------------------------------------
| epoch   7 |  1000/ 2104 batches | lr 1.00 | loss  4.10 | ppl    60.58
---------------------------------------------------------------------------------------
| epoch   7 |  1200/ 2104 batches | lr 1.00 | loss  4.11 | ppl    60.79
---------------------------------------------------------------------------------------
| epoch   7 |  1400/ 2104 batches | lr 1.00 | loss  4.13 | ppl    62.09
---------------------------------------------------------------------------------------
| epoch   7 |  1600/ 2104 batches | lr 1.00 | loss  4.11 | ppl    60.77
---------------------------------------------------------------------------------------
| epoch   7 |  1800/ 2104 batches | lr 1.00 | loss  4.12 | ppl    61.32
---------------------------------------------------------------------------------------
| epoch   7 |  2000/ 2104 batches | lr 1.00 | loss  4.13 | ppl    61.91
---------------------------------------------------------------------------------------
-----------------------------------------------------------------------------------------
| end of epoch   7 | time: 48.89s |valid ppl   140.46
-----------------------------------------------------------------------------------------
| epoch   8 |   200/ 2104 batches | lr 1.00 | loss  4.04 | ppl    56.94
---------------------------------------------------------------------------------------
| epoch   8 |   400/ 2104 batches | lr 1.00 | loss  4.06 | ppl    58.23
---------------------------------------------------------------------------------------
| epoch   8 |   600/ 2104 batches | lr 1.00 | loss  4.05 | ppl    57.61
---------------------------------------------------------------------------------------
| epoch   8 |   800/ 2104 batches | lr 1.00 | loss  4.06 | ppl    58.20
---------------------------------------------------------------------------------------
| epoch   8 |  1000/ 2104 batches | lr 1.00 | loss  4.08 | ppl    59.16
---------------------------------------------------------------------------------------
| epoch   8 |  1200/ 2104 batches | lr 1.00 | loss  4.08 | ppl    59.29
---------------------------------------------------------------------------------------
| epoch   8 |  1400/ 2104 batches | lr 1.00 | loss  4.08 | ppl    59.30
---------------------------------------------------------------------------------------
| epoch   8 |  1600/ 2104 batches | lr 1.00 | loss  4.09 | ppl    59.70
---------------------------------------------------------------------------------------
| epoch   8 |  1800/ 2104 batches | lr 1.00 | loss  4.09 | ppl    59.49
---------------------------------------------------------------------------------------
| epoch   8 |  2000/ 2104 batches | lr 1.00 | loss  4.09 | ppl    59.98
---------------------------------------------------------------------------------------
-----------------------------------------------------------------------------------------
| end of epoch   8 | time: 48.89s |valid ppl   138.93
-----------------------------------------------------------------------------------------
| epoch   9 |   200/ 2104 batches | lr 1.00 | loss  4.02 | ppl    55.54
---------------------------------------------------------------------------------------
| epoch   9 |   400/ 2104 batches | lr 1.00 | loss  4.02 | ppl    55.53
---------------------------------------------------------------------------------------
| epoch   9 |   600/ 2104 batches | lr 1.00 | loss  4.03 | ppl    56.25
---------------------------------------------------------------------------------------
| epoch   9 |   800/ 2104 batches | lr 1.00 | loss  4.04 | ppl    56.98
---------------------------------------------------------------------------------------
| epoch   9 |  1000/ 2104 batches | lr 1.00 | loss  4.04 | ppl    56.84
---------------------------------------------------------------------------------------
| epoch   9 |  1200/ 2104 batches | lr 1.00 | loss  4.05 | ppl    57.15
---------------------------------------------------------------------------------------
| epoch   9 |  1400/ 2104 batches | lr 1.00 | loss  4.06 | ppl    58.26
---------------------------------------------------------------------------------------
| epoch   9 |  1600/ 2104 batches | lr 1.00 | loss  4.07 | ppl    58.82
---------------------------------------------------------------------------------------
| epoch   9 |  1800/ 2104 batches | lr 1.00 | loss  4.08 | ppl    58.96
---------------------------------------------------------------------------------------
| epoch   9 |  2000/ 2104 batches | lr 1.00 | loss  4.07 | ppl    58.83
---------------------------------------------------------------------------------------
-----------------------------------------------------------------------------------------
| end of epoch   9 | time: 48.51s |valid ppl   135.44
-----------------------------------------------------------------------------------------
| epoch  10 |   200/ 2104 batches | lr 1.00 | loss  4.00 | ppl    54.72
---------------------------------------------------------------------------------------
| epoch  10 |   400/ 2104 batches | lr 1.00 | loss  4.00 | ppl    54.50
---------------------------------------------------------------------------------------
| epoch  10 |   600/ 2104 batches | lr 1.00 | loss  4.01 | ppl    55.33
---------------------------------------------------------------------------------------
| epoch  10 |   800/ 2104 batches | lr 1.00 | loss  4.01 | ppl    55.22
---------------------------------------------------------------------------------------
| epoch  10 |  1000/ 2104 batches | lr 1.00 | loss  4.00 | ppl    54.79
---------------------------------------------------------------------------------------
| epoch  10 |  1200/ 2104 batches | lr 1.00 | loss  4.03 | ppl    56.20
---------------------------------------------------------------------------------------
| epoch  10 |  1400/ 2104 batches | lr 1.00 | loss  4.03 | ppl    56.45
---------------------------------------------------------------------------------------
| epoch  10 |  1600/ 2104 batches | lr 1.00 | loss  4.05 | ppl    57.16
---------------------------------------------------------------------------------------
| epoch  10 |  1800/ 2104 batches | lr 1.00 | loss  4.06 | ppl    57.84
---------------------------------------------------------------------------------------
| epoch  10 |  2000/ 2104 batches | lr 1.00 | loss  4.04 | ppl    56.95
---------------------------------------------------------------------------------------
-----------------------------------------------------------------------------------------
| end of epoch  10 | time: 48.44s |valid ppl   135.25
-----------------------------------------------------------------------------------------
| epoch  11 |   200/ 2104 batches | lr 1.00 | loss  3.99 | ppl    54.26
---------------------------------------------------------------------------------------
| epoch  11 |   400/ 2104 batches | lr 1.00 | loss  3.96 | ppl    52.38
---------------------------------------------------------------------------------------
| epoch  11 |   600/ 2104 batches | lr 1.00 | loss  3.98 | ppl    53.59
---------------------------------------------------------------------------------------
| epoch  11 |   800/ 2104 batches | lr 1.00 | loss  3.99 | ppl    54.24
---------------------------------------------------------------------------------------
| epoch  11 |  1000/ 2104 batches | lr 1.00 | loss  4.02 | ppl    55.63
---------------------------------------------------------------------------------------
| epoch  11 |  1200/ 2104 batches | lr 1.00 | loss  4.01 | ppl    55.08
---------------------------------------------------------------------------------------
| epoch  11 |  1400/ 2104 batches | lr 1.00 | loss  4.01 | ppl    55.07
---------------------------------------------------------------------------------------
| epoch  11 |  1600/ 2104 batches | lr 1.00 | loss  4.03 | ppl    56.28
---------------------------------------------------------------------------------------
| epoch  11 |  1800/ 2104 batches | lr 1.00 | loss  4.04 | ppl    56.68
---------------------------------------------------------------------------------------
| epoch  11 |  2000/ 2104 batches | lr 1.00 | loss  4.03 | ppl    56.44
---------------------------------------------------------------------------------------
-----------------------------------------------------------------------------------------
| end of epoch  11 | time: 48.97s |valid ppl   130.40
-----------------------------------------------------------------------------------------
| epoch  12 |   200/ 2104 batches | lr 1.00 | loss  3.96 | ppl    52.31
---------------------------------------------------------------------------------------
| epoch  12 |   400/ 2104 batches | lr 1.00 | loss  3.95 | ppl    51.70
---------------------------------------------------------------------------------------
| epoch  12 |   600/ 2104 batches | lr 1.00 | loss  3.97 | ppl    53.14
---------------------------------------------------------------------------------------
| epoch  12 |   800/ 2104 batches | lr 1.00 | loss  3.99 | ppl    53.80
---------------------------------------------------------------------------------------
| epoch  12 |  1000/ 2104 batches | lr 1.00 | loss  3.98 | ppl    53.56
---------------------------------------------------------------------------------------
| epoch  12 |  1200/ 2104 batches | lr 1.00 | loss  4.00 | ppl    54.64
---------------------------------------------------------------------------------------
| epoch  12 |  1400/ 2104 batches | lr 1.00 | loss  4.00 | ppl    54.49
---------------------------------------------------------------------------------------
| epoch  12 |  1600/ 2104 batches | lr 1.00 | loss  4.01 | ppl    54.93
---------------------------------------------------------------------------------------
| epoch  12 |  1800/ 2104 batches | lr 1.00 | loss  4.02 | ppl    55.54
---------------------------------------------------------------------------------------
| epoch  12 |  2000/ 2104 batches | lr 1.00 | loss  4.01 | ppl    55.22
---------------------------------------------------------------------------------------
-----------------------------------------------------------------------------------------
| end of epoch  12 | time: 48.45s |valid ppl   130.69
-----------------------------------------------------------------------------------------
| epoch  13 |   200/ 2104 batches | lr 0.50 | loss  3.87 | ppl    48.03
---------------------------------------------------------------------------------------
| epoch  13 |   400/ 2104 batches | lr 0.50 | loss  3.86 | ppl    47.56
---------------------------------------------------------------------------------------
| epoch  13 |   600/ 2104 batches | lr 0.50 | loss  3.85 | ppl    46.95
---------------------------------------------------------------------------------------
| epoch  13 |   800/ 2104 batches | lr 0.50 | loss  3.86 | ppl    47.31
---------------------------------------------------------------------------------------
| epoch  13 |  1000/ 2104 batches | lr 0.50 | loss  3.85 | ppl    47.19
---------------------------------------------------------------------------------------
| epoch  13 |  1200/ 2104 batches | lr 0.50 | loss  3.86 | ppl    47.24
---------------------------------------------------------------------------------------
| epoch  13 |  1400/ 2104 batches | lr 0.50 | loss  3.86 | ppl    47.43
---------------------------------------------------------------------------------------
| epoch  13 |  1600/ 2104 batches | lr 0.50 | loss  3.88 | ppl    48.38
---------------------------------------------------------------------------------------
| epoch  13 |  1800/ 2104 batches | lr 0.50 | loss  3.87 | ppl    47.98
---------------------------------------------------------------------------------------
| epoch  13 |  2000/ 2104 batches | lr 0.50 | loss  3.89 | ppl    49.14
---------------------------------------------------------------------------------------
-----------------------------------------------------------------------------------------
| end of epoch  13 | time: 49.10s |valid ppl   119.24
-----------------------------------------------------------------------------------------
| epoch  14 |   200/ 2104 batches | lr 0.50 | loss  3.82 | ppl    45.62
---------------------------------------------------------------------------------------
| epoch  14 |   400/ 2104 batches | lr 0.50 | loss  3.83 | ppl    46.28
---------------------------------------------------------------------------------------
| epoch  14 |   600/ 2104 batches | lr 0.50 | loss  3.83 | ppl    45.89
---------------------------------------------------------------------------------------
| epoch  14 |   800/ 2104 batches | lr 0.50 | loss  3.83 | ppl    46.21
---------------------------------------------------------------------------------------
| epoch  14 |  1000/ 2104 batches | lr 0.50 | loss  3.83 | ppl    46.24
---------------------------------------------------------------------------------------
| epoch  14 |  1200/ 2104 batches | lr 0.50 | loss  3.84 | ppl    46.57
---------------------------------------------------------------------------------------
| epoch  14 |  1400/ 2104 batches | lr 0.50 | loss  3.84 | ppl    46.42
---------------------------------------------------------------------------------------
| epoch  14 |  1600/ 2104 batches | lr 0.50 | loss  3.87 | ppl    47.75
---------------------------------------------------------------------------------------
| epoch  14 |  1800/ 2104 batches | lr 0.50 | loss  3.85 | ppl    46.89
---------------------------------------------------------------------------------------
| epoch  14 |  2000/ 2104 batches | lr 0.50 | loss  3.86 | ppl    47.50
---------------------------------------------------------------------------------------
-----------------------------------------------------------------------------------------
| end of epoch  14 | time: 49.60s |valid ppl   117.50
-----------------------------------------------------------------------------------------
| epoch  15 |   200/ 2104 batches | lr 0.50 | loss  3.80 | ppl    44.68
---------------------------------------------------------------------------------------
| epoch  15 |   400/ 2104 batches | lr 0.50 | loss  3.80 | ppl    44.67
---------------------------------------------------------------------------------------
| epoch  15 |   600/ 2104 batches | lr 0.50 | loss  3.81 | ppl    45.29
---------------------------------------------------------------------------------------
| epoch  15 |   800/ 2104 batches | lr 0.50 | loss  3.82 | ppl    45.81
---------------------------------------------------------------------------------------
| epoch  15 |  1000/ 2104 batches | lr 0.50 | loss  3.83 | ppl    46.26
---------------------------------------------------------------------------------------
| epoch  15 |  1200/ 2104 batches | lr 0.50 | loss  3.84 | ppl    46.34
---------------------------------------------------------------------------------------
| epoch  15 |  1400/ 2104 batches | lr 0.50 | loss  3.85 | ppl    46.78
---------------------------------------------------------------------------------------
| epoch  15 |  1600/ 2104 batches | lr 0.50 | loss  3.84 | ppl    46.42
---------------------------------------------------------------------------------------
| epoch  15 |  1800/ 2104 batches | lr 0.50 | loss  3.86 | ppl    47.49
---------------------------------------------------------------------------------------
| epoch  15 |  2000/ 2104 batches | lr 0.50 | loss  3.87 | ppl    47.92
---------------------------------------------------------------------------------------
-----------------------------------------------------------------------------------------
| end of epoch  15 | time: 48.69s |valid ppl   116.87
-----------------------------------------------------------------------------------------
| epoch  16 |   200/ 2104 batches | lr 0.50 | loss  3.80 | ppl    44.90
---------------------------------------------------------------------------------------
| epoch  16 |   400/ 2104 batches | lr 0.50 | loss  3.78 | ppl    43.98
---------------------------------------------------------------------------------------
| epoch  16 |   600/ 2104 batches | lr 0.50 | loss  3.82 | ppl    45.39
---------------------------------------------------------------------------------------
| epoch  16 |   800/ 2104 batches | lr 0.50 | loss  3.82 | ppl    45.83
---------------------------------------------------------------------------------------
| epoch  16 |  1000/ 2104 batches | lr 0.50 | loss  3.82 | ppl    45.40
---------------------------------------------------------------------------------------
| epoch  16 |  1200/ 2104 batches | lr 0.50 | loss  3.82 | ppl    45.57
---------------------------------------------------------------------------------------
| epoch  16 |  1400/ 2104 batches | lr 0.50 | loss  3.83 | ppl    46.14
---------------------------------------------------------------------------------------
| epoch  16 |  1600/ 2104 batches | lr 0.50 | loss  3.85 | ppl    46.90
---------------------------------------------------------------------------------------
| epoch  16 |  1800/ 2104 batches | lr 0.50 | loss  3.85 | ppl    47.07
---------------------------------------------------------------------------------------
| epoch  16 |  2000/ 2104 batches | lr 0.50 | loss  3.86 | ppl    47.37
---------------------------------------------------------------------------------------
-----------------------------------------------------------------------------------------
| end of epoch  16 | time: 48.99s |valid ppl   117.17
-----------------------------------------------------------------------------------------
| epoch  17 |   200/ 2104 batches | lr 0.25 | loss  3.77 | ppl    43.19
---------------------------------------------------------------------------------------
| epoch  17 |   400/ 2104 batches | lr 0.25 | loss  3.75 | ppl    42.34
---------------------------------------------------------------------------------------
| epoch  17 |   600/ 2104 batches | lr 0.25 | loss  3.74 | ppl    42.15
---------------------------------------------------------------------------------------
| epoch  17 |   800/ 2104 batches | lr 0.25 | loss  3.73 | ppl    41.57
---------------------------------------------------------------------------------------
| epoch  17 |  1000/ 2104 batches | lr 0.25 | loss  3.75 | ppl    42.36
---------------------------------------------------------------------------------------
| epoch  17 |  1200/ 2104 batches | lr 0.25 | loss  3.77 | ppl    43.27
---------------------------------------------------------------------------------------
| epoch  17 |  1400/ 2104 batches | lr 0.25 | loss  3.76 | ppl    42.78
---------------------------------------------------------------------------------------
| epoch  17 |  1600/ 2104 batches | lr 0.25 | loss  3.78 | ppl    43.62
---------------------------------------------------------------------------------------
| epoch  17 |  1800/ 2104 batches | lr 0.25 | loss  3.78 | ppl    43.65
---------------------------------------------------------------------------------------
| epoch  17 |  2000/ 2104 batches | lr 0.25 | loss  3.77 | ppl    43.26
---------------------------------------------------------------------------------------
-----------------------------------------------------------------------------------------
| end of epoch  17 | time: 49.05s |valid ppl   113.07
-----------------------------------------------------------------------------------------
| epoch  18 |   200/ 2104 batches | lr 0.25 | loss  3.73 | ppl    41.72
---------------------------------------------------------------------------------------
| epoch  18 |   400/ 2104 batches | lr 0.25 | loss  3.73 | ppl    41.53
---------------------------------------------------------------------------------------
| epoch  18 |   600/ 2104 batches | lr 0.25 | loss  3.74 | ppl    41.94
---------------------------------------------------------------------------------------
| epoch  18 |   800/ 2104 batches | lr 0.25 | loss  3.75 | ppl    42.56
---------------------------------------------------------------------------------------
| epoch  18 |  1000/ 2104 batches | lr 0.25 | loss  3.73 | ppl    41.50
---------------------------------------------------------------------------------------
| epoch  18 |  1200/ 2104 batches | lr 0.25 | loss  3.74 | ppl    42.04
---------------------------------------------------------------------------------------
| epoch  18 |  1400/ 2104 batches | lr 0.25 | loss  3.74 | ppl    42.29
---------------------------------------------------------------------------------------
| epoch  18 |  1600/ 2104 batches | lr 0.25 | loss  3.76 | ppl    42.86
---------------------------------------------------------------------------------------
| epoch  18 |  1800/ 2104 batches | lr 0.25 | loss  3.76 | ppl    42.91
---------------------------------------------------------------------------------------
| epoch  18 |  2000/ 2104 batches | lr 0.25 | loss  3.77 | ppl    43.54
---------------------------------------------------------------------------------------
-----------------------------------------------------------------------------------------
| end of epoch  18 | time: 48.85s |valid ppl   112.46
-----------------------------------------------------------------------------------------
| epoch  19 |   200/ 2104 batches | lr 0.25 | loss  3.74 | ppl    42.20
---------------------------------------------------------------------------------------
| epoch  19 |   400/ 2104 batches | lr 0.25 | loss  3.72 | ppl    41.46
---------------------------------------------------------------------------------------
| epoch  19 |   600/ 2104 batches | lr 0.25 | loss  3.72 | ppl    41.22
---------------------------------------------------------------------------------------
| epoch  19 |   800/ 2104 batches | lr 0.25 | loss  3.73 | ppl    41.82
---------------------------------------------------------------------------------------
| epoch  19 |  1000/ 2104 batches | lr 0.25 | loss  3.74 | ppl    42.27
---------------------------------------------------------------------------------------
| epoch  19 |  1200/ 2104 batches | lr 0.25 | loss  3.75 | ppl    42.42
---------------------------------------------------------------------------------------
| epoch  19 |  1400/ 2104 batches | lr 0.25 | loss  3.74 | ppl    41.91
---------------------------------------------------------------------------------------
| epoch  19 |  1600/ 2104 batches | lr 0.25 | loss  3.74 | ppl    42.09
---------------------------------------------------------------------------------------
| epoch  19 |  1800/ 2104 batches | lr 0.25 | loss  3.75 | ppl    42.69
---------------------------------------------------------------------------------------
| epoch  19 |  2000/ 2104 batches | lr 0.25 | loss  3.75 | ppl    42.43
---------------------------------------------------------------------------------------
-----------------------------------------------------------------------------------------
| end of epoch  19 | time: 48.31s |valid ppl   112.25
-----------------------------------------------------------------------------------------
| epoch  20 |   200/ 2104 batches | lr 0.25 | loss  3.74 | ppl    42.07
---------------------------------------------------------------------------------------
| epoch  20 |   400/ 2104 batches | lr 0.25 | loss  3.72 | ppl    41.27
---------------------------------------------------------------------------------------
| epoch  20 |   600/ 2104 batches | lr 0.25 | loss  3.73 | ppl    41.48
---------------------------------------------------------------------------------------
| epoch  20 |   800/ 2104 batches | lr 0.25 | loss  3.71 | ppl    40.93
---------------------------------------------------------------------------------------
| epoch  20 |  1000/ 2104 batches | lr 0.25 | loss  3.72 | ppl    41.34
---------------------------------------------------------------------------------------
| epoch  20 |  1200/ 2104 batches | lr 0.25 | loss  3.74 | ppl    41.93
---------------------------------------------------------------------------------------
| epoch  20 |  1400/ 2104 batches | lr 0.25 | loss  3.73 | ppl    41.79
---------------------------------------------------------------------------------------
| epoch  20 |  1600/ 2104 batches | lr 0.25 | loss  3.74 | ppl    42.29
---------------------------------------------------------------------------------------
| epoch  20 |  1800/ 2104 batches | lr 0.25 | loss  3.76 | ppl    42.93
---------------------------------------------------------------------------------------
| epoch  20 |  2000/ 2104 batches | lr 0.25 | loss  3.76 | ppl    42.83
---------------------------------------------------------------------------------------
-----------------------------------------------------------------------------------------
| end of epoch  20 | time: 48.49s |valid ppl   112.33
-----------------------------------------------------------------------------------------
| epoch  21 |   200/ 2104 batches | lr 0.12 | loss  3.70 | ppl    40.64
---------------------------------------------------------------------------------------
| epoch  21 |   400/ 2104 batches | lr 0.12 | loss  3.70 | ppl    40.37
---------------------------------------------------------------------------------------
| epoch  21 |   600/ 2104 batches | lr 0.12 | loss  3.68 | ppl    39.82
---------------------------------------------------------------------------------------
| epoch  21 |   800/ 2104 batches | lr 0.12 | loss  3.69 | ppl    39.96
---------------------------------------------------------------------------------------
| epoch  21 |  1000/ 2104 batches | lr 0.12 | loss  3.69 | ppl    39.89
---------------------------------------------------------------------------------------
| epoch  21 |  1200/ 2104 batches | lr 0.12 | loss  3.70 | ppl    40.30
---------------------------------------------------------------------------------------
| epoch  21 |  1400/ 2104 batches | lr 0.12 | loss  3.70 | ppl    40.32
---------------------------------------------------------------------------------------
| epoch  21 |  1600/ 2104 batches | lr 0.12 | loss  3.69 | ppl    40.16
---------------------------------------------------------------------------------------
| epoch  21 |  1800/ 2104 batches | lr 0.12 | loss  3.72 | ppl    41.39
---------------------------------------------------------------------------------------
| epoch  21 |  2000/ 2104 batches | lr 0.12 | loss  3.70 | ppl    40.44
---------------------------------------------------------------------------------------
-----------------------------------------------------------------------------------------
| end of epoch  21 | time: 48.67s |valid ppl   110.20
-----------------------------------------------------------------------------------------
| epoch  22 |   200/ 2104 batches | lr 0.12 | loss  3.69 | ppl    40.15
---------------------------------------------------------------------------------------
| epoch  22 |   400/ 2104 batches | lr 0.12 | loss  3.68 | ppl    39.76
---------------------------------------------------------------------------------------
| epoch  22 |   600/ 2104 batches | lr 0.12 | loss  3.67 | ppl    39.37
---------------------------------------------------------------------------------------
| epoch  22 |   800/ 2104 batches | lr 0.12 | loss  3.68 | ppl    39.52
---------------------------------------------------------------------------------------
| epoch  22 |  1000/ 2104 batches | lr 0.12 | loss  3.69 | ppl    39.88
---------------------------------------------------------------------------------------
| epoch  22 |  1200/ 2104 batches | lr 0.12 | loss  3.68 | ppl    39.53
---------------------------------------------------------------------------------------
| epoch  22 |  1400/ 2104 batches | lr 0.12 | loss  3.69 | ppl    40.13
---------------------------------------------------------------------------------------
| epoch  22 |  1600/ 2104 batches | lr 0.12 | loss  3.70 | ppl    40.35
---------------------------------------------------------------------------------------
| epoch  22 |  1800/ 2104 batches | lr 0.12 | loss  3.70 | ppl    40.42
---------------------------------------------------------------------------------------
| epoch  22 |  2000/ 2104 batches | lr 0.12 | loss  3.71 | ppl    41.04
---------------------------------------------------------------------------------------
-----------------------------------------------------------------------------------------
| end of epoch  22 | time: 49.07s |valid ppl   110.04
-----------------------------------------------------------------------------------------
| epoch  23 |   200/ 2104 batches | lr 0.12 | loss  3.71 | ppl    40.86
---------------------------------------------------------------------------------------
| epoch  23 |   400/ 2104 batches | lr 0.12 | loss  3.67 | ppl    39.19
---------------------------------------------------------------------------------------
| epoch  23 |   600/ 2104 batches | lr 0.12 | loss  3.68 | ppl    39.64
---------------------------------------------------------------------------------------
| epoch  23 |   800/ 2104 batches | lr 0.12 | loss  3.67 | ppl    39.39
---------------------------------------------------------------------------------------
| epoch  23 |  1000/ 2104 batches | lr 0.12 | loss  3.68 | ppl    39.71
---------------------------------------------------------------------------------------
| epoch  23 |  1200/ 2104 batches | lr 0.12 | loss  3.68 | ppl    39.83
---------------------------------------------------------------------------------------
| epoch  23 |  1400/ 2104 batches | lr 0.12 | loss  3.69 | ppl    39.95
---------------------------------------------------------------------------------------
| epoch  23 |  1600/ 2104 batches | lr 0.12 | loss  3.70 | ppl    40.41
---------------------------------------------------------------------------------------
| epoch  23 |  1800/ 2104 batches | lr 0.12 | loss  3.69 | ppl    40.09
---------------------------------------------------------------------------------------
| epoch  23 |  2000/ 2104 batches | lr 0.12 | loss  3.71 | ppl    40.74
---------------------------------------------------------------------------------------
-----------------------------------------------------------------------------------------
| end of epoch  23 | time: 49.13s |valid ppl   109.92
-----------------------------------------------------------------------------------------
| epoch  24 |   200/ 2104 batches | lr 0.12 | loss  3.67 | ppl    39.07
---------------------------------------------------------------------------------------
| epoch  24 |   400/ 2104 batches | lr 0.12 | loss  3.67 | ppl    39.34
---------------------------------------------------------------------------------------
| epoch  24 |   600/ 2104 batches | lr 0.12 | loss  3.67 | ppl    39.08
---------------------------------------------------------------------------------------
| epoch  24 |   800/ 2104 batches | lr 0.12 | loss  3.68 | ppl    39.84
---------------------------------------------------------------------------------------
| epoch  24 |  1000/ 2104 batches | lr 0.12 | loss  3.69 | ppl    40.06
---------------------------------------------------------------------------------------
| epoch  24 |  1200/ 2104 batches | lr 0.12 | loss  3.69 | ppl    39.86
---------------------------------------------------------------------------------------
| epoch  24 |  1400/ 2104 batches | lr 0.12 | loss  3.69 | ppl    39.93
---------------------------------------------------------------------------------------
| epoch  24 |  1600/ 2104 batches | lr 0.12 | loss  3.69 | ppl    40.01
---------------------------------------------------------------------------------------
| epoch  24 |  1800/ 2104 batches | lr 0.12 | loss  3.69 | ppl    39.98
---------------------------------------------------------------------------------------
| epoch  24 |  2000/ 2104 batches | lr 0.12 | loss  3.70 | ppl    40.64
---------------------------------------------------------------------------------------
-----------------------------------------------------------------------------------------
| end of epoch  24 | time: 49.21s |valid ppl   109.91
-----------------------------------------------------------------------------------------
| epoch  25 |   200/ 2104 batches | lr 0.12 | loss  3.67 | ppl    39.31
---------------------------------------------------------------------------------------
| epoch  25 |   400/ 2104 batches | lr 0.12 | loss  3.67 | ppl    39.25
---------------------------------------------------------------------------------------
| epoch  25 |   600/ 2104 batches | lr 0.12 | loss  3.68 | ppl    39.56
---------------------------------------------------------------------------------------
| epoch  25 |   800/ 2104 batches | lr 0.12 | loss  3.66 | ppl    38.79
---------------------------------------------------------------------------------------
| epoch  25 |  1000/ 2104 batches | lr 0.12 | loss  3.68 | ppl    39.84
---------------------------------------------------------------------------------------
| epoch  25 |  1200/ 2104 batches | lr 0.12 | loss  3.69 | ppl    40.08
---------------------------------------------------------------------------------------
| epoch  25 |  1400/ 2104 batches | lr 0.12 | loss  3.70 | ppl    40.61
---------------------------------------------------------------------------------------
| epoch  25 |  1600/ 2104 batches | lr 0.12 | loss  3.69 | ppl    39.86
---------------------------------------------------------------------------------------
| epoch  25 |  1800/ 2104 batches | lr 0.12 | loss  3.68 | ppl    39.81
---------------------------------------------------------------------------------------
| epoch  25 |  2000/ 2104 batches | lr 0.12 | loss  3.70 | ppl    40.65
---------------------------------------------------------------------------------------
-----------------------------------------------------------------------------------------
| end of epoch  25 | time: 49.00s |valid ppl   110.06
-----------------------------------------------------------------------------------------
| epoch  26 |   200/ 2104 batches | lr 0.06 | loss  3.67 | ppl    39.30
---------------------------------------------------------------------------------------
| epoch  26 |   400/ 2104 batches | lr 0.06 | loss  3.65 | ppl    38.44
---------------------------------------------------------------------------------------
| epoch  26 |   600/ 2104 batches | lr 0.06 | loss  3.67 | ppl    39.22
---------------------------------------------------------------------------------------
| epoch  26 |   800/ 2104 batches | lr 0.06 | loss  3.67 | ppl    39.16
---------------------------------------------------------------------------------------
| epoch  26 |  1000/ 2104 batches | lr 0.06 | loss  3.67 | ppl    39.15
---------------------------------------------------------------------------------------
| epoch  26 |  1200/ 2104 batches | lr 0.06 | loss  3.67 | ppl    39.13
---------------------------------------------------------------------------------------
| epoch  26 |  1400/ 2104 batches | lr 0.06 | loss  3.66 | ppl    38.72
---------------------------------------------------------------------------------------
| epoch  26 |  1600/ 2104 batches | lr 0.06 | loss  3.67 | ppl    39.39
---------------------------------------------------------------------------------------
| epoch  26 |  1800/ 2104 batches | lr 0.06 | loss  3.65 | ppl    38.61
---------------------------------------------------------------------------------------
| epoch  26 |  2000/ 2104 batches | lr 0.06 | loss  3.67 | ppl    39.10
---------------------------------------------------------------------------------------
-----------------------------------------------------------------------------------------
| end of epoch  26 | time: 48.81s |valid ppl   108.84
-----------------------------------------------------------------------------------------
| epoch  27 |   200/ 2104 batches | lr 0.06 | loss  3.66 | ppl    39.02
---------------------------------------------------------------------------------------
| epoch  27 |   400/ 2104 batches | lr 0.06 | loss  3.65 | ppl    38.49
---------------------------------------------------------------------------------------
| epoch  27 |   600/ 2104 batches | lr 0.06 | loss  3.64 | ppl    38.12
---------------------------------------------------------------------------------------
| epoch  27 |   800/ 2104 batches | lr 0.06 | loss  3.66 | ppl    38.90
---------------------------------------------------------------------------------------
| epoch  27 |  1000/ 2104 batches | lr 0.06 | loss  3.67 | ppl    39.28
---------------------------------------------------------------------------------------
| epoch  27 |  1200/ 2104 batches | lr 0.06 | loss  3.66 | ppl    38.71
---------------------------------------------------------------------------------------
| epoch  27 |  1400/ 2104 batches | lr 0.06 | loss  3.66 | ppl    38.76
---------------------------------------------------------------------------------------
| epoch  27 |  1600/ 2104 batches | lr 0.06 | loss  3.67 | ppl    39.14
---------------------------------------------------------------------------------------
| epoch  27 |  1800/ 2104 batches | lr 0.06 | loss  3.65 | ppl    38.54
---------------------------------------------------------------------------------------
| epoch  27 |  2000/ 2104 batches | lr 0.06 | loss  3.67 | ppl    39.44
---------------------------------------------------------------------------------------
-----------------------------------------------------------------------------------------
| end of epoch  27 | time: 48.67s |valid ppl   109.31
-----------------------------------------------------------------------------------------
| epoch  28 |   200/ 2104 batches | lr 0.03 | loss  3.65 | ppl    38.66
---------------------------------------------------------------------------------------
| epoch  28 |   400/ 2104 batches | lr 0.03 | loss  3.64 | ppl    38.07
---------------------------------------------------------------------------------------
| epoch  28 |   600/ 2104 batches | lr 0.03 | loss  3.65 | ppl    38.41
---------------------------------------------------------------------------------------
| epoch  28 |   800/ 2104 batches | lr 0.03 | loss  3.63 | ppl    37.81
---------------------------------------------------------------------------------------
| epoch  28 |  1000/ 2104 batches | lr 0.03 | loss  3.64 | ppl    38.13
---------------------------------------------------------------------------------------
| epoch  28 |  1200/ 2104 batches | lr 0.03 | loss  3.67 | ppl    39.12
---------------------------------------------------------------------------------------
| epoch  28 |  1400/ 2104 batches | lr 0.03 | loss  3.64 | ppl    38.04
---------------------------------------------------------------------------------------
| epoch  28 |  1600/ 2104 batches | lr 0.03 | loss  3.65 | ppl    38.54
---------------------------------------------------------------------------------------
| epoch  28 |  1800/ 2104 batches | lr 0.03 | loss  3.66 | ppl    38.96
---------------------------------------------------------------------------------------
| epoch  28 |  2000/ 2104 batches | lr 0.03 | loss  3.65 | ppl    38.43
---------------------------------------------------------------------------------------
-----------------------------------------------------------------------------------------
| end of epoch  28 | time: 48.98s |valid ppl   108.57
-----------------------------------------------------------------------------------------
| epoch  29 |   200/ 2104 batches | lr 0.03 | loss  3.66 | ppl    38.75
---------------------------------------------------------------------------------------
| epoch  29 |   400/ 2104 batches | lr 0.03 | loss  3.62 | ppl    37.26
---------------------------------------------------------------------------------------
| epoch  29 |   600/ 2104 batches | lr 0.03 | loss  3.65 | ppl    38.31
---------------------------------------------------------------------------------------
| epoch  29 |   800/ 2104 batches | lr 0.03 | loss  3.64 | ppl    38.17
---------------------------------------------------------------------------------------
| epoch  29 |  1000/ 2104 batches | lr 0.03 | loss  3.65 | ppl    38.34
---------------------------------------------------------------------------------------
| epoch  29 |  1200/ 2104 batches | lr 0.03 | loss  3.65 | ppl    38.28
---------------------------------------------------------------------------------------
| epoch  29 |  1400/ 2104 batches | lr 0.03 | loss  3.66 | ppl    38.75
---------------------------------------------------------------------------------------
| epoch  29 |  1600/ 2104 batches | lr 0.03 | loss  3.63 | ppl    37.65
---------------------------------------------------------------------------------------
| epoch  29 |  1800/ 2104 batches | lr 0.03 | loss  3.67 | ppl    39.42
---------------------------------------------------------------------------------------
| epoch  29 |  2000/ 2104 batches | lr 0.03 | loss  3.65 | ppl    38.45
---------------------------------------------------------------------------------------
-----------------------------------------------------------------------------------------
| end of epoch  29 | time: 49.45s |valid ppl   108.57
-----------------------------------------------------------------------------------------
| epoch  30 |   200/ 2104 batches | lr 0.03 | loss  3.65 | ppl    38.57
---------------------------------------------------------------------------------------
| epoch  30 |   400/ 2104 batches | lr 0.03 | loss  3.64 | ppl    38.21
---------------------------------------------------------------------------------------
| epoch  30 |   600/ 2104 batches | lr 0.03 | loss  3.63 | ppl    37.67
---------------------------------------------------------------------------------------
| epoch  30 |   800/ 2104 batches | lr 0.03 | loss  3.64 | ppl    38.16
---------------------------------------------------------------------------------------
| epoch  30 |  1000/ 2104 batches | lr 0.03 | loss  3.66 | ppl    38.78
---------------------------------------------------------------------------------------
| epoch  30 |  1200/ 2104 batches | lr 0.03 | loss  3.64 | ppl    38.07
---------------------------------------------------------------------------------------
| epoch  30 |  1400/ 2104 batches | lr 0.03 | loss  3.64 | ppl    38.09
---------------------------------------------------------------------------------------
| epoch  30 |  1600/ 2104 batches | lr 0.03 | loss  3.66 | ppl    38.82
---------------------------------------------------------------------------------------
| epoch  30 |  1800/ 2104 batches | lr 0.03 | loss  3.65 | ppl    38.51
---------------------------------------------------------------------------------------
| epoch  30 |  2000/ 2104 batches | lr 0.03 | loss  3.65 | ppl    38.32
---------------------------------------------------------------------------------------
-----------------------------------------------------------------------------------------
| end of epoch  30 | time: 49.22s |valid ppl   108.45
-----------------------------------------------------------------------------------------
| epoch  31 |   200/ 2104 batches | lr 0.03 | loss  3.64 | ppl    38.09
---------------------------------------------------------------------------------------
| epoch  31 |   400/ 2104 batches | lr 0.03 | loss  3.65 | ppl    38.41
---------------------------------------------------------------------------------------
| epoch  31 |   600/ 2104 batches | lr 0.03 | loss  3.66 | ppl    38.76
---------------------------------------------------------------------------------------
| epoch  31 |   800/ 2104 batches | lr 0.03 | loss  3.64 | ppl    38.18
---------------------------------------------------------------------------------------
| epoch  31 |  1000/ 2104 batches | lr 0.03 | loss  3.64 | ppl    38.00
---------------------------------------------------------------------------------------
| epoch  31 |  1200/ 2104 batches | lr 0.03 | loss  3.63 | ppl    37.86
---------------------------------------------------------------------------------------
| epoch  31 |  1400/ 2104 batches | lr 0.03 | loss  3.65 | ppl    38.54
---------------------------------------------------------------------------------------
| epoch  31 |  1600/ 2104 batches | lr 0.03 | loss  3.64 | ppl    38.14
---------------------------------------------------------------------------------------
| epoch  31 |  1800/ 2104 batches | lr 0.03 | loss  3.65 | ppl    38.43
---------------------------------------------------------------------------------------
| epoch  31 |  2000/ 2104 batches | lr 0.03 | loss  3.64 | ppl    38.15
---------------------------------------------------------------------------------------
-----------------------------------------------------------------------------------------
| end of epoch  31 | time: 49.09s |valid ppl   108.46
-----------------------------------------------------------------------------------------
| epoch  32 |   200/ 2104 batches | lr 0.02 | loss  3.66 | ppl    38.73
---------------------------------------------------------------------------------------
| epoch  32 |   400/ 2104 batches | lr 0.02 | loss  3.62 | ppl    37.40
---------------------------------------------------------------------------------------
| epoch  32 |   600/ 2104 batches | lr 0.02 | loss  3.64 | ppl    38.18
---------------------------------------------------------------------------------------
| epoch  32 |   800/ 2104 batches | lr 0.02 | loss  3.63 | ppl    37.66
---------------------------------------------------------------------------------------
| epoch  32 |  1000/ 2104 batches | lr 0.02 | loss  3.64 | ppl    38.22
---------------------------------------------------------------------------------------
| epoch  32 |  1200/ 2104 batches | lr 0.02 | loss  3.62 | ppl    37.47
---------------------------------------------------------------------------------------
| epoch  32 |  1400/ 2104 batches | lr 0.02 | loss  3.64 | ppl    38.09
---------------------------------------------------------------------------------------
| epoch  32 |  1600/ 2104 batches | lr 0.02 | loss  3.64 | ppl    38.10
---------------------------------------------------------------------------------------
| epoch  32 |  1800/ 2104 batches | lr 0.02 | loss  3.64 | ppl    38.04
---------------------------------------------------------------------------------------
| epoch  32 |  2000/ 2104 batches | lr 0.02 | loss  3.63 | ppl    37.69
---------------------------------------------------------------------------------------
-----------------------------------------------------------------------------------------
| end of epoch  32 | time: 48.92s |valid ppl   108.54
-----------------------------------------------------------------------------------------
| epoch  33 |   200/ 2104 batches | lr 0.01 | loss  3.64 | ppl    38.18
---------------------------------------------------------------------------------------
| epoch  33 |   400/ 2104 batches | lr 0.01 | loss  3.62 | ppl    37.17
---------------------------------------------------------------------------------------
| epoch  33 |   600/ 2104 batches | lr 0.01 | loss  3.63 | ppl    37.69
---------------------------------------------------------------------------------------
| epoch  33 |   800/ 2104 batches | lr 0.01 | loss  3.65 | ppl    38.29
---------------------------------------------------------------------------------------
| epoch  33 |  1000/ 2104 batches | lr 0.01 | loss  3.64 | ppl    37.94
---------------------------------------------------------------------------------------
| epoch  33 |  1200/ 2104 batches | lr 0.01 | loss  3.65 | ppl    38.31
---------------------------------------------------------------------------------------
| epoch  33 |  1400/ 2104 batches | lr 0.01 | loss  3.63 | ppl    37.71
---------------------------------------------------------------------------------------
| epoch  33 |  1600/ 2104 batches | lr 0.01 | loss  3.64 | ppl    38.15
---------------------------------------------------------------------------------------
| epoch  33 |  1800/ 2104 batches | lr 0.01 | loss  3.63 | ppl    37.71
---------------------------------------------------------------------------------------
| epoch  33 |  2000/ 2104 batches | lr 0.01 | loss  3.63 | ppl    37.79
---------------------------------------------------------------------------------------
-----------------------------------------------------------------------------------------
| end of epoch  33 | time: 48.98s |valid ppl   108.34
-----------------------------------------------------------------------------------------
| epoch  34 |   200/ 2104 batches | lr 0.01 | loss  3.64 | ppl    38.04
---------------------------------------------------------------------------------------
| epoch  34 |   400/ 2104 batches | lr 0.01 | loss  3.61 | ppl    36.99
---------------------------------------------------------------------------------------
| epoch  34 |   600/ 2104 batches | lr 0.01 | loss  3.65 | ppl    38.55
---------------------------------------------------------------------------------------
| epoch  34 |   800/ 2104 batches | lr 0.01 | loss  3.64 | ppl    38.27
---------------------------------------------------------------------------------------
| epoch  34 |  1000/ 2104 batches | lr 0.01 | loss  3.63 | ppl    37.86
---------------------------------------------------------------------------------------
| epoch  34 |  1200/ 2104 batches | lr 0.01 | loss  3.62 | ppl    37.45
---------------------------------------------------------------------------------------
| epoch  34 |  1400/ 2104 batches | lr 0.01 | loss  3.64 | ppl    38.05
---------------------------------------------------------------------------------------
| epoch  34 |  1600/ 2104 batches | lr 0.01 | loss  3.64 | ppl    38.08
---------------------------------------------------------------------------------------
| epoch  34 |  1800/ 2104 batches | lr 0.01 | loss  3.63 | ppl    37.86
---------------------------------------------------------------------------------------
| epoch  34 |  2000/ 2104 batches | lr 0.01 | loss  3.63 | ppl    37.66
---------------------------------------------------------------------------------------
-----------------------------------------------------------------------------------------
| end of epoch  34 | time: 48.94s |valid ppl   108.29
-----------------------------------------------------------------------------------------
| epoch  35 |   200/ 2104 batches | lr 0.01 | loss  3.65 | ppl    38.30
---------------------------------------------------------------------------------------
| epoch  35 |   400/ 2104 batches | lr 0.01 | loss  3.63 | ppl    37.76
---------------------------------------------------------------------------------------
| epoch  35 |   600/ 2104 batches | lr 0.01 | loss  3.62 | ppl    37.46
---------------------------------------------------------------------------------------
| epoch  35 |   800/ 2104 batches | lr 0.01 | loss  3.63 | ppl    37.63
---------------------------------------------------------------------------------------
| epoch  35 |  1000/ 2104 batches | lr 0.01 | loss  3.63 | ppl    37.65
---------------------------------------------------------------------------------------
| epoch  35 |  1200/ 2104 batches | lr 0.01 | loss  3.64 | ppl    38.05
---------------------------------------------------------------------------------------
| epoch  35 |  1400/ 2104 batches | lr 0.01 | loss  3.64 | ppl    37.94
---------------------------------------------------------------------------------------
| epoch  35 |  1600/ 2104 batches | lr 0.01 | loss  3.64 | ppl    38.28
---------------------------------------------------------------------------------------
| epoch  35 |  1800/ 2104 batches | lr 0.01 | loss  3.64 | ppl    38.08
---------------------------------------------------------------------------------------
| epoch  35 |  2000/ 2104 batches | lr 0.01 | loss  3.65 | ppl    38.45
---------------------------------------------------------------------------------------
-----------------------------------------------------------------------------------------
| end of epoch  35 | time: 48.95s |valid ppl   108.26
-----------------------------------------------------------------------------------------
| epoch  36 |   200/ 2104 batches | lr 0.01 | loss  3.65 | ppl    38.49
---------------------------------------------------------------------------------------
| epoch  36 |   400/ 2104 batches | lr 0.01 | loss  3.64 | ppl    37.93
---------------------------------------------------------------------------------------
| epoch  36 |   600/ 2104 batches | lr 0.01 | loss  3.63 | ppl    37.68
---------------------------------------------------------------------------------------
| epoch  36 |   800/ 2104 batches | lr 0.01 | loss  3.64 | ppl    37.96
---------------------------------------------------------------------------------------
| epoch  36 |  1000/ 2104 batches | lr 0.01 | loss  3.63 | ppl    37.90
---------------------------------------------------------------------------------------
| epoch  36 |  1200/ 2104 batches | lr 0.01 | loss  3.64 | ppl    38.15
---------------------------------------------------------------------------------------
| epoch  36 |  1400/ 2104 batches | lr 0.01 | loss  3.63 | ppl    37.68
---------------------------------------------------------------------------------------
| epoch  36 |  1600/ 2104 batches | lr 0.01 | loss  3.63 | ppl    37.83
---------------------------------------------------------------------------------------
| epoch  36 |  1800/ 2104 batches | lr 0.01 | loss  3.63 | ppl    37.67
---------------------------------------------------------------------------------------
| epoch  36 |  2000/ 2104 batches | lr 0.01 | loss  3.63 | ppl    37.72
---------------------------------------------------------------------------------------
-----------------------------------------------------------------------------------------
| end of epoch  36 | time: 47.71s |valid ppl   108.34
-----------------------------------------------------------------------------------------
| epoch  37 |   200/ 2104 batches | lr 0.00 | loss  3.63 | ppl    37.88
---------------------------------------------------------------------------------------
| epoch  37 |   400/ 2104 batches | lr 0.00 | loss  3.65 | ppl    38.54
---------------------------------------------------------------------------------------
| epoch  37 |   600/ 2104 batches | lr 0.00 | loss  3.65 | ppl    38.45
---------------------------------------------------------------------------------------
| epoch  37 |   800/ 2104 batches | lr 0.00 | loss  3.64 | ppl    37.94
---------------------------------------------------------------------------------------
| epoch  37 |  1000/ 2104 batches | lr 0.00 | loss  3.62 | ppl    37.41
---------------------------------------------------------------------------------------
| epoch  37 |  1200/ 2104 batches | lr 0.00 | loss  3.62 | ppl    37.22
---------------------------------------------------------------------------------------
| epoch  37 |  1400/ 2104 batches | lr 0.00 | loss  3.63 | ppl    37.64
---------------------------------------------------------------------------------------
| epoch  37 |  1600/ 2104 batches | lr 0.00 | loss  3.63 | ppl    37.65
---------------------------------------------------------------------------------------
| epoch  37 |  1800/ 2104 batches | lr 0.00 | loss  3.64 | ppl    37.96
---------------------------------------------------------------------------------------
| epoch  37 |  2000/ 2104 batches | lr 0.00 | loss  3.63 | ppl    37.85
---------------------------------------------------------------------------------------
-----------------------------------------------------------------------------------------
| end of epoch  37 | time: 48.76s |valid ppl   108.31
-----------------------------------------------------------------------------------------
| epoch  38 |   200/ 2104 batches | lr 0.00 | loss  3.64 | ppl    38.13
---------------------------------------------------------------------------------------
| epoch  38 |   400/ 2104 batches | lr 0.00 | loss  3.63 | ppl    37.83
---------------------------------------------------------------------------------------
| epoch  38 |   600/ 2104 batches | lr 0.00 | loss  3.64 | ppl    38.11
---------------------------------------------------------------------------------------
| epoch  38 |   800/ 2104 batches | lr 0.00 | loss  3.62 | ppl    37.42
---------------------------------------------------------------------------------------
| epoch  38 |  1000/ 2104 batches | lr 0.00 | loss  3.63 | ppl    37.81
---------------------------------------------------------------------------------------
| epoch  38 |  1200/ 2104 batches | lr 0.00 | loss  3.64 | ppl    38.10
---------------------------------------------------------------------------------------
| epoch  38 |  1400/ 2104 batches | lr 0.00 | loss  3.63 | ppl    37.70
---------------------------------------------------------------------------------------
| epoch  38 |  1600/ 2104 batches | lr 0.00 | loss  3.64 | ppl    38.09
---------------------------------------------------------------------------------------
| epoch  38 |  1800/ 2104 batches | lr 0.00 | loss  3.62 | ppl    37.37
---------------------------------------------------------------------------------------
| epoch  38 |  2000/ 2104 batches | lr 0.00 | loss  3.62 | ppl    37.39
---------------------------------------------------------------------------------------
-----------------------------------------------------------------------------------------
| end of epoch  38 | time: 49.08s |valid ppl   108.29
-----------------------------------------------------------------------------------------
| epoch  39 |   200/ 2104 batches | lr 0.00 | loss  3.65 | ppl    38.39
---------------------------------------------------------------------------------------
| epoch  39 |   400/ 2104 batches | lr 0.00 | loss  3.65 | ppl    38.40
---------------------------------------------------------------------------------------
| epoch  39 |   600/ 2104 batches | lr 0.00 | loss  3.61 | ppl    37.12
---------------------------------------------------------------------------------------
| epoch  39 |   800/ 2104 batches | lr 0.00 | loss  3.62 | ppl    37.48
---------------------------------------------------------------------------------------
| epoch  39 |  1000/ 2104 batches | lr 0.00 | loss  3.64 | ppl    38.19
---------------------------------------------------------------------------------------
| epoch  39 |  1200/ 2104 batches | lr 0.00 | loss  3.63 | ppl    37.76
---------------------------------------------------------------------------------------
| epoch  39 |  1400/ 2104 batches | lr 0.00 | loss  3.63 | ppl    37.59
---------------------------------------------------------------------------------------
| epoch  39 |  1600/ 2104 batches | lr 0.00 | loss  3.63 | ppl    37.53
---------------------------------------------------------------------------------------
| epoch  39 |  1800/ 2104 batches | lr 0.00 | loss  3.63 | ppl    37.83
---------------------------------------------------------------------------------------
| epoch  39 |  2000/ 2104 batches | lr 0.00 | loss  3.62 | ppl    37.51
---------------------------------------------------------------------------------------
-----------------------------------------------------------------------------------------
| end of epoch  39 | time: 49.14s |valid ppl   108.28
-----------------------------------------------------------------------------------------
| epoch  40 |   200/ 2104 batches | lr 0.00 | loss  3.65 | ppl    38.42
---------------------------------------------------------------------------------------
| epoch  40 |   400/ 2104 batches | lr 0.00 | loss  3.63 | ppl    37.69
---------------------------------------------------------------------------------------
| epoch  40 |   600/ 2104 batches | lr 0.00 | loss  3.62 | ppl    37.25
---------------------------------------------------------------------------------------
| epoch  40 |   800/ 2104 batches | lr 0.00 | loss  3.63 | ppl    37.57
---------------------------------------------------------------------------------------
| epoch  40 |  1000/ 2104 batches | lr 0.00 | loss  3.63 | ppl    37.72
---------------------------------------------------------------------------------------
| epoch  40 |  1200/ 2104 batches | lr 0.00 | loss  3.63 | ppl    37.63
---------------------------------------------------------------------------------------
| epoch  40 |  1400/ 2104 batches | lr 0.00 | loss  3.63 | ppl    37.67
---------------------------------------------------------------------------------------
| epoch  40 |  1600/ 2104 batches | lr 0.00 | loss  3.64 | ppl    38.16
---------------------------------------------------------------------------------------
| epoch  40 |  1800/ 2104 batches | lr 0.00 | loss  3.64 | ppl    37.99
---------------------------------------------------------------------------------------
| epoch  40 |  2000/ 2104 batches | lr 0.00 | loss  3.63 | ppl    37.52
---------------------------------------------------------------------------------------
-----------------------------------------------------------------------------------------
| end of epoch  40 | time: 48.97s |valid ppl   108.29
-----------------------------------------------------------------------------------------
=========================================================================================
| End of training | test ppl   105.22
=
